[2020-11-01T12:33:54.762] [INFO] http - ::1 - - "OPTIONS /user/profileInfo?token=eyJhbGciOiJIUzI1NiIsInR5cCI6IkpXVCJ9.eyJpZCI6NDksInVzZXJOYW1lIjoiMUAxLmNvbSIsImlhdCI6MTYwNDExODAzNiwiZXhwIjoxNjA0MjA0NDM2fQ.CLqwruZanW9Iyqx4n3elQYeVyxl7JhVG5oHWVFoSNaE&loginType=normal HTTP/1.1" 200 8 "" "Mozilla/5.0 (Macintosh; Intel Mac OS X 10_15_7) AppleWebKit/537.36 (KHTML, like Gecko) Chrome/86.0.4240.111 Safari/537.36"
[2020-11-01T12:33:54.796] [INFO] http - ::1 - - "GET /user/profileInfo?token=eyJhbGciOiJIUzI1NiIsInR5cCI6IkpXVCJ9.eyJpZCI6NDksInVzZXJOYW1lIjoiMUAxLmNvbSIsImlhdCI6MTYwNDExODAzNiwiZXhwIjoxNjA0MjA0NDM2fQ.CLqwruZanW9Iyqx4n3elQYeVyxl7JhVG5oHWVFoSNaE&loginType=normal HTTP/1.1" 200 776 "" "Mozilla/5.0 (Macintosh; Intel Mac OS X 10_15_7) AppleWebKit/537.36 (KHTML, like Gecko) Chrome/86.0.4240.111 Safari/537.36"
[2020-11-01T12:33:54.830] [INFO] http - ::1 - - "OPTIONS /information/publicList HTTP/1.1" 200 8 "" "Mozilla/5.0 (Macintosh; Intel Mac OS X 10_15_7) AppleWebKit/537.36 (KHTML, like Gecko) Chrome/86.0.4240.111 Safari/537.36"
[2020-11-01T12:33:54.831] [INFO] http - ::1 - - "OPTIONS /blog/bloglist HTTP/1.1" 200 8 "" "Mozilla/5.0 (Macintosh; Intel Mac OS X 10_15_7) AppleWebKit/537.36 (KHTML, like Gecko) Chrome/86.0.4240.111 Safari/537.36"
[2020-11-01T12:33:54.848] [INFO] http - ::1 - - "GET /information/publicList HTTP/1.1" 200 44 "" "Mozilla/5.0 (Macintosh; Intel Mac OS X 10_15_7) AppleWebKit/537.36 (KHTML, like Gecko) Chrome/86.0.4240.111 Safari/537.36"
[2020-11-01T12:33:54.849] [INFO] http - ::1 - - "GET /blog/bloglist HTTP/1.1" 200 1545 "" "Mozilla/5.0 (Macintosh; Intel Mac OS X 10_15_7) AppleWebKit/537.36 (KHTML, like Gecko) Chrome/86.0.4240.111 Safari/537.36"
[2020-11-01T12:35:53.076] [INFO] http - ::1 - - "OPTIONS /user/profileInfo?token=eyJhbGciOiJIUzI1NiIsInR5cCI6IkpXVCJ9.eyJpZCI6NDksInVzZXJOYW1lIjoiMUAxLmNvbSIsImlhdCI6MTYwNDExODAzNiwiZXhwIjoxNjA0MjA0NDM2fQ.CLqwruZanW9Iyqx4n3elQYeVyxl7JhVG5oHWVFoSNaE&loginType=normal HTTP/1.1" 200 8 "" "Mozilla/5.0 (Macintosh; Intel Mac OS X 10_15_7) AppleWebKit/537.36 (KHTML, like Gecko) Chrome/86.0.4240.111 Safari/537.36"
[2020-11-01T12:35:53.096] [WARN] http - ::1 - - "GET /user/profileInfo?token=eyJhbGciOiJIUzI1NiIsInR5cCI6IkpXVCJ9.eyJpZCI6NDksInVzZXJOYW1lIjoiMUAxLmNvbSIsImlhdCI6MTYwNDExODAzNiwiZXhwIjoxNjA0MjA0NDM2fQ.CLqwruZanW9Iyqx4n3elQYeVyxl7JhVG5oHWVFoSNaE&loginType=normal HTTP/1.1" 304 - "" "Mozilla/5.0 (Macintosh; Intel Mac OS X 10_15_7) AppleWebKit/537.36 (KHTML, like Gecko) Chrome/86.0.4240.111 Safari/537.36"
[2020-11-01T12:35:53.139] [INFO] http - ::1 - - "OPTIONS /information/publicList HTTP/1.1" 200 8 "" "Mozilla/5.0 (Macintosh; Intel Mac OS X 10_15_7) AppleWebKit/537.36 (KHTML, like Gecko) Chrome/86.0.4240.111 Safari/537.36"
[2020-11-01T12:35:53.140] [INFO] http - ::1 - - "OPTIONS /blog/bloglist HTTP/1.1" 200 8 "" "Mozilla/5.0 (Macintosh; Intel Mac OS X 10_15_7) AppleWebKit/537.36 (KHTML, like Gecko) Chrome/86.0.4240.111 Safari/537.36"
[2020-11-01T12:35:53.149] [WARN] http - ::1 - - "GET /information/publicList HTTP/1.1" 304 - "" "Mozilla/5.0 (Macintosh; Intel Mac OS X 10_15_7) AppleWebKit/537.36 (KHTML, like Gecko) Chrome/86.0.4240.111 Safari/537.36"
[2020-11-01T12:35:53.154] [WARN] http - ::1 - - "GET /blog/bloglist HTTP/1.1" 304 - "" "Mozilla/5.0 (Macintosh; Intel Mac OS X 10_15_7) AppleWebKit/537.36 (KHTML, like Gecko) Chrome/86.0.4240.111 Safari/537.36"
[2020-11-01T12:35:55.463] [WARN] http - ::1 - - "GET /user/profileInfo?token=eyJhbGciOiJIUzI1NiIsInR5cCI6IkpXVCJ9.eyJpZCI6NDksInVzZXJOYW1lIjoiMUAxLmNvbSIsImlhdCI6MTYwNDExODAzNiwiZXhwIjoxNjA0MjA0NDM2fQ.CLqwruZanW9Iyqx4n3elQYeVyxl7JhVG5oHWVFoSNaE&loginType=normal HTTP/1.1" 304 - "" "Mozilla/5.0 (Macintosh; Intel Mac OS X 10_15_7) AppleWebKit/537.36 (KHTML, like Gecko) Chrome/86.0.4240.111 Safari/537.36"
[2020-11-01T12:35:57.814] [INFO] http - ::1 - - "OPTIONS /user/logout HTTP/1.1" 200 4 "" "Mozilla/5.0 (Macintosh; Intel Mac OS X 10_15_7) AppleWebKit/537.36 (KHTML, like Gecko) Chrome/86.0.4240.111 Safari/537.36"
[2020-11-01T12:35:57.816] [INFO] http - ::1 - - "POST /user/logout HTTP/1.1" 200 32 "" "Mozilla/5.0 (Macintosh; Intel Mac OS X 10_15_7) AppleWebKit/537.36 (KHTML, like Gecko) Chrome/86.0.4240.111 Safari/537.36"
[2020-11-01T12:35:57.861] [WARN] http - ::1 - - "GET /information/publicList HTTP/1.1" 304 - "" "Mozilla/5.0 (Macintosh; Intel Mac OS X 10_15_7) AppleWebKit/537.36 (KHTML, like Gecko) Chrome/86.0.4240.111 Safari/537.36"
[2020-11-01T12:35:57.866] [WARN] http - ::1 - - "GET /blog/bloglist HTTP/1.1" 304 - "" "Mozilla/5.0 (Macintosh; Intel Mac OS X 10_15_7) AppleWebKit/537.36 (KHTML, like Gecko) Chrome/86.0.4240.111 Safari/537.36"
[2020-11-01T12:36:04.473] [INFO] http - ::1 - - "OPTIONS /user/login HTTP/1.1" 200 4 "" "Mozilla/5.0 (Macintosh; Intel Mac OS X 10_15_7) AppleWebKit/537.36 (KHTML, like Gecko) Chrome/86.0.4240.111 Safari/537.36"
[2020-11-01T12:36:04.573] [INFO] http - ::1 - - "POST /user/login HTTP/1.1" 200 498 "" "Mozilla/5.0 (Macintosh; Intel Mac OS X 10_15_7) AppleWebKit/537.36 (KHTML, like Gecko) Chrome/86.0.4240.111 Safari/537.36"
[2020-11-01T12:36:04.581] [INFO] http - ::1 - - "OPTIONS /user/profileInfo?token=eyJhbGciOiJIUzI1NiIsInR5cCI6IkpXVCJ9.eyJpZCI6NDksInVzZXJOYW1lIjoiMUAxLmNvbSIsImlhdCI6MTYwNDIwMTc2NCwiZXhwIjoxNjA0Mjg4MTY0fQ.Dla8a2gbD4xQiei9U4FxROQsTOdsMRuR_HhReItidWs&loginType=normal HTTP/1.1" 200 8 "" "Mozilla/5.0 (Macintosh; Intel Mac OS X 10_15_7) AppleWebKit/537.36 (KHTML, like Gecko) Chrome/86.0.4240.111 Safari/537.36"
[2020-11-01T12:36:04.586] [INFO] http - ::1 - - "GET /user/profileInfo?token=eyJhbGciOiJIUzI1NiIsInR5cCI6IkpXVCJ9.eyJpZCI6NDksInVzZXJOYW1lIjoiMUAxLmNvbSIsImlhdCI6MTYwNDIwMTc2NCwiZXhwIjoxNjA0Mjg4MTY0fQ.Dla8a2gbD4xQiei9U4FxROQsTOdsMRuR_HhReItidWs&loginType=normal HTTP/1.1" 200 776 "" "Mozilla/5.0 (Macintosh; Intel Mac OS X 10_15_7) AppleWebKit/537.36 (KHTML, like Gecko) Chrome/86.0.4240.111 Safari/537.36"
[2020-11-01T12:36:04.623] [INFO] http - ::1 - - "OPTIONS /information/publicList HTTP/1.1" 200 8 "" "Mozilla/5.0 (Macintosh; Intel Mac OS X 10_15_7) AppleWebKit/537.36 (KHTML, like Gecko) Chrome/86.0.4240.111 Safari/537.36"
[2020-11-01T12:36:04.624] [INFO] http - ::1 - - "OPTIONS /blog/bloglist HTTP/1.1" 200 8 "" "Mozilla/5.0 (Macintosh; Intel Mac OS X 10_15_7) AppleWebKit/537.36 (KHTML, like Gecko) Chrome/86.0.4240.111 Safari/537.36"
[2020-11-01T12:36:04.628] [WARN] http - ::1 - - "GET /information/publicList HTTP/1.1" 304 - "" "Mozilla/5.0 (Macintosh; Intel Mac OS X 10_15_7) AppleWebKit/537.36 (KHTML, like Gecko) Chrome/86.0.4240.111 Safari/537.36"
[2020-11-01T12:36:04.633] [WARN] http - ::1 - - "GET /blog/bloglist HTTP/1.1" 304 - "" "Mozilla/5.0 (Macintosh; Intel Mac OS X 10_15_7) AppleWebKit/537.36 (KHTML, like Gecko) Chrome/86.0.4240.111 Safari/537.36"
[2020-11-01T12:36:06.103] [WARN] http - ::1 - - "GET /user/profileInfo?token=eyJhbGciOiJIUzI1NiIsInR5cCI6IkpXVCJ9.eyJpZCI6NDksInVzZXJOYW1lIjoiMUAxLmNvbSIsImlhdCI6MTYwNDIwMTc2NCwiZXhwIjoxNjA0Mjg4MTY0fQ.Dla8a2gbD4xQiei9U4FxROQsTOdsMRuR_HhReItidWs&loginType=normal HTTP/1.1" 304 - "" "Mozilla/5.0 (Macintosh; Intel Mac OS X 10_15_7) AppleWebKit/537.36 (KHTML, like Gecko) Chrome/86.0.4240.111 Safari/537.36"
[2020-11-01T12:36:07.432] [INFO] http - ::1 - - "OPTIONS /action/queryAction HTTP/1.1" 200 8 "" "Mozilla/5.0 (Macintosh; Intel Mac OS X 10_15_7) AppleWebKit/537.36 (KHTML, like Gecko) Chrome/86.0.4240.111 Safari/537.36"
[2020-11-01T12:36:07.441] [INFO] http - ::1 - - "GET /action/queryAction HTTP/1.1" 200 5694 "" "Mozilla/5.0 (Macintosh; Intel Mac OS X 10_15_7) AppleWebKit/537.36 (KHTML, like Gecko) Chrome/86.0.4240.111 Safari/537.36"
[2020-11-01T12:36:43.507] [INFO] http - ::1 - - "OPTIONS /action/saveAction HTTP/1.1" 200 4 "" "Mozilla/5.0 (Macintosh; Intel Mac OS X 10_15_7) AppleWebKit/537.36 (KHTML, like Gecko) Chrome/86.0.4240.111 Safari/537.36"
[2020-11-01T12:36:43.518] [INFO] http - ::1 - - "POST /action/saveAction HTTP/1.1" 200 183 "" "Mozilla/5.0 (Macintosh; Intel Mac OS X 10_15_7) AppleWebKit/537.36 (KHTML, like Gecko) Chrome/86.0.4240.111 Safari/537.36"
[2020-11-01T12:36:43.524] [INFO] http - ::1 - - "OPTIONS /action/queryAction HTTP/1.1" 200 8 "" "Mozilla/5.0 (Macintosh; Intel Mac OS X 10_15_7) AppleWebKit/537.36 (KHTML, like Gecko) Chrome/86.0.4240.111 Safari/537.36"
[2020-11-01T12:36:43.530] [INFO] http - ::1 - - "GET /action/queryAction HTTP/1.1" 200 5869 "" "Mozilla/5.0 (Macintosh; Intel Mac OS X 10_15_7) AppleWebKit/537.36 (KHTML, like Gecko) Chrome/86.0.4240.111 Safari/537.36"
[2020-11-14T21:19:37.449] [INFO] http - ::1 - - "OPTIONS /user/profileInfo?token=eyJhbGciOiJIUzI1NiIsInR5cCI6IkpXVCJ9.eyJpZCI6NDksInVzZXJOYW1lIjoiMUAxLmNvbSIsImlhdCI6MTYwNTM0OTg2MiwiZXhwIjoxNjA1NDM2MjYyfQ.xBPyUVbJvbwXzE9ffbS-C3UeQe2an1NqRNe-lWcX7lc&loginType=normal HTTP/1.1" 200 8 "" "Mozilla/5.0 (Macintosh; Intel Mac OS X 10_15_7) AppleWebKit/537.36 (KHTML, like Gecko) Chrome/86.0.4240.111 Safari/537.36"
[2020-11-14T21:19:37.469] [WARN] http - ::1 - - "GET /user/profileInfo?token=eyJhbGciOiJIUzI1NiIsInR5cCI6IkpXVCJ9.eyJpZCI6NDksInVzZXJOYW1lIjoiMUAxLmNvbSIsImlhdCI6MTYwNTM0OTg2MiwiZXhwIjoxNjA1NDM2MjYyfQ.xBPyUVbJvbwXzE9ffbS-C3UeQe2an1NqRNe-lWcX7lc&loginType=normal HTTP/1.1" 304 - "" "Mozilla/5.0 (Macintosh; Intel Mac OS X 10_15_7) AppleWebKit/537.36 (KHTML, like Gecko) Chrome/86.0.4240.111 Safari/537.36"
[2020-11-14T21:19:40.238] [WARN] http - ::1 - - "GET /user/profileInfo?token=eyJhbGciOiJIUzI1NiIsInR5cCI6IkpXVCJ9.eyJpZCI6NDksInVzZXJOYW1lIjoiMUAxLmNvbSIsImlhdCI6MTYwNTM0OTg2MiwiZXhwIjoxNjA1NDM2MjYyfQ.xBPyUVbJvbwXzE9ffbS-C3UeQe2an1NqRNe-lWcX7lc&loginType=normal HTTP/1.1" 304 - "" "Mozilla/5.0 (Macintosh; Intel Mac OS X 10_15_7) AppleWebKit/537.36 (KHTML, like Gecko) Chrome/86.0.4240.111 Safari/537.36"
[2020-11-14T21:19:42.068] [INFO] http - ::1 - - "OPTIONS /information/publicList HTTP/1.1" 200 8 "" "Mozilla/5.0 (Macintosh; Intel Mac OS X 10_15_7) AppleWebKit/537.36 (KHTML, like Gecko) Chrome/86.0.4240.111 Safari/537.36"
[2020-11-14T21:19:42.070] [INFO] http - ::1 - - "OPTIONS /blog/bloglist HTTP/1.1" 200 8 "" "Mozilla/5.0 (Macintosh; Intel Mac OS X 10_15_7) AppleWebKit/537.36 (KHTML, like Gecko) Chrome/86.0.4240.111 Safari/537.36"
[2020-11-14T21:19:42.084] [WARN] http - ::1 - - "GET /blog/bloglist HTTP/1.1" 304 - "" "Mozilla/5.0 (Macintosh; Intel Mac OS X 10_15_7) AppleWebKit/537.36 (KHTML, like Gecko) Chrome/86.0.4240.111 Safari/537.36"
[2020-11-14T21:19:42.085] [WARN] http - ::1 - - "GET /information/publicList HTTP/1.1" 304 - "" "Mozilla/5.0 (Macintosh; Intel Mac OS X 10_15_7) AppleWebKit/537.36 (KHTML, like Gecko) Chrome/86.0.4240.111 Safari/537.36"
[2020-11-14T21:25:09.604] [INFO] http - ::1 - - "OPTIONS /user/logout HTTP/1.1" 200 4 "" "Mozilla/5.0 (Macintosh; Intel Mac OS X 10_15_7) AppleWebKit/537.36 (KHTML, like Gecko) Chrome/86.0.4240.111 Safari/537.36"
[2020-11-14T21:25:09.606] [INFO] http - ::1 - - "POST /user/logout HTTP/1.1" 200 32 "" "Mozilla/5.0 (Macintosh; Intel Mac OS X 10_15_7) AppleWebKit/537.36 (KHTML, like Gecko) Chrome/86.0.4240.111 Safari/537.36"
[2020-11-14T21:25:14.588] [INFO] http - ::1 - - "OPTIONS /blog/bloglist HTTP/1.1" 200 8 "" "Mozilla/5.0 (Macintosh; Intel Mac OS X 10_15_7) AppleWebKit/537.36 (KHTML, like Gecko) Chrome/86.0.4240.111 Safari/537.36"
[2020-11-14T21:25:14.603] [WARN] http - ::1 - - "GET /blog/bloglist HTTP/1.1" 304 - "" "Mozilla/5.0 (Macintosh; Intel Mac OS X 10_15_7) AppleWebKit/537.36 (KHTML, like Gecko) Chrome/86.0.4240.111 Safari/537.36"
[2020-11-14T21:25:21.313] [INFO] http - ::1 - - "OPTIONS /information/publicList HTTP/1.1" 200 8 "" "Mozilla/5.0 (Macintosh; Intel Mac OS X 10_15_7) AppleWebKit/537.36 (KHTML, like Gecko) Chrome/86.0.4240.111 Safari/537.36"
[2020-11-14T21:25:21.313] [INFO] http - ::1 - - "OPTIONS /blog/bloglist HTTP/1.1" 200 8 "" "Mozilla/5.0 (Macintosh; Intel Mac OS X 10_15_7) AppleWebKit/537.36 (KHTML, like Gecko) Chrome/86.0.4240.111 Safari/537.36"
[2020-11-14T21:25:21.319] [WARN] http - ::1 - - "GET /information/publicList HTTP/1.1" 304 - "" "Mozilla/5.0 (Macintosh; Intel Mac OS X 10_15_7) AppleWebKit/537.36 (KHTML, like Gecko) Chrome/86.0.4240.111 Safari/537.36"
[2020-11-14T21:25:21.324] [WARN] http - ::1 - - "GET /blog/bloglist HTTP/1.1" 304 - "" "Mozilla/5.0 (Macintosh; Intel Mac OS X 10_15_7) AppleWebKit/537.36 (KHTML, like Gecko) Chrome/86.0.4240.111 Safari/537.36"
[2020-11-14T21:25:23.064] [WARN] http - ::1 - - "GET /blog/bloglist HTTP/1.1" 304 - "" "Mozilla/5.0 (Macintosh; Intel Mac OS X 10_15_7) AppleWebKit/537.36 (KHTML, like Gecko) Chrome/86.0.4240.111 Safari/537.36"
[2020-11-14T21:25:34.651] [INFO] http - ::1 - - "OPTIONS /blog/bloglist HTTP/1.1" 200 8 "" "Mozilla/5.0 (Macintosh; Intel Mac OS X 10_15_7) AppleWebKit/537.36 (KHTML, like Gecko) Chrome/86.0.4240.111 Safari/537.36"
[2020-11-14T21:25:34.660] [WARN] http - ::1 - - "GET /blog/bloglist HTTP/1.1" 304 - "" "Mozilla/5.0 (Macintosh; Intel Mac OS X 10_15_7) AppleWebKit/537.36 (KHTML, like Gecko) Chrome/86.0.4240.111 Safari/537.36"
[2020-11-14T21:25:38.018] [INFO] http - ::1 - - "OPTIONS /information/publicList HTTP/1.1" 200 8 "" "Mozilla/5.0 (Macintosh; Intel Mac OS X 10_15_7) AppleWebKit/537.36 (KHTML, like Gecko) Chrome/86.0.4240.111 Safari/537.36"
[2020-11-14T21:25:38.032] [WARN] http - ::1 - - "GET /blog/bloglist HTTP/1.1" 304 - "" "Mozilla/5.0 (Macintosh; Intel Mac OS X 10_15_7) AppleWebKit/537.36 (KHTML, like Gecko) Chrome/86.0.4240.111 Safari/537.36"
[2020-11-14T21:25:38.034] [WARN] http - ::1 - - "GET /information/publicList HTTP/1.1" 304 - "" "Mozilla/5.0 (Macintosh; Intel Mac OS X 10_15_7) AppleWebKit/537.36 (KHTML, like Gecko) Chrome/86.0.4240.111 Safari/537.36"
[2020-11-14T21:26:00.852] [INFO] http - ::1 - - "OPTIONS /information/publicList HTTP/1.1" 200 8 "" "Mozilla/5.0 (Macintosh; Intel Mac OS X 10_15_7) AppleWebKit/537.36 (KHTML, like Gecko) Chrome/86.0.4240.111 Safari/537.36"
[2020-11-14T21:26:00.854] [INFO] http - ::1 - - "OPTIONS /blog/bloglist HTTP/1.1" 200 8 "" "Mozilla/5.0 (Macintosh; Intel Mac OS X 10_15_7) AppleWebKit/537.36 (KHTML, like Gecko) Chrome/86.0.4240.111 Safari/537.36"
[2020-11-14T21:26:00.863] [WARN] http - ::1 - - "GET /information/publicList HTTP/1.1" 304 - "" "Mozilla/5.0 (Macintosh; Intel Mac OS X 10_15_7) AppleWebKit/537.36 (KHTML, like Gecko) Chrome/86.0.4240.111 Safari/537.36"
[2020-11-14T21:26:00.866] [WARN] http - ::1 - - "GET /blog/bloglist HTTP/1.1" 304 - "" "Mozilla/5.0 (Macintosh; Intel Mac OS X 10_15_7) AppleWebKit/537.36 (KHTML, like Gecko) Chrome/86.0.4240.111 Safari/537.36"
[2020-11-14T21:26:03.476] [WARN] http - ::1 - - "GET /information/publicList HTTP/1.1" 304 - "" "Mozilla/5.0 (Macintosh; Intel Mac OS X 10_15_7) AppleWebKit/537.36 (KHTML, like Gecko) Chrome/86.0.4240.111 Safari/537.36"
[2020-11-14T21:26:03.480] [WARN] http - ::1 - - "GET /blog/bloglist HTTP/1.1" 304 - "" "Mozilla/5.0 (Macintosh; Intel Mac OS X 10_15_7) AppleWebKit/537.36 (KHTML, like Gecko) Chrome/86.0.4240.111 Safari/537.36"
[2020-11-14T21:41:50.474] [INFO] http - ::1 - - "OPTIONS /information/publicList HTTP/1.1" 200 8 "" "Mozilla/5.0 (Macintosh; Intel Mac OS X 10_15_7) AppleWebKit/537.36 (KHTML, like Gecko) Chrome/86.0.4240.111 Safari/537.36"
[2020-11-14T21:41:50.484] [INFO] http - ::1 - - "OPTIONS /blog/bloglist HTTP/1.1" 200 8 "" "Mozilla/5.0 (Macintosh; Intel Mac OS X 10_15_7) AppleWebKit/537.36 (KHTML, like Gecko) Chrome/86.0.4240.111 Safari/537.36"
[2020-11-14T21:41:50.494] [WARN] http - ::1 - - "GET /information/publicList HTTP/1.1" 304 - "" "Mozilla/5.0 (Macintosh; Intel Mac OS X 10_15_7) AppleWebKit/537.36 (KHTML, like Gecko) Chrome/86.0.4240.111 Safari/537.36"
[2020-11-14T21:41:50.499] [WARN] http - ::1 - - "GET /blog/bloglist HTTP/1.1" 304 - "" "Mozilla/5.0 (Macintosh; Intel Mac OS X 10_15_7) AppleWebKit/537.36 (KHTML, like Gecko) Chrome/86.0.4240.111 Safari/537.36"
[2020-11-14T21:42:05.780] [INFO] http - ::1 - - "OPTIONS /user/login HTTP/1.1" 200 4 "" "Mozilla/5.0 (Macintosh; Intel Mac OS X 10_15_7) AppleWebKit/537.36 (KHTML, like Gecko) Chrome/86.0.4240.111 Safari/537.36"
[2020-11-14T21:42:05.894] [INFO] http - ::1 - - "POST /user/login HTTP/1.1" 200 498 "" "Mozilla/5.0 (Macintosh; Intel Mac OS X 10_15_7) AppleWebKit/537.36 (KHTML, like Gecko) Chrome/86.0.4240.111 Safari/537.36"
[2020-11-14T21:42:05.903] [INFO] http - ::1 - - "OPTIONS /user/profileInfo?token=eyJhbGciOiJIUzI1NiIsInR5cCI6IkpXVCJ9.eyJpZCI6NDksInVzZXJOYW1lIjoiMUAxLmNvbSIsImlhdCI6MTYwNTM1NzcyNSwiZXhwIjoxNjA1NDQ0MTI1fQ.ZOtjV2ZGncqIuch7FMbwFf1HyfDV8T7x_G33wJ7tLLs&loginType=normal HTTP/1.1" 200 8 "" "Mozilla/5.0 (Macintosh; Intel Mac OS X 10_15_7) AppleWebKit/537.36 (KHTML, like Gecko) Chrome/86.0.4240.111 Safari/537.36"
[2020-11-14T21:42:05.910] [INFO] http - ::1 - - "GET /user/profileInfo?token=eyJhbGciOiJIUzI1NiIsInR5cCI6IkpXVCJ9.eyJpZCI6NDksInVzZXJOYW1lIjoiMUAxLmNvbSIsImlhdCI6MTYwNTM1NzcyNSwiZXhwIjoxNjA1NDQ0MTI1fQ.ZOtjV2ZGncqIuch7FMbwFf1HyfDV8T7x_G33wJ7tLLs&loginType=normal HTTP/1.1" 200 776 "" "Mozilla/5.0 (Macintosh; Intel Mac OS X 10_15_7) AppleWebKit/537.36 (KHTML, like Gecko) Chrome/86.0.4240.111 Safari/537.36"
[2020-11-14T21:42:05.961] [INFO] http - ::1 - - "OPTIONS /information/publicList HTTP/1.1" 200 8 "" "Mozilla/5.0 (Macintosh; Intel Mac OS X 10_15_7) AppleWebKit/537.36 (KHTML, like Gecko) Chrome/86.0.4240.111 Safari/537.36"
[2020-11-14T21:42:05.961] [INFO] http - ::1 - - "OPTIONS /blog/bloglist HTTP/1.1" 200 8 "" "Mozilla/5.0 (Macintosh; Intel Mac OS X 10_15_7) AppleWebKit/537.36 (KHTML, like Gecko) Chrome/86.0.4240.111 Safari/537.36"
[2020-11-14T21:42:05.966] [WARN] http - ::1 - - "GET /information/publicList HTTP/1.1" 304 - "" "Mozilla/5.0 (Macintosh; Intel Mac OS X 10_15_7) AppleWebKit/537.36 (KHTML, like Gecko) Chrome/86.0.4240.111 Safari/537.36"
[2020-11-14T21:42:05.971] [WARN] http - ::1 - - "GET /blog/bloglist HTTP/1.1" 304 - "" "Mozilla/5.0 (Macintosh; Intel Mac OS X 10_15_7) AppleWebKit/537.36 (KHTML, like Gecko) Chrome/86.0.4240.111 Safari/537.36"
[2020-11-14T21:42:12.972] [INFO] http - ::1 - - "OPTIONS /user/profileInfo?token=eyJhbGciOiJIUzI1NiIsInR5cCI6IkpXVCJ9.eyJpZCI6NDksInVzZXJOYW1lIjoiMUAxLmNvbSIsImlhdCI6MTYwNTM1NzcyNSwiZXhwIjoxNjA1NDQ0MTI1fQ.ZOtjV2ZGncqIuch7FMbwFf1HyfDV8T7x_G33wJ7tLLs&loginType=normal HTTP/1.1" 200 8 "" "Mozilla/5.0 (Macintosh; Intel Mac OS X 10_15_7) AppleWebKit/537.36 (KHTML, like Gecko) Chrome/86.0.4240.111 Safari/537.36"
[2020-11-14T21:42:12.979] [INFO] http - ::1 - - "GET /user/profileInfo?token=eyJhbGciOiJIUzI1NiIsInR5cCI6IkpXVCJ9.eyJpZCI6NDksInVzZXJOYW1lIjoiMUAxLmNvbSIsImlhdCI6MTYwNTM1NzcyNSwiZXhwIjoxNjA1NDQ0MTI1fQ.ZOtjV2ZGncqIuch7FMbwFf1HyfDV8T7x_G33wJ7tLLs&loginType=normal HTTP/1.1" 200 776 "" "Mozilla/5.0 (Macintosh; Intel Mac OS X 10_15_7) AppleWebKit/537.36 (KHTML, like Gecko) Chrome/86.0.4240.111 Safari/537.36"
[2020-11-14T21:42:13.036] [INFO] http - ::1 - - "OPTIONS /information/publicList HTTP/1.1" 200 8 "" "Mozilla/5.0 (Macintosh; Intel Mac OS X 10_15_7) AppleWebKit/537.36 (KHTML, like Gecko) Chrome/86.0.4240.111 Safari/537.36"
[2020-11-14T21:42:13.037] [INFO] http - ::1 - - "OPTIONS /blog/bloglist HTTP/1.1" 200 8 "" "Mozilla/5.0 (Macintosh; Intel Mac OS X 10_15_7) AppleWebKit/537.36 (KHTML, like Gecko) Chrome/86.0.4240.111 Safari/537.36"
[2020-11-14T21:42:13.047] [INFO] http - ::1 - - "GET /blog/bloglist HTTP/1.1" 200 1545 "" "Mozilla/5.0 (Macintosh; Intel Mac OS X 10_15_7) AppleWebKit/537.36 (KHTML, like Gecko) Chrome/86.0.4240.111 Safari/537.36"
[2020-11-14T21:42:13.047] [INFO] http - ::1 - - "GET /information/publicList HTTP/1.1" 200 44 "" "Mozilla/5.0 (Macintosh; Intel Mac OS X 10_15_7) AppleWebKit/537.36 (KHTML, like Gecko) Chrome/86.0.4240.111 Safari/537.36"
[2020-11-14T21:43:12.053] [INFO] http - ::1 - - "OPTIONS /user/profileInfo?token=eyJhbGciOiJIUzI1NiIsInR5cCI6IkpXVCJ9.eyJpZCI6NDksInVzZXJOYW1lIjoiMUAxLmNvbSIsImlhdCI6MTYwNTM1NzcyNSwiZXhwIjoxNjA1NDQ0MTI1fQ.ZOtjV2ZGncqIuch7FMbwFf1HyfDV8T7x_G33wJ7tLLs&loginType=normal HTTP/1.1" 200 8 "" "Mozilla/5.0 (Macintosh; Intel Mac OS X 10_15_7) AppleWebKit/537.36 (KHTML, like Gecko) Chrome/86.0.4240.111 Safari/537.36"
[2020-11-14T21:43:12.065] [INFO] http - ::1 - - "GET /user/profileInfo?token=eyJhbGciOiJIUzI1NiIsInR5cCI6IkpXVCJ9.eyJpZCI6NDksInVzZXJOYW1lIjoiMUAxLmNvbSIsImlhdCI6MTYwNTM1NzcyNSwiZXhwIjoxNjA1NDQ0MTI1fQ.ZOtjV2ZGncqIuch7FMbwFf1HyfDV8T7x_G33wJ7tLLs&loginType=normal HTTP/1.1" 200 776 "" "Mozilla/5.0 (Macintosh; Intel Mac OS X 10_15_7) AppleWebKit/537.36 (KHTML, like Gecko) Chrome/86.0.4240.111 Safari/537.36"
[2020-11-14T21:43:12.118] [INFO] http - ::1 - - "OPTIONS /information/publicList HTTP/1.1" 200 8 "" "Mozilla/5.0 (Macintosh; Intel Mac OS X 10_15_7) AppleWebKit/537.36 (KHTML, like Gecko) Chrome/86.0.4240.111 Safari/537.36"
[2020-11-14T21:43:12.120] [INFO] http - ::1 - - "OPTIONS /blog/bloglist HTTP/1.1" 200 8 "" "Mozilla/5.0 (Macintosh; Intel Mac OS X 10_15_7) AppleWebKit/537.36 (KHTML, like Gecko) Chrome/86.0.4240.111 Safari/537.36"
[2020-11-14T21:43:12.125] [INFO] http - ::1 - - "GET /information/publicList HTTP/1.1" 200 44 "" "Mozilla/5.0 (Macintosh; Intel Mac OS X 10_15_7) AppleWebKit/537.36 (KHTML, like Gecko) Chrome/86.0.4240.111 Safari/537.36"
[2020-11-14T21:43:12.129] [INFO] http - ::1 - - "GET /blog/bloglist HTTP/1.1" 200 1545 "" "Mozilla/5.0 (Macintosh; Intel Mac OS X 10_15_7) AppleWebKit/537.36 (KHTML, like Gecko) Chrome/86.0.4240.111 Safari/537.36"
[2020-11-14T21:43:53.170] [INFO] http - ::1 - - "OPTIONS /user/profileInfo?token=eyJhbGciOiJIUzI1NiIsInR5cCI6IkpXVCJ9.eyJpZCI6NDksInVzZXJOYW1lIjoiMUAxLmNvbSIsImlhdCI6MTYwNTM1NzcyNSwiZXhwIjoxNjA1NDQ0MTI1fQ.ZOtjV2ZGncqIuch7FMbwFf1HyfDV8T7x_G33wJ7tLLs&loginType=normal HTTP/1.1" 200 8 "" "Mozilla/5.0 (Macintosh; Intel Mac OS X 10_15_7) AppleWebKit/537.36 (KHTML, like Gecko) Chrome/86.0.4240.111 Safari/537.36"
[2020-11-14T21:43:53.180] [INFO] http - ::1 - - "GET /user/profileInfo?token=eyJhbGciOiJIUzI1NiIsInR5cCI6IkpXVCJ9.eyJpZCI6NDksInVzZXJOYW1lIjoiMUAxLmNvbSIsImlhdCI6MTYwNTM1NzcyNSwiZXhwIjoxNjA1NDQ0MTI1fQ.ZOtjV2ZGncqIuch7FMbwFf1HyfDV8T7x_G33wJ7tLLs&loginType=normal HTTP/1.1" 200 776 "" "Mozilla/5.0 (Macintosh; Intel Mac OS X 10_15_7) AppleWebKit/537.36 (KHTML, like Gecko) Chrome/86.0.4240.111 Safari/537.36"
[2020-11-14T21:43:53.233] [INFO] http - ::1 - - "OPTIONS /information/publicList HTTP/1.1" 200 8 "" "Mozilla/5.0 (Macintosh; Intel Mac OS X 10_15_7) AppleWebKit/537.36 (KHTML, like Gecko) Chrome/86.0.4240.111 Safari/537.36"
[2020-11-14T21:43:53.234] [INFO] http - ::1 - - "OPTIONS /blog/bloglist HTTP/1.1" 200 8 "" "Mozilla/5.0 (Macintosh; Intel Mac OS X 10_15_7) AppleWebKit/537.36 (KHTML, like Gecko) Chrome/86.0.4240.111 Safari/537.36"
[2020-11-14T21:43:53.242] [INFO] http - ::1 - - "GET /information/publicList HTTP/1.1" 200 44 "" "Mozilla/5.0 (Macintosh; Intel Mac OS X 10_15_7) AppleWebKit/537.36 (KHTML, like Gecko) Chrome/86.0.4240.111 Safari/537.36"
[2020-11-14T21:43:53.247] [INFO] http - ::1 - - "GET /blog/bloglist HTTP/1.1" 200 1545 "" "Mozilla/5.0 (Macintosh; Intel Mac OS X 10_15_7) AppleWebKit/537.36 (KHTML, like Gecko) Chrome/86.0.4240.111 Safari/537.36"
[2020-11-14T21:44:21.989] [INFO] http - ::1 - - "OPTIONS /user/profileInfo?token=eyJhbGciOiJIUzI1NiIsInR5cCI6IkpXVCJ9.eyJpZCI6NDksInVzZXJOYW1lIjoiMUAxLmNvbSIsImlhdCI6MTYwNTM1NzcyNSwiZXhwIjoxNjA1NDQ0MTI1fQ.ZOtjV2ZGncqIuch7FMbwFf1HyfDV8T7x_G33wJ7tLLs&loginType=normal HTTP/1.1" 200 8 "" "Mozilla/5.0 (Macintosh; Intel Mac OS X 10_15_7) AppleWebKit/537.36 (KHTML, like Gecko) Chrome/86.0.4240.111 Safari/537.36"
[2020-11-14T21:44:22.002] [INFO] http - ::1 - - "GET /user/profileInfo?token=eyJhbGciOiJIUzI1NiIsInR5cCI6IkpXVCJ9.eyJpZCI6NDksInVzZXJOYW1lIjoiMUAxLmNvbSIsImlhdCI6MTYwNTM1NzcyNSwiZXhwIjoxNjA1NDQ0MTI1fQ.ZOtjV2ZGncqIuch7FMbwFf1HyfDV8T7x_G33wJ7tLLs&loginType=normal HTTP/1.1" 200 776 "" "Mozilla/5.0 (Macintosh; Intel Mac OS X 10_15_7) AppleWebKit/537.36 (KHTML, like Gecko) Chrome/86.0.4240.111 Safari/537.36"
[2020-11-14T21:44:22.048] [INFO] http - ::1 - - "OPTIONS /information/publicList HTTP/1.1" 200 8 "" "Mozilla/5.0 (Macintosh; Intel Mac OS X 10_15_7) AppleWebKit/537.36 (KHTML, like Gecko) Chrome/86.0.4240.111 Safari/537.36"
[2020-11-14T21:44:22.051] [INFO] http - ::1 - - "OPTIONS /blog/bloglist HTTP/1.1" 200 8 "" "Mozilla/5.0 (Macintosh; Intel Mac OS X 10_15_7) AppleWebKit/537.36 (KHTML, like Gecko) Chrome/86.0.4240.111 Safari/537.36"
[2020-11-14T21:44:22.052] [INFO] http - ::1 - - "GET /information/publicList HTTP/1.1" 200 44 "" "Mozilla/5.0 (Macintosh; Intel Mac OS X 10_15_7) AppleWebKit/537.36 (KHTML, like Gecko) Chrome/86.0.4240.111 Safari/537.36"
[2020-11-14T21:44:22.062] [INFO] http - ::1 - - "GET /blog/bloglist HTTP/1.1" 200 1545 "" "Mozilla/5.0 (Macintosh; Intel Mac OS X 10_15_7) AppleWebKit/537.36 (KHTML, like Gecko) Chrome/86.0.4240.111 Safari/537.36"
[2020-11-14T21:45:46.015] [INFO] http - ::1 - - "OPTIONS /user/profileInfo?token=eyJhbGciOiJIUzI1NiIsInR5cCI6IkpXVCJ9.eyJpZCI6NDksInVzZXJOYW1lIjoiMUAxLmNvbSIsImlhdCI6MTYwNTM1NzcyNSwiZXhwIjoxNjA1NDQ0MTI1fQ.ZOtjV2ZGncqIuch7FMbwFf1HyfDV8T7x_G33wJ7tLLs&loginType=normal HTTP/1.1" 200 8 "" "Mozilla/5.0 (Macintosh; Intel Mac OS X 10_15_7) AppleWebKit/537.36 (KHTML, like Gecko) Chrome/86.0.4240.111 Safari/537.36"
[2020-11-14T21:45:46.024] [INFO] http - ::1 - - "GET /user/profileInfo?token=eyJhbGciOiJIUzI1NiIsInR5cCI6IkpXVCJ9.eyJpZCI6NDksInVzZXJOYW1lIjoiMUAxLmNvbSIsImlhdCI6MTYwNTM1NzcyNSwiZXhwIjoxNjA1NDQ0MTI1fQ.ZOtjV2ZGncqIuch7FMbwFf1HyfDV8T7x_G33wJ7tLLs&loginType=normal HTTP/1.1" 200 776 "" "Mozilla/5.0 (Macintosh; Intel Mac OS X 10_15_7) AppleWebKit/537.36 (KHTML, like Gecko) Chrome/86.0.4240.111 Safari/537.36"
[2020-11-14T21:45:46.073] [INFO] http - ::1 - - "OPTIONS /information/publicList HTTP/1.1" 200 8 "" "Mozilla/5.0 (Macintosh; Intel Mac OS X 10_15_7) AppleWebKit/537.36 (KHTML, like Gecko) Chrome/86.0.4240.111 Safari/537.36"
[2020-11-14T21:45:46.074] [INFO] http - ::1 - - "OPTIONS /blog/bloglist HTTP/1.1" 200 8 "" "Mozilla/5.0 (Macintosh; Intel Mac OS X 10_15_7) AppleWebKit/537.36 (KHTML, like Gecko) Chrome/86.0.4240.111 Safari/537.36"
[2020-11-14T21:45:46.080] [INFO] http - ::1 - - "GET /information/publicList HTTP/1.1" 200 44 "" "Mozilla/5.0 (Macintosh; Intel Mac OS X 10_15_7) AppleWebKit/537.36 (KHTML, like Gecko) Chrome/86.0.4240.111 Safari/537.36"
[2020-11-14T21:45:46.085] [INFO] http - ::1 - - "GET /blog/bloglist HTTP/1.1" 200 1545 "" "Mozilla/5.0 (Macintosh; Intel Mac OS X 10_15_7) AppleWebKit/537.36 (KHTML, like Gecko) Chrome/86.0.4240.111 Safari/537.36"
[2020-11-14T21:46:41.692] [INFO] http - ::1 - - "OPTIONS /user/profileInfo?token=eyJhbGciOiJIUzI1NiIsInR5cCI6IkpXVCJ9.eyJpZCI6NDksInVzZXJOYW1lIjoiMUAxLmNvbSIsImlhdCI6MTYwNTM1NzcyNSwiZXhwIjoxNjA1NDQ0MTI1fQ.ZOtjV2ZGncqIuch7FMbwFf1HyfDV8T7x_G33wJ7tLLs&loginType=normal HTTP/1.1" 200 8 "" "Mozilla/5.0 (Macintosh; Intel Mac OS X 10_15_7) AppleWebKit/537.36 (KHTML, like Gecko) Chrome/86.0.4240.111 Safari/537.36"
[2020-11-14T21:46:41.732] [INFO] http - ::1 - - "GET /user/profileInfo?token=eyJhbGciOiJIUzI1NiIsInR5cCI6IkpXVCJ9.eyJpZCI6NDksInVzZXJOYW1lIjoiMUAxLmNvbSIsImlhdCI6MTYwNTM1NzcyNSwiZXhwIjoxNjA1NDQ0MTI1fQ.ZOtjV2ZGncqIuch7FMbwFf1HyfDV8T7x_G33wJ7tLLs&loginType=normal HTTP/1.1" 200 776 "" "Mozilla/5.0 (Macintosh; Intel Mac OS X 10_15_7) AppleWebKit/537.36 (KHTML, like Gecko) Chrome/86.0.4240.111 Safari/537.36"
[2020-11-14T21:48:02.794] [INFO] http - ::1 - - "OPTIONS /user/profileInfo?token=eyJhbGciOiJIUzI1NiIsInR5cCI6IkpXVCJ9.eyJpZCI6NDksInVzZXJOYW1lIjoiMUAxLmNvbSIsImlhdCI6MTYwNTM1NzcyNSwiZXhwIjoxNjA1NDQ0MTI1fQ.ZOtjV2ZGncqIuch7FMbwFf1HyfDV8T7x_G33wJ7tLLs&loginType=normal HTTP/1.1" 200 8 "" "Mozilla/5.0 (Macintosh; Intel Mac OS X 10_15_7) AppleWebKit/537.36 (KHTML, like Gecko) Chrome/86.0.4240.111 Safari/537.36"
[2020-11-14T21:48:02.803] [INFO] http - ::1 - - "GET /user/profileInfo?token=eyJhbGciOiJIUzI1NiIsInR5cCI6IkpXVCJ9.eyJpZCI6NDksInVzZXJOYW1lIjoiMUAxLmNvbSIsImlhdCI6MTYwNTM1NzcyNSwiZXhwIjoxNjA1NDQ0MTI1fQ.ZOtjV2ZGncqIuch7FMbwFf1HyfDV8T7x_G33wJ7tLLs&loginType=normal HTTP/1.1" 200 776 "" "Mozilla/5.0 (Macintosh; Intel Mac OS X 10_15_7) AppleWebKit/537.36 (KHTML, like Gecko) Chrome/86.0.4240.111 Safari/537.36"
[2020-11-14T21:48:37.040] [INFO] http - ::1 - - "OPTIONS /user/profileInfo?token=eyJhbGciOiJIUzI1NiIsInR5cCI6IkpXVCJ9.eyJpZCI6NDksInVzZXJOYW1lIjoiMUAxLmNvbSIsImlhdCI6MTYwNTM1NzcyNSwiZXhwIjoxNjA1NDQ0MTI1fQ.ZOtjV2ZGncqIuch7FMbwFf1HyfDV8T7x_G33wJ7tLLs&loginType=normal HTTP/1.1" 200 8 "" "Mozilla/5.0 (Macintosh; Intel Mac OS X 10_15_7) AppleWebKit/537.36 (KHTML, like Gecko) Chrome/86.0.4240.111 Safari/537.36"
[2020-11-14T21:48:37.051] [INFO] http - ::1 - - "GET /user/profileInfo?token=eyJhbGciOiJIUzI1NiIsInR5cCI6IkpXVCJ9.eyJpZCI6NDksInVzZXJOYW1lIjoiMUAxLmNvbSIsImlhdCI6MTYwNTM1NzcyNSwiZXhwIjoxNjA1NDQ0MTI1fQ.ZOtjV2ZGncqIuch7FMbwFf1HyfDV8T7x_G33wJ7tLLs&loginType=normal HTTP/1.1" 200 776 "" "Mozilla/5.0 (Macintosh; Intel Mac OS X 10_15_7) AppleWebKit/537.36 (KHTML, like Gecko) Chrome/86.0.4240.111 Safari/537.36"
[2020-11-14T21:49:22.582] [INFO] http - ::1 - - "OPTIONS /user/profileInfo?token=eyJhbGciOiJIUzI1NiIsInR5cCI6IkpXVCJ9.eyJpZCI6NDksInVzZXJOYW1lIjoiMUAxLmNvbSIsImlhdCI6MTYwNTM1NzcyNSwiZXhwIjoxNjA1NDQ0MTI1fQ.ZOtjV2ZGncqIuch7FMbwFf1HyfDV8T7x_G33wJ7tLLs&loginType=normal HTTP/1.1" 200 8 "" "Mozilla/5.0 (Macintosh; Intel Mac OS X 10_15_7) AppleWebKit/537.36 (KHTML, like Gecko) Chrome/86.0.4240.111 Safari/537.36"
[2020-11-14T21:49:22.590] [INFO] http - ::1 - - "GET /user/profileInfo?token=eyJhbGciOiJIUzI1NiIsInR5cCI6IkpXVCJ9.eyJpZCI6NDksInVzZXJOYW1lIjoiMUAxLmNvbSIsImlhdCI6MTYwNTM1NzcyNSwiZXhwIjoxNjA1NDQ0MTI1fQ.ZOtjV2ZGncqIuch7FMbwFf1HyfDV8T7x_G33wJ7tLLs&loginType=normal HTTP/1.1" 200 776 "" "Mozilla/5.0 (Macintosh; Intel Mac OS X 10_15_7) AppleWebKit/537.36 (KHTML, like Gecko) Chrome/86.0.4240.111 Safari/537.36"
[2020-11-14T21:50:33.725] [INFO] http - ::1 - - "OPTIONS /user/profileInfo?token=eyJhbGciOiJIUzI1NiIsInR5cCI6IkpXVCJ9.eyJpZCI6NDksInVzZXJOYW1lIjoiMUAxLmNvbSIsImlhdCI6MTYwNTM1NzcyNSwiZXhwIjoxNjA1NDQ0MTI1fQ.ZOtjV2ZGncqIuch7FMbwFf1HyfDV8T7x_G33wJ7tLLs&loginType=normal HTTP/1.1" 200 8 "" "Mozilla/5.0 (Macintosh; Intel Mac OS X 10_15_7) AppleWebKit/537.36 (KHTML, like Gecko) Chrome/86.0.4240.111 Safari/537.36"
[2020-11-14T21:50:33.734] [INFO] http - ::1 - - "GET /user/profileInfo?token=eyJhbGciOiJIUzI1NiIsInR5cCI6IkpXVCJ9.eyJpZCI6NDksInVzZXJOYW1lIjoiMUAxLmNvbSIsImlhdCI6MTYwNTM1NzcyNSwiZXhwIjoxNjA1NDQ0MTI1fQ.ZOtjV2ZGncqIuch7FMbwFf1HyfDV8T7x_G33wJ7tLLs&loginType=normal HTTP/1.1" 200 776 "" "Mozilla/5.0 (Macintosh; Intel Mac OS X 10_15_7) AppleWebKit/537.36 (KHTML, like Gecko) Chrome/86.0.4240.111 Safari/537.36"
[2020-11-14T21:53:37.191] [INFO] http - ::1 - - "OPTIONS /user/profileInfo?token=eyJhbGciOiJIUzI1NiIsInR5cCI6IkpXVCJ9.eyJpZCI6NDksInVzZXJOYW1lIjoiMUAxLmNvbSIsImlhdCI6MTYwNTM1NzcyNSwiZXhwIjoxNjA1NDQ0MTI1fQ.ZOtjV2ZGncqIuch7FMbwFf1HyfDV8T7x_G33wJ7tLLs&loginType=normal HTTP/1.1" 200 8 "" "Mozilla/5.0 (Macintosh; Intel Mac OS X 10_15_7) AppleWebKit/537.36 (KHTML, like Gecko) Chrome/86.0.4240.111 Safari/537.36"
[2020-11-14T21:53:37.203] [INFO] http - ::1 - - "GET /user/profileInfo?token=eyJhbGciOiJIUzI1NiIsInR5cCI6IkpXVCJ9.eyJpZCI6NDksInVzZXJOYW1lIjoiMUAxLmNvbSIsImlhdCI6MTYwNTM1NzcyNSwiZXhwIjoxNjA1NDQ0MTI1fQ.ZOtjV2ZGncqIuch7FMbwFf1HyfDV8T7x_G33wJ7tLLs&loginType=normal HTTP/1.1" 200 776 "" "Mozilla/5.0 (Macintosh; Intel Mac OS X 10_15_7) AppleWebKit/537.36 (KHTML, like Gecko) Chrome/86.0.4240.111 Safari/537.36"
[2020-11-14T21:53:53.607] [INFO] http - ::1 - - "OPTIONS /user/profileInfo?token=eyJhbGciOiJIUzI1NiIsInR5cCI6IkpXVCJ9.eyJpZCI6NDksInVzZXJOYW1lIjoiMUAxLmNvbSIsImlhdCI6MTYwNTM1NzcyNSwiZXhwIjoxNjA1NDQ0MTI1fQ.ZOtjV2ZGncqIuch7FMbwFf1HyfDV8T7x_G33wJ7tLLs&loginType=normal HTTP/1.1" 200 8 "" "Mozilla/5.0 (Macintosh; Intel Mac OS X 10_15_7) AppleWebKit/537.36 (KHTML, like Gecko) Chrome/86.0.4240.111 Safari/537.36"
[2020-11-14T21:53:53.617] [INFO] http - ::1 - - "GET /user/profileInfo?token=eyJhbGciOiJIUzI1NiIsInR5cCI6IkpXVCJ9.eyJpZCI6NDksInVzZXJOYW1lIjoiMUAxLmNvbSIsImlhdCI6MTYwNTM1NzcyNSwiZXhwIjoxNjA1NDQ0MTI1fQ.ZOtjV2ZGncqIuch7FMbwFf1HyfDV8T7x_G33wJ7tLLs&loginType=normal HTTP/1.1" 200 776 "" "Mozilla/5.0 (Macintosh; Intel Mac OS X 10_15_7) AppleWebKit/537.36 (KHTML, like Gecko) Chrome/86.0.4240.111 Safari/537.36"
[2020-11-14T21:55:41.962] [INFO] http - ::1 - - "OPTIONS /user/profileInfo?token=eyJhbGciOiJIUzI1NiIsInR5cCI6IkpXVCJ9.eyJpZCI6NDksInVzZXJOYW1lIjoiMUAxLmNvbSIsImlhdCI6MTYwNTM1NzcyNSwiZXhwIjoxNjA1NDQ0MTI1fQ.ZOtjV2ZGncqIuch7FMbwFf1HyfDV8T7x_G33wJ7tLLs&loginType=normal HTTP/1.1" 200 8 "" "Mozilla/5.0 (Macintosh; Intel Mac OS X 10_15_7) AppleWebKit/537.36 (KHTML, like Gecko) Chrome/86.0.4240.111 Safari/537.36"
[2020-11-14T21:55:41.972] [INFO] http - ::1 - - "GET /user/profileInfo?token=eyJhbGciOiJIUzI1NiIsInR5cCI6IkpXVCJ9.eyJpZCI6NDksInVzZXJOYW1lIjoiMUAxLmNvbSIsImlhdCI6MTYwNTM1NzcyNSwiZXhwIjoxNjA1NDQ0MTI1fQ.ZOtjV2ZGncqIuch7FMbwFf1HyfDV8T7x_G33wJ7tLLs&loginType=normal HTTP/1.1" 200 776 "" "Mozilla/5.0 (Macintosh; Intel Mac OS X 10_15_7) AppleWebKit/537.36 (KHTML, like Gecko) Chrome/86.0.4240.111 Safari/537.36"
[2020-11-14T21:57:02.066] [INFO] http - ::1 - - "OPTIONS /user/profileInfo?token=eyJhbGciOiJIUzI1NiIsInR5cCI6IkpXVCJ9.eyJpZCI6NDksInVzZXJOYW1lIjoiMUAxLmNvbSIsImlhdCI6MTYwNTM1NzcyNSwiZXhwIjoxNjA1NDQ0MTI1fQ.ZOtjV2ZGncqIuch7FMbwFf1HyfDV8T7x_G33wJ7tLLs&loginType=normal HTTP/1.1" 200 8 "" "Mozilla/5.0 (Macintosh; Intel Mac OS X 10_15_7) AppleWebKit/537.36 (KHTML, like Gecko) Chrome/86.0.4240.111 Safari/537.36"
[2020-11-14T21:57:02.078] [INFO] http - ::1 - - "GET /user/profileInfo?token=eyJhbGciOiJIUzI1NiIsInR5cCI6IkpXVCJ9.eyJpZCI6NDksInVzZXJOYW1lIjoiMUAxLmNvbSIsImlhdCI6MTYwNTM1NzcyNSwiZXhwIjoxNjA1NDQ0MTI1fQ.ZOtjV2ZGncqIuch7FMbwFf1HyfDV8T7x_G33wJ7tLLs&loginType=normal HTTP/1.1" 200 776 "" "Mozilla/5.0 (Macintosh; Intel Mac OS X 10_15_7) AppleWebKit/537.36 (KHTML, like Gecko) Chrome/86.0.4240.111 Safari/537.36"
[2020-11-14T21:57:13.017] [INFO] http - ::1 - - "OPTIONS /user/profileInfo?token=eyJhbGciOiJIUzI1NiIsInR5cCI6IkpXVCJ9.eyJpZCI6NDksInVzZXJOYW1lIjoiMUAxLmNvbSIsImlhdCI6MTYwNTM1NzcyNSwiZXhwIjoxNjA1NDQ0MTI1fQ.ZOtjV2ZGncqIuch7FMbwFf1HyfDV8T7x_G33wJ7tLLs&loginType=normal HTTP/1.1" 200 8 "" "Mozilla/5.0 (Macintosh; Intel Mac OS X 10_15_7) AppleWebKit/537.36 (KHTML, like Gecko) Chrome/86.0.4240.111 Safari/537.36"
[2020-11-14T21:57:13.024] [INFO] http - ::1 - - "GET /user/profileInfo?token=eyJhbGciOiJIUzI1NiIsInR5cCI6IkpXVCJ9.eyJpZCI6NDksInVzZXJOYW1lIjoiMUAxLmNvbSIsImlhdCI6MTYwNTM1NzcyNSwiZXhwIjoxNjA1NDQ0MTI1fQ.ZOtjV2ZGncqIuch7FMbwFf1HyfDV8T7x_G33wJ7tLLs&loginType=normal HTTP/1.1" 200 776 "" "Mozilla/5.0 (Macintosh; Intel Mac OS X 10_15_7) AppleWebKit/537.36 (KHTML, like Gecko) Chrome/86.0.4240.111 Safari/537.36"
[2020-11-14T21:57:34.534] [INFO] http - ::1 - - "OPTIONS /user/profileInfo?token=eyJhbGciOiJIUzI1NiIsInR5cCI6IkpXVCJ9.eyJpZCI6NDksInVzZXJOYW1lIjoiMUAxLmNvbSIsImlhdCI6MTYwNTM1NzcyNSwiZXhwIjoxNjA1NDQ0MTI1fQ.ZOtjV2ZGncqIuch7FMbwFf1HyfDV8T7x_G33wJ7tLLs&loginType=normal HTTP/1.1" 200 8 "" "Mozilla/5.0 (Macintosh; Intel Mac OS X 10_15_7) AppleWebKit/537.36 (KHTML, like Gecko) Chrome/86.0.4240.111 Safari/537.36"
[2020-11-14T21:57:34.544] [WARN] http - ::1 - - "GET /user/profileInfo?token=eyJhbGciOiJIUzI1NiIsInR5cCI6IkpXVCJ9.eyJpZCI6NDksInVzZXJOYW1lIjoiMUAxLmNvbSIsImlhdCI6MTYwNTM1NzcyNSwiZXhwIjoxNjA1NDQ0MTI1fQ.ZOtjV2ZGncqIuch7FMbwFf1HyfDV8T7x_G33wJ7tLLs&loginType=normal HTTP/1.1" 304 - "" "Mozilla/5.0 (Macintosh; Intel Mac OS X 10_15_7) AppleWebKit/537.36 (KHTML, like Gecko) Chrome/86.0.4240.111 Safari/537.36"
[2020-11-14T21:58:51.417] [INFO] http - ::1 - - "OPTIONS /user/profileInfo?token=eyJhbGciOiJIUzI1NiIsInR5cCI6IkpXVCJ9.eyJpZCI6NDksInVzZXJOYW1lIjoiMUAxLmNvbSIsImlhdCI6MTYwNTM1NzcyNSwiZXhwIjoxNjA1NDQ0MTI1fQ.ZOtjV2ZGncqIuch7FMbwFf1HyfDV8T7x_G33wJ7tLLs&loginType=normal HTTP/1.1" 200 8 "" "Mozilla/5.0 (Macintosh; Intel Mac OS X 10_15_7) AppleWebKit/537.36 (KHTML, like Gecko) Chrome/86.0.4240.111 Safari/537.36"
[2020-11-14T21:58:51.424] [INFO] http - ::1 - - "GET /user/profileInfo?token=eyJhbGciOiJIUzI1NiIsInR5cCI6IkpXVCJ9.eyJpZCI6NDksInVzZXJOYW1lIjoiMUAxLmNvbSIsImlhdCI6MTYwNTM1NzcyNSwiZXhwIjoxNjA1NDQ0MTI1fQ.ZOtjV2ZGncqIuch7FMbwFf1HyfDV8T7x_G33wJ7tLLs&loginType=normal HTTP/1.1" 200 776 "" "Mozilla/5.0 (Macintosh; Intel Mac OS X 10_15_7) AppleWebKit/537.36 (KHTML, like Gecko) Chrome/86.0.4240.111 Safari/537.36"
[2020-11-14T21:59:42.262] [INFO] http - ::1 - - "OPTIONS /user/profileInfo?token=eyJhbGciOiJIUzI1NiIsInR5cCI6IkpXVCJ9.eyJpZCI6NDksInVzZXJOYW1lIjoiMUAxLmNvbSIsImlhdCI6MTYwNTM1NzcyNSwiZXhwIjoxNjA1NDQ0MTI1fQ.ZOtjV2ZGncqIuch7FMbwFf1HyfDV8T7x_G33wJ7tLLs&loginType=normal HTTP/1.1" 200 8 "" "Mozilla/5.0 (Macintosh; Intel Mac OS X 10_15_7) AppleWebKit/537.36 (KHTML, like Gecko) Chrome/86.0.4240.111 Safari/537.36"
[2020-11-14T21:59:42.269] [INFO] http - ::1 - - "GET /user/profileInfo?token=eyJhbGciOiJIUzI1NiIsInR5cCI6IkpXVCJ9.eyJpZCI6NDksInVzZXJOYW1lIjoiMUAxLmNvbSIsImlhdCI6MTYwNTM1NzcyNSwiZXhwIjoxNjA1NDQ0MTI1fQ.ZOtjV2ZGncqIuch7FMbwFf1HyfDV8T7x_G33wJ7tLLs&loginType=normal HTTP/1.1" 200 776 "" "Mozilla/5.0 (Macintosh; Intel Mac OS X 10_15_7) AppleWebKit/537.36 (KHTML, like Gecko) Chrome/86.0.4240.111 Safari/537.36"
[2020-11-14T22:02:26.348] [INFO] http - ::1 - - "OPTIONS /user/profileInfo?token=eyJhbGciOiJIUzI1NiIsInR5cCI6IkpXVCJ9.eyJpZCI6NDksInVzZXJOYW1lIjoiMUAxLmNvbSIsImlhdCI6MTYwNTM1NzcyNSwiZXhwIjoxNjA1NDQ0MTI1fQ.ZOtjV2ZGncqIuch7FMbwFf1HyfDV8T7x_G33wJ7tLLs&loginType=normal HTTP/1.1" 200 8 "" "Mozilla/5.0 (Macintosh; Intel Mac OS X 10_15_7) AppleWebKit/537.36 (KHTML, like Gecko) Chrome/86.0.4240.111 Safari/537.36"
[2020-11-14T22:02:26.357] [INFO] http - ::1 - - "GET /user/profileInfo?token=eyJhbGciOiJIUzI1NiIsInR5cCI6IkpXVCJ9.eyJpZCI6NDksInVzZXJOYW1lIjoiMUAxLmNvbSIsImlhdCI6MTYwNTM1NzcyNSwiZXhwIjoxNjA1NDQ0MTI1fQ.ZOtjV2ZGncqIuch7FMbwFf1HyfDV8T7x_G33wJ7tLLs&loginType=normal HTTP/1.1" 200 776 "" "Mozilla/5.0 (Macintosh; Intel Mac OS X 10_15_7) AppleWebKit/537.36 (KHTML, like Gecko) Chrome/86.0.4240.111 Safari/537.36"
[2020-11-14T22:02:30.696] [INFO] http - ::1 - - "OPTIONS /user/profileInfo?token=eyJhbGciOiJIUzI1NiIsInR5cCI6IkpXVCJ9.eyJpZCI6NDksInVzZXJOYW1lIjoiMUAxLmNvbSIsImlhdCI6MTYwNTM1NzcyNSwiZXhwIjoxNjA1NDQ0MTI1fQ.ZOtjV2ZGncqIuch7FMbwFf1HyfDV8T7x_G33wJ7tLLs&loginType=normal HTTP/1.1" 200 8 "" "Mozilla/5.0 (Macintosh; Intel Mac OS X 10_15_7) AppleWebKit/537.36 (KHTML, like Gecko) Chrome/86.0.4240.111 Safari/537.36"
[2020-11-14T22:02:30.705] [INFO] http - ::1 - - "GET /user/profileInfo?token=eyJhbGciOiJIUzI1NiIsInR5cCI6IkpXVCJ9.eyJpZCI6NDksInVzZXJOYW1lIjoiMUAxLmNvbSIsImlhdCI6MTYwNTM1NzcyNSwiZXhwIjoxNjA1NDQ0MTI1fQ.ZOtjV2ZGncqIuch7FMbwFf1HyfDV8T7x_G33wJ7tLLs&loginType=normal HTTP/1.1" 200 776 "" "Mozilla/5.0 (Macintosh; Intel Mac OS X 10_15_7) AppleWebKit/537.36 (KHTML, like Gecko) Chrome/86.0.4240.111 Safari/537.36"
[2020-11-14T22:03:04.502] [INFO] http - ::1 - - "OPTIONS /user/profileInfo?token=eyJhbGciOiJIUzI1NiIsInR5cCI6IkpXVCJ9.eyJpZCI6NDksInVzZXJOYW1lIjoiMUAxLmNvbSIsImlhdCI6MTYwNTM1NzcyNSwiZXhwIjoxNjA1NDQ0MTI1fQ.ZOtjV2ZGncqIuch7FMbwFf1HyfDV8T7x_G33wJ7tLLs&loginType=normal HTTP/1.1" 200 8 "" "Mozilla/5.0 (Macintosh; Intel Mac OS X 10_15_7) AppleWebKit/537.36 (KHTML, like Gecko) Chrome/86.0.4240.111 Safari/537.36"
[2020-11-14T22:03:04.511] [INFO] http - ::1 - - "GET /user/profileInfo?token=eyJhbGciOiJIUzI1NiIsInR5cCI6IkpXVCJ9.eyJpZCI6NDksInVzZXJOYW1lIjoiMUAxLmNvbSIsImlhdCI6MTYwNTM1NzcyNSwiZXhwIjoxNjA1NDQ0MTI1fQ.ZOtjV2ZGncqIuch7FMbwFf1HyfDV8T7x_G33wJ7tLLs&loginType=normal HTTP/1.1" 200 776 "" "Mozilla/5.0 (Macintosh; Intel Mac OS X 10_15_7) AppleWebKit/537.36 (KHTML, like Gecko) Chrome/86.0.4240.111 Safari/537.36"
[2020-11-14T22:03:48.741] [INFO] http - ::1 - - "OPTIONS /user/profileInfo?token=eyJhbGciOiJIUzI1NiIsInR5cCI6IkpXVCJ9.eyJpZCI6NDksInVzZXJOYW1lIjoiMUAxLmNvbSIsImlhdCI6MTYwNTM1NzcyNSwiZXhwIjoxNjA1NDQ0MTI1fQ.ZOtjV2ZGncqIuch7FMbwFf1HyfDV8T7x_G33wJ7tLLs&loginType=normal HTTP/1.1" 200 8 "" "Mozilla/5.0 (Macintosh; Intel Mac OS X 10_15_7) AppleWebKit/537.36 (KHTML, like Gecko) Chrome/86.0.4240.111 Safari/537.36"
[2020-11-14T22:03:48.749] [INFO] http - ::1 - - "GET /user/profileInfo?token=eyJhbGciOiJIUzI1NiIsInR5cCI6IkpXVCJ9.eyJpZCI6NDksInVzZXJOYW1lIjoiMUAxLmNvbSIsImlhdCI6MTYwNTM1NzcyNSwiZXhwIjoxNjA1NDQ0MTI1fQ.ZOtjV2ZGncqIuch7FMbwFf1HyfDV8T7x_G33wJ7tLLs&loginType=normal HTTP/1.1" 200 776 "" "Mozilla/5.0 (Macintosh; Intel Mac OS X 10_15_7) AppleWebKit/537.36 (KHTML, like Gecko) Chrome/86.0.4240.111 Safari/537.36"
[2020-11-14T22:04:12.250] [INFO] http - ::1 - - "OPTIONS /user/profileInfo?token=eyJhbGciOiJIUzI1NiIsInR5cCI6IkpXVCJ9.eyJpZCI6NDksInVzZXJOYW1lIjoiMUAxLmNvbSIsImlhdCI6MTYwNTM1NzcyNSwiZXhwIjoxNjA1NDQ0MTI1fQ.ZOtjV2ZGncqIuch7FMbwFf1HyfDV8T7x_G33wJ7tLLs&loginType=normal HTTP/1.1" 200 8 "" "Mozilla/5.0 (Macintosh; Intel Mac OS X 10_15_7) AppleWebKit/537.36 (KHTML, like Gecko) Chrome/86.0.4240.111 Safari/537.36"
[2020-11-14T22:04:12.260] [INFO] http - ::1 - - "GET /user/profileInfo?token=eyJhbGciOiJIUzI1NiIsInR5cCI6IkpXVCJ9.eyJpZCI6NDksInVzZXJOYW1lIjoiMUAxLmNvbSIsImlhdCI6MTYwNTM1NzcyNSwiZXhwIjoxNjA1NDQ0MTI1fQ.ZOtjV2ZGncqIuch7FMbwFf1HyfDV8T7x_G33wJ7tLLs&loginType=normal HTTP/1.1" 200 776 "" "Mozilla/5.0 (Macintosh; Intel Mac OS X 10_15_7) AppleWebKit/537.36 (KHTML, like Gecko) Chrome/86.0.4240.111 Safari/537.36"
[2020-11-14T22:04:16.814] [INFO] http - ::1 - - "OPTIONS /information/publicList HTTP/1.1" 200 8 "" "Mozilla/5.0 (Macintosh; Intel Mac OS X 10_15_7) AppleWebKit/537.36 (KHTML, like Gecko) Chrome/86.0.4240.111 Safari/537.36"
[2020-11-14T22:04:16.815] [INFO] http - ::1 - - "OPTIONS /blog/bloglist HTTP/1.1" 200 8 "" "Mozilla/5.0 (Macintosh; Intel Mac OS X 10_15_7) AppleWebKit/537.36 (KHTML, like Gecko) Chrome/86.0.4240.111 Safari/537.36"
[2020-11-14T22:04:16.823] [WARN] http - ::1 - - "GET /information/publicList HTTP/1.1" 304 - "" "Mozilla/5.0 (Macintosh; Intel Mac OS X 10_15_7) AppleWebKit/537.36 (KHTML, like Gecko) Chrome/86.0.4240.111 Safari/537.36"
[2020-11-14T22:04:16.826] [WARN] http - ::1 - - "GET /blog/bloglist HTTP/1.1" 304 - "" "Mozilla/5.0 (Macintosh; Intel Mac OS X 10_15_7) AppleWebKit/537.36 (KHTML, like Gecko) Chrome/86.0.4240.111 Safari/537.36"
[2020-11-14T22:04:33.317] [INFO] http - ::1 - - "OPTIONS /information/publicList HTTP/1.1" 200 8 "" "Mozilla/5.0 (Macintosh; Intel Mac OS X 10_15_7) AppleWebKit/537.36 (KHTML, like Gecko) Chrome/86.0.4240.111 Safari/537.36"
[2020-11-14T22:04:33.318] [INFO] http - ::1 - - "OPTIONS /blog/bloglist HTTP/1.1" 200 8 "" "Mozilla/5.0 (Macintosh; Intel Mac OS X 10_15_7) AppleWebKit/537.36 (KHTML, like Gecko) Chrome/86.0.4240.111 Safari/537.36"
[2020-11-14T22:04:33.330] [WARN] http - ::1 - - "GET /information/publicList HTTP/1.1" 304 - "" "Mozilla/5.0 (Macintosh; Intel Mac OS X 10_15_7) AppleWebKit/537.36 (KHTML, like Gecko) Chrome/86.0.4240.111 Safari/537.36"
[2020-11-14T22:04:33.331] [WARN] http - ::1 - - "GET /blog/bloglist HTTP/1.1" 304 - "" "Mozilla/5.0 (Macintosh; Intel Mac OS X 10_15_7) AppleWebKit/537.36 (KHTML, like Gecko) Chrome/86.0.4240.111 Safari/537.36"
[2020-11-14T22:04:39.810] [INFO] http - ::1 - - "OPTIONS /information/publicList HTTP/1.1" 200 8 "" "Mozilla/5.0 (Macintosh; Intel Mac OS X 10_15_7) AppleWebKit/537.36 (KHTML, like Gecko) Chrome/86.0.4240.111 Safari/537.36"
[2020-11-14T22:04:39.812] [INFO] http - ::1 - - "OPTIONS /blog/bloglist HTTP/1.1" 200 8 "" "Mozilla/5.0 (Macintosh; Intel Mac OS X 10_15_7) AppleWebKit/537.36 (KHTML, like Gecko) Chrome/86.0.4240.111 Safari/537.36"
[2020-11-14T22:04:39.817] [WARN] http - ::1 - - "GET /information/publicList HTTP/1.1" 304 - "" "Mozilla/5.0 (Macintosh; Intel Mac OS X 10_15_7) AppleWebKit/537.36 (KHTML, like Gecko) Chrome/86.0.4240.111 Safari/537.36"
[2020-11-14T22:04:39.821] [WARN] http - ::1 - - "GET /blog/bloglist HTTP/1.1" 304 - "" "Mozilla/5.0 (Macintosh; Intel Mac OS X 10_15_7) AppleWebKit/537.36 (KHTML, like Gecko) Chrome/86.0.4240.111 Safari/537.36"
[2020-11-14T22:05:27.590] [INFO] http - ::1 - - "OPTIONS /user/profileInfo?token=eyJhbGciOiJIUzI1NiIsInR5cCI6IkpXVCJ9.eyJpZCI6NDksInVzZXJOYW1lIjoiMUAxLmNvbSIsImlhdCI6MTYwNTM1NzcyNSwiZXhwIjoxNjA1NDQ0MTI1fQ.ZOtjV2ZGncqIuch7FMbwFf1HyfDV8T7x_G33wJ7tLLs&loginType=normal HTTP/1.1" 200 8 "" "Mozilla/5.0 (Macintosh; Intel Mac OS X 10_15_7) AppleWebKit/537.36 (KHTML, like Gecko) Chrome/86.0.4240.111 Safari/537.36"
[2020-11-14T22:05:27.603] [WARN] http - ::1 - - "GET /user/profileInfo?token=eyJhbGciOiJIUzI1NiIsInR5cCI6IkpXVCJ9.eyJpZCI6NDksInVzZXJOYW1lIjoiMUAxLmNvbSIsImlhdCI6MTYwNTM1NzcyNSwiZXhwIjoxNjA1NDQ0MTI1fQ.ZOtjV2ZGncqIuch7FMbwFf1HyfDV8T7x_G33wJ7tLLs&loginType=normal HTTP/1.1" 304 - "" "Mozilla/5.0 (Macintosh; Intel Mac OS X 10_15_7) AppleWebKit/537.36 (KHTML, like Gecko) Chrome/86.0.4240.111 Safari/537.36"
[2020-11-14T22:05:27.655] [INFO] http - ::1 - - "OPTIONS /information/publicList HTTP/1.1" 200 8 "" "Mozilla/5.0 (Macintosh; Intel Mac OS X 10_15_7) AppleWebKit/537.36 (KHTML, like Gecko) Chrome/86.0.4240.111 Safari/537.36"
[2020-11-14T22:05:27.656] [INFO] http - ::1 - - "OPTIONS /blog/bloglist HTTP/1.1" 200 8 "" "Mozilla/5.0 (Macintosh; Intel Mac OS X 10_15_7) AppleWebKit/537.36 (KHTML, like Gecko) Chrome/86.0.4240.111 Safari/537.36"
[2020-11-14T22:05:27.660] [WARN] http - ::1 - - "GET /information/publicList HTTP/1.1" 304 - "" "Mozilla/5.0 (Macintosh; Intel Mac OS X 10_15_7) AppleWebKit/537.36 (KHTML, like Gecko) Chrome/86.0.4240.111 Safari/537.36"
[2020-11-14T22:05:27.663] [WARN] http - ::1 - - "GET /blog/bloglist HTTP/1.1" 304 - "" "Mozilla/5.0 (Macintosh; Intel Mac OS X 10_15_7) AppleWebKit/537.36 (KHTML, like Gecko) Chrome/86.0.4240.111 Safari/537.36"
[2020-11-14T22:05:35.115] [INFO] http - ::1 - - "OPTIONS /blog/bloglist HTTP/1.1" 200 8 "" "Mozilla/5.0 (Macintosh; Intel Mac OS X 10_15_7) AppleWebKit/537.36 (KHTML, like Gecko) Chrome/86.0.4240.111 Safari/537.36"
[2020-11-14T22:05:35.121] [WARN] http - ::1 - - "GET /blog/bloglist HTTP/1.1" 304 - "" "Mozilla/5.0 (Macintosh; Intel Mac OS X 10_15_7) AppleWebKit/537.36 (KHTML, like Gecko) Chrome/86.0.4240.111 Safari/537.36"
[2020-11-14T22:05:39.480] [WARN] http - ::1 - - "GET /blog/bloglist HTTP/1.1" 304 - "" "Mozilla/5.0 (Macintosh; Intel Mac OS X 10_15_7) AppleWebKit/537.36 (KHTML, like Gecko) Chrome/86.0.4240.111 Safari/537.36"
[2020-11-14T22:05:43.104] [INFO] http - ::1 - - "OPTIONS /blog/bloglist HTTP/1.1" 200 8 "" "Mozilla/5.0 (Macintosh; Intel Mac OS X 10_15_7) AppleWebKit/537.36 (KHTML, like Gecko) Chrome/86.0.4240.111 Safari/537.36"
[2020-11-14T22:05:43.112] [WARN] http - ::1 - - "GET /blog/bloglist HTTP/1.1" 304 - "" "Mozilla/5.0 (Macintosh; Intel Mac OS X 10_15_7) AppleWebKit/537.36 (KHTML, like Gecko) Chrome/86.0.4240.111 Safari/537.36"
[2020-11-14T22:05:58.120] [INFO] http - ::1 - - "OPTIONS /information/publicList HTTP/1.1" 200 8 "" "Mozilla/5.0 (Macintosh; Intel Mac OS X 10_15_7) AppleWebKit/537.36 (KHTML, like Gecko) Chrome/86.0.4240.111 Safari/537.36"
[2020-11-14T22:05:58.122] [INFO] http - ::1 - - "OPTIONS /blog/bloglist HTTP/1.1" 200 8 "" "Mozilla/5.0 (Macintosh; Intel Mac OS X 10_15_7) AppleWebKit/537.36 (KHTML, like Gecko) Chrome/86.0.4240.111 Safari/537.36"
[2020-11-14T22:05:58.125] [WARN] http - ::1 - - "GET /information/publicList HTTP/1.1" 304 - "" "Mozilla/5.0 (Macintosh; Intel Mac OS X 10_15_7) AppleWebKit/537.36 (KHTML, like Gecko) Chrome/86.0.4240.111 Safari/537.36"
[2020-11-14T22:05:58.128] [WARN] http - ::1 - - "GET /blog/bloglist HTTP/1.1" 304 - "" "Mozilla/5.0 (Macintosh; Intel Mac OS X 10_15_7) AppleWebKit/537.36 (KHTML, like Gecko) Chrome/86.0.4240.111 Safari/537.36"
[2020-11-14T22:07:10.413] [INFO] http - ::1 - - "OPTIONS /user/profileInfo?token=eyJhbGciOiJIUzI1NiIsInR5cCI6IkpXVCJ9.eyJpZCI6NDksInVzZXJOYW1lIjoiMUAxLmNvbSIsImlhdCI6MTYwNTM1NzcyNSwiZXhwIjoxNjA1NDQ0MTI1fQ.ZOtjV2ZGncqIuch7FMbwFf1HyfDV8T7x_G33wJ7tLLs&loginType=normal HTTP/1.1" 200 8 "" "Mozilla/5.0 (Macintosh; Intel Mac OS X 10_15_7) AppleWebKit/537.36 (KHTML, like Gecko) Chrome/86.0.4240.111 Safari/537.36"
[2020-11-14T22:07:10.421] [WARN] http - ::1 - - "GET /user/profileInfo?token=eyJhbGciOiJIUzI1NiIsInR5cCI6IkpXVCJ9.eyJpZCI6NDksInVzZXJOYW1lIjoiMUAxLmNvbSIsImlhdCI6MTYwNTM1NzcyNSwiZXhwIjoxNjA1NDQ0MTI1fQ.ZOtjV2ZGncqIuch7FMbwFf1HyfDV8T7x_G33wJ7tLLs&loginType=normal HTTP/1.1" 304 - "" "Mozilla/5.0 (Macintosh; Intel Mac OS X 10_15_7) AppleWebKit/537.36 (KHTML, like Gecko) Chrome/86.0.4240.111 Safari/537.36"
[2020-11-14T22:07:10.466] [INFO] http - ::1 - - "OPTIONS /information/publicList HTTP/1.1" 200 8 "" "Mozilla/5.0 (Macintosh; Intel Mac OS X 10_15_7) AppleWebKit/537.36 (KHTML, like Gecko) Chrome/86.0.4240.111 Safari/537.36"
[2020-11-14T22:07:10.467] [INFO] http - ::1 - - "OPTIONS /blog/bloglist HTTP/1.1" 200 8 "" "Mozilla/5.0 (Macintosh; Intel Mac OS X 10_15_7) AppleWebKit/537.36 (KHTML, like Gecko) Chrome/86.0.4240.111 Safari/537.36"
[2020-11-14T22:07:10.473] [WARN] http - ::1 - - "GET /information/publicList HTTP/1.1" 304 - "" "Mozilla/5.0 (Macintosh; Intel Mac OS X 10_15_7) AppleWebKit/537.36 (KHTML, like Gecko) Chrome/86.0.4240.111 Safari/537.36"
[2020-11-14T22:07:10.475] [WARN] http - ::1 - - "GET /blog/bloglist HTTP/1.1" 304 - "" "Mozilla/5.0 (Macintosh; Intel Mac OS X 10_15_7) AppleWebKit/537.36 (KHTML, like Gecko) Chrome/86.0.4240.111 Safari/537.36"
[2020-11-14T22:07:16.234] [INFO] http - ::1 - - "OPTIONS /user/profileInfo?token=eyJhbGciOiJIUzI1NiIsInR5cCI6IkpXVCJ9.eyJpZCI6NDksInVzZXJOYW1lIjoiMUAxLmNvbSIsImlhdCI6MTYwNTM1NzcyNSwiZXhwIjoxNjA1NDQ0MTI1fQ.ZOtjV2ZGncqIuch7FMbwFf1HyfDV8T7x_G33wJ7tLLs&loginType=normal HTTP/1.1" 200 8 "" "Mozilla/5.0 (Macintosh; Intel Mac OS X 10_15_7) AppleWebKit/537.36 (KHTML, like Gecko) Chrome/86.0.4240.111 Safari/537.36"
[2020-11-14T22:07:16.241] [INFO] http - ::1 - - "GET /user/profileInfo?token=eyJhbGciOiJIUzI1NiIsInR5cCI6IkpXVCJ9.eyJpZCI6NDksInVzZXJOYW1lIjoiMUAxLmNvbSIsImlhdCI6MTYwNTM1NzcyNSwiZXhwIjoxNjA1NDQ0MTI1fQ.ZOtjV2ZGncqIuch7FMbwFf1HyfDV8T7x_G33wJ7tLLs&loginType=normal HTTP/1.1" 200 776 "" "Mozilla/5.0 (Macintosh; Intel Mac OS X 10_15_7) AppleWebKit/537.36 (KHTML, like Gecko) Chrome/86.0.4240.111 Safari/537.36"
[2020-11-14T22:07:16.279] [INFO] http - ::1 - - "OPTIONS /information/publicList HTTP/1.1" 200 8 "" "Mozilla/5.0 (Macintosh; Intel Mac OS X 10_15_7) AppleWebKit/537.36 (KHTML, like Gecko) Chrome/86.0.4240.111 Safari/537.36"
[2020-11-14T22:07:16.283] [INFO] http - ::1 - - "OPTIONS /blog/bloglist HTTP/1.1" 200 8 "" "Mozilla/5.0 (Macintosh; Intel Mac OS X 10_15_7) AppleWebKit/537.36 (KHTML, like Gecko) Chrome/86.0.4240.111 Safari/537.36"
[2020-11-14T22:07:16.295] [INFO] http - ::1 - - "GET /information/publicList HTTP/1.1" 200 44 "" "Mozilla/5.0 (Macintosh; Intel Mac OS X 10_15_7) AppleWebKit/537.36 (KHTML, like Gecko) Chrome/86.0.4240.111 Safari/537.36"
[2020-11-14T22:07:16.301] [INFO] http - ::1 - - "GET /blog/bloglist HTTP/1.1" 200 1545 "" "Mozilla/5.0 (Macintosh; Intel Mac OS X 10_15_7) AppleWebKit/537.36 (KHTML, like Gecko) Chrome/86.0.4240.111 Safari/537.36"
[2020-11-14T22:08:17.536] [INFO] http - ::1 - - "OPTIONS /information/publicList HTTP/1.1" 200 8 "" "Mozilla/5.0 (Macintosh; Intel Mac OS X 10_15_7) AppleWebKit/537.36 (KHTML, like Gecko) Chrome/86.0.4240.111 Safari/537.36"
[2020-11-14T22:08:17.537] [INFO] http - ::1 - - "OPTIONS /blog/bloglist HTTP/1.1" 200 8 "" "Mozilla/5.0 (Macintosh; Intel Mac OS X 10_15_7) AppleWebKit/537.36 (KHTML, like Gecko) Chrome/86.0.4240.111 Safari/537.36"
[2020-11-14T22:08:17.547] [WARN] http - ::1 - - "GET /information/publicList HTTP/1.1" 304 - "" "Mozilla/5.0 (Macintosh; Intel Mac OS X 10_15_7) AppleWebKit/537.36 (KHTML, like Gecko) Chrome/86.0.4240.111 Safari/537.36"
[2020-11-14T22:08:17.549] [WARN] http - ::1 - - "GET /blog/bloglist HTTP/1.1" 304 - "" "Mozilla/5.0 (Macintosh; Intel Mac OS X 10_15_7) AppleWebKit/537.36 (KHTML, like Gecko) Chrome/86.0.4240.111 Safari/537.36"
[2020-11-14T22:08:23.546] [INFO] http - ::1 - - "OPTIONS /user/logout HTTP/1.1" 200 4 "" "Mozilla/5.0 (Macintosh; Intel Mac OS X 10_15_7) AppleWebKit/537.36 (KHTML, like Gecko) Chrome/86.0.4240.111 Safari/537.36"
[2020-11-14T22:08:23.547] [INFO] http - ::1 - - "POST /user/logout HTTP/1.1" 200 32 "" "Mozilla/5.0 (Macintosh; Intel Mac OS X 10_15_7) AppleWebKit/537.36 (KHTML, like Gecko) Chrome/86.0.4240.111 Safari/537.36"
[2020-11-14T22:08:27.782] [INFO] http - ::1 - - "OPTIONS /user/login HTTP/1.1" 200 4 "" "Mozilla/5.0 (Macintosh; Intel Mac OS X 10_15_7) AppleWebKit/537.36 (KHTML, like Gecko) Chrome/86.0.4240.111 Safari/537.36"
[2020-11-14T22:08:27.866] [INFO] http - ::1 - - "POST /user/login HTTP/1.1" 200 612 "" "Mozilla/5.0 (Macintosh; Intel Mac OS X 10_15_7) AppleWebKit/537.36 (KHTML, like Gecko) Chrome/86.0.4240.111 Safari/537.36"
[2020-11-14T22:08:28.537] [INFO] http - ::1 - - "OPTIONS /user/profileInfo?token=eyJhbGciOiJIUzI1NiIsInR5cCI6IkpXVCJ9.eyJpZCI6MTkzLCJ1c2VyTmFtZSI6IumWuyDmlofluKUiLCJpYXQiOjE2MDUzNTkzMDcsImV4cCI6MTYwNTQ0NTcwN30.Z1rFLBfsWJKtPK4bSyDGkEXNTXEJrhtsRg5s7WZNgjs&loginType=Facebook HTTP/1.1" 200 8 "" "Mozilla/5.0 (Macintosh; Intel Mac OS X 10_15_7) AppleWebKit/537.36 (KHTML, like Gecko) Chrome/86.0.4240.111 Safari/537.36"
[2020-11-14T22:08:28.539] [INFO] http - ::1 - - "GET /user/profileInfo?token=eyJhbGciOiJIUzI1NiIsInR5cCI6IkpXVCJ9.eyJpZCI6MTkzLCJ1c2VyTmFtZSI6IumWuyDmlofluKUiLCJpYXQiOjE2MDUzNTkzMDcsImV4cCI6MTYwNTQ0NTcwN30.Z1rFLBfsWJKtPK4bSyDGkEXNTXEJrhtsRg5s7WZNgjs&loginType=Facebook HTTP/1.1" 200 353 "" "Mozilla/5.0 (Macintosh; Intel Mac OS X 10_15_7) AppleWebKit/537.36 (KHTML, like Gecko) Chrome/86.0.4240.111 Safari/537.36"
[2020-11-14T22:08:28.592] [INFO] http - ::1 - - "OPTIONS /information/publicList HTTP/1.1" 200 8 "" "Mozilla/5.0 (Macintosh; Intel Mac OS X 10_15_7) AppleWebKit/537.36 (KHTML, like Gecko) Chrome/86.0.4240.111 Safari/537.36"
[2020-11-14T22:08:28.593] [INFO] http - ::1 - - "OPTIONS /blog/bloglist HTTP/1.1" 200 8 "" "Mozilla/5.0 (Macintosh; Intel Mac OS X 10_15_7) AppleWebKit/537.36 (KHTML, like Gecko) Chrome/86.0.4240.111 Safari/537.36"
[2020-11-14T22:08:28.600] [WARN] http - ::1 - - "GET /information/publicList HTTP/1.1" 304 - "" "Mozilla/5.0 (Macintosh; Intel Mac OS X 10_15_7) AppleWebKit/537.36 (KHTML, like Gecko) Chrome/86.0.4240.111 Safari/537.36"
[2020-11-14T22:08:28.603] [WARN] http - ::1 - - "GET /blog/bloglist HTTP/1.1" 304 - "" "Mozilla/5.0 (Macintosh; Intel Mac OS X 10_15_7) AppleWebKit/537.36 (KHTML, like Gecko) Chrome/86.0.4240.111 Safari/537.36"
[2020-11-14T22:08:45.144] [INFO] http - ::1 - - "OPTIONS /user/profileInfo?token=eyJhbGciOiJIUzI1NiIsInR5cCI6IkpXVCJ9.eyJpZCI6MTkzLCJ1c2VyTmFtZSI6IumWuyDmlofluKUiLCJpYXQiOjE2MDUzNTkzMDcsImV4cCI6MTYwNTQ0NTcwN30.Z1rFLBfsWJKtPK4bSyDGkEXNTXEJrhtsRg5s7WZNgjs&loginType=Facebook HTTP/1.1" 200 8 "" "Mozilla/5.0 (Macintosh; Intel Mac OS X 10_15_7) AppleWebKit/537.36 (KHTML, like Gecko) Chrome/86.0.4240.111 Safari/537.36"
[2020-11-14T22:08:45.146] [WARN] http - ::1 - - "GET /user/profileInfo?token=eyJhbGciOiJIUzI1NiIsInR5cCI6IkpXVCJ9.eyJpZCI6MTkzLCJ1c2VyTmFtZSI6IumWuyDmlofluKUiLCJpYXQiOjE2MDUzNTkzMDcsImV4cCI6MTYwNTQ0NTcwN30.Z1rFLBfsWJKtPK4bSyDGkEXNTXEJrhtsRg5s7WZNgjs&loginType=Facebook HTTP/1.1" 304 - "" "Mozilla/5.0 (Macintosh; Intel Mac OS X 10_15_7) AppleWebKit/537.36 (KHTML, like Gecko) Chrome/86.0.4240.111 Safari/537.36"
[2020-11-14T22:08:45.253] [INFO] http - ::1 - - "OPTIONS /information/publicList HTTP/1.1" 200 8 "" "Mozilla/5.0 (Macintosh; Intel Mac OS X 10_15_7) AppleWebKit/537.36 (KHTML, like Gecko) Chrome/86.0.4240.111 Safari/537.36"
[2020-11-14T22:08:45.258] [INFO] http - ::1 - - "OPTIONS /blog/bloglist HTTP/1.1" 200 8 "" "Mozilla/5.0 (Macintosh; Intel Mac OS X 10_15_7) AppleWebKit/537.36 (KHTML, like Gecko) Chrome/86.0.4240.111 Safari/537.36"
[2020-11-14T22:08:45.271] [WARN] http - ::1 - - "GET /information/publicList HTTP/1.1" 304 - "" "Mozilla/5.0 (Macintosh; Intel Mac OS X 10_15_7) AppleWebKit/537.36 (KHTML, like Gecko) Chrome/86.0.4240.111 Safari/537.36"
[2020-11-14T22:08:45.273] [WARN] http - ::1 - - "GET /blog/bloglist HTTP/1.1" 304 - "" "Mozilla/5.0 (Macintosh; Intel Mac OS X 10_15_7) AppleWebKit/537.36 (KHTML, like Gecko) Chrome/86.0.4240.111 Safari/537.36"
[2020-11-14T22:08:49.639] [INFO] http - ::1 - - "OPTIONS /user/logout HTTP/1.1" 200 4 "" "Mozilla/5.0 (Macintosh; Intel Mac OS X 10_15_7) AppleWebKit/537.36 (KHTML, like Gecko) Chrome/86.0.4240.111 Safari/537.36"
[2020-11-14T22:08:49.640] [INFO] http - ::1 - - "POST /user/logout HTTP/1.1" 200 32 "" "Mozilla/5.0 (Macintosh; Intel Mac OS X 10_15_7) AppleWebKit/537.36 (KHTML, like Gecko) Chrome/86.0.4240.111 Safari/537.36"
[2020-11-14T22:08:49.693] [WARN] http - ::1 - - "GET /information/publicList HTTP/1.1" 304 - "" "Mozilla/5.0 (Macintosh; Intel Mac OS X 10_15_7) AppleWebKit/537.36 (KHTML, like Gecko) Chrome/86.0.4240.111 Safari/537.36"
[2020-11-14T22:08:49.694] [WARN] http - ::1 - - "GET /blog/bloglist HTTP/1.1" 304 - "" "Mozilla/5.0 (Macintosh; Intel Mac OS X 10_15_7) AppleWebKit/537.36 (KHTML, like Gecko) Chrome/86.0.4240.111 Safari/537.36"
[2020-11-14T22:08:52.020] [INFO] http - ::1 - - "OPTIONS /user/login HTTP/1.1" 200 4 "" "Mozilla/5.0 (Macintosh; Intel Mac OS X 10_15_7) AppleWebKit/537.36 (KHTML, like Gecko) Chrome/86.0.4240.111 Safari/537.36"
[2020-11-14T22:08:52.104] [INFO] http - ::1 - - "POST /user/login HTTP/1.1" 200 612 "" "Mozilla/5.0 (Macintosh; Intel Mac OS X 10_15_7) AppleWebKit/537.36 (KHTML, like Gecko) Chrome/86.0.4240.111 Safari/537.36"
[2020-11-14T22:08:52.553] [INFO] http - ::1 - - "OPTIONS /user/profileInfo?token=eyJhbGciOiJIUzI1NiIsInR5cCI6IkpXVCJ9.eyJpZCI6MTkzLCJ1c2VyTmFtZSI6IumWuyDmlofluKUiLCJpYXQiOjE2MDUzNTkzMzIsImV4cCI6MTYwNTQ0NTczMn0.GM1Itz8FE46OxSYZixvHSeCSdXxFZ6r-4g7Q2FO2D08&loginType=Facebook HTTP/1.1" 200 8 "" "Mozilla/5.0 (Macintosh; Intel Mac OS X 10_15_7) AppleWebKit/537.36 (KHTML, like Gecko) Chrome/86.0.4240.111 Safari/537.36"
[2020-11-14T22:08:52.555] [INFO] http - ::1 - - "GET /user/profileInfo?token=eyJhbGciOiJIUzI1NiIsInR5cCI6IkpXVCJ9.eyJpZCI6MTkzLCJ1c2VyTmFtZSI6IumWuyDmlofluKUiLCJpYXQiOjE2MDUzNTkzMzIsImV4cCI6MTYwNTQ0NTczMn0.GM1Itz8FE46OxSYZixvHSeCSdXxFZ6r-4g7Q2FO2D08&loginType=Facebook HTTP/1.1" 200 353 "" "Mozilla/5.0 (Macintosh; Intel Mac OS X 10_15_7) AppleWebKit/537.36 (KHTML, like Gecko) Chrome/86.0.4240.111 Safari/537.36"
[2020-11-14T22:08:52.589] [INFO] http - ::1 - - "OPTIONS /information/publicList HTTP/1.1" 200 8 "" "Mozilla/5.0 (Macintosh; Intel Mac OS X 10_15_7) AppleWebKit/537.36 (KHTML, like Gecko) Chrome/86.0.4240.111 Safari/537.36"
[2020-11-14T22:08:52.590] [INFO] http - ::1 - - "OPTIONS /blog/bloglist HTTP/1.1" 200 8 "" "Mozilla/5.0 (Macintosh; Intel Mac OS X 10_15_7) AppleWebKit/537.36 (KHTML, like Gecko) Chrome/86.0.4240.111 Safari/537.36"
[2020-11-14T22:08:52.597] [WARN] http - ::1 - - "GET /information/publicList HTTP/1.1" 304 - "" "Mozilla/5.0 (Macintosh; Intel Mac OS X 10_15_7) AppleWebKit/537.36 (KHTML, like Gecko) Chrome/86.0.4240.111 Safari/537.36"
[2020-11-14T22:08:52.602] [WARN] http - ::1 - - "GET /blog/bloglist HTTP/1.1" 304 - "" "Mozilla/5.0 (Macintosh; Intel Mac OS X 10_15_7) AppleWebKit/537.36 (KHTML, like Gecko) Chrome/86.0.4240.111 Safari/537.36"
[2020-11-14T22:09:00.923] [INFO] http - ::1 - - "OPTIONS /user/logout HTTP/1.1" 200 4 "" "Mozilla/5.0 (Macintosh; Intel Mac OS X 10_15_7) AppleWebKit/537.36 (KHTML, like Gecko) Chrome/86.0.4240.111 Safari/537.36"
[2020-11-14T22:09:00.924] [INFO] http - ::1 - - "POST /user/logout HTTP/1.1" 200 32 "" "Mozilla/5.0 (Macintosh; Intel Mac OS X 10_15_7) AppleWebKit/537.36 (KHTML, like Gecko) Chrome/86.0.4240.111 Safari/537.36"
[2020-11-14T22:09:01.005] [INFO] http - ::1 - - "OPTIONS /information/publicList HTTP/1.1" 200 8 "" "Mozilla/5.0 (Macintosh; Intel Mac OS X 10_15_7) AppleWebKit/537.36 (KHTML, like Gecko) Chrome/86.0.4240.111 Safari/537.36"
[2020-11-14T22:09:01.006] [INFO] http - ::1 - - "OPTIONS /blog/bloglist HTTP/1.1" 200 8 "" "Mozilla/5.0 (Macintosh; Intel Mac OS X 10_15_7) AppleWebKit/537.36 (KHTML, like Gecko) Chrome/86.0.4240.111 Safari/537.36"
[2020-11-14T22:09:01.012] [WARN] http - ::1 - - "GET /information/publicList HTTP/1.1" 304 - "" "Mozilla/5.0 (Macintosh; Intel Mac OS X 10_15_7) AppleWebKit/537.36 (KHTML, like Gecko) Chrome/86.0.4240.111 Safari/537.36"
[2020-11-14T22:09:01.012] [WARN] http - ::1 - - "GET /blog/bloglist HTTP/1.1" 304 - "" "Mozilla/5.0 (Macintosh; Intel Mac OS X 10_15_7) AppleWebKit/537.36 (KHTML, like Gecko) Chrome/86.0.4240.111 Safari/537.36"
[2020-11-14T22:09:07.428] [INFO] http - ::1 - - "OPTIONS /user/login HTTP/1.1" 200 4 "" "Mozilla/5.0 (Macintosh; Intel Mac OS X 10_15_7) AppleWebKit/537.36 (KHTML, like Gecko) Chrome/86.0.4240.111 Safari/537.36"
[2020-11-14T22:09:07.512] [INFO] http - ::1 - - "POST /user/login HTTP/1.1" 200 498 "" "Mozilla/5.0 (Macintosh; Intel Mac OS X 10_15_7) AppleWebKit/537.36 (KHTML, like Gecko) Chrome/86.0.4240.111 Safari/537.36"
[2020-11-14T22:09:07.520] [INFO] http - ::1 - - "OPTIONS /user/profileInfo?token=eyJhbGciOiJIUzI1NiIsInR5cCI6IkpXVCJ9.eyJpZCI6NDksInVzZXJOYW1lIjoiMUAxLmNvbSIsImlhdCI6MTYwNTM1OTM0NywiZXhwIjoxNjA1NDQ1NzQ3fQ.-G0Omd_vXH5Igaq83B3VLH_dEDRxt38CnmDCjw9X8K0&loginType=normal HTTP/1.1" 200 8 "" "Mozilla/5.0 (Macintosh; Intel Mac OS X 10_15_7) AppleWebKit/537.36 (KHTML, like Gecko) Chrome/86.0.4240.111 Safari/537.36"
[2020-11-14T22:09:07.526] [INFO] http - ::1 - - "GET /user/profileInfo?token=eyJhbGciOiJIUzI1NiIsInR5cCI6IkpXVCJ9.eyJpZCI6NDksInVzZXJOYW1lIjoiMUAxLmNvbSIsImlhdCI6MTYwNTM1OTM0NywiZXhwIjoxNjA1NDQ1NzQ3fQ.-G0Omd_vXH5Igaq83B3VLH_dEDRxt38CnmDCjw9X8K0&loginType=normal HTTP/1.1" 200 776 "" "Mozilla/5.0 (Macintosh; Intel Mac OS X 10_15_7) AppleWebKit/537.36 (KHTML, like Gecko) Chrome/86.0.4240.111 Safari/537.36"
[2020-11-14T22:09:07.628] [INFO] http - ::1 - - "OPTIONS /information/publicList HTTP/1.1" 200 8 "" "Mozilla/5.0 (Macintosh; Intel Mac OS X 10_15_7) AppleWebKit/537.36 (KHTML, like Gecko) Chrome/86.0.4240.111 Safari/537.36"
[2020-11-14T22:09:07.629] [INFO] http - ::1 - - "OPTIONS /blog/bloglist HTTP/1.1" 200 8 "" "Mozilla/5.0 (Macintosh; Intel Mac OS X 10_15_7) AppleWebKit/537.36 (KHTML, like Gecko) Chrome/86.0.4240.111 Safari/537.36"
[2020-11-14T22:09:07.634] [WARN] http - ::1 - - "GET /information/publicList HTTP/1.1" 304 - "" "Mozilla/5.0 (Macintosh; Intel Mac OS X 10_15_7) AppleWebKit/537.36 (KHTML, like Gecko) Chrome/86.0.4240.111 Safari/537.36"
[2020-11-14T22:09:07.635] [WARN] http - ::1 - - "GET /blog/bloglist HTTP/1.1" 304 - "" "Mozilla/5.0 (Macintosh; Intel Mac OS X 10_15_7) AppleWebKit/537.36 (KHTML, like Gecko) Chrome/86.0.4240.111 Safari/537.36"
[2020-11-14T22:21:24.375] [INFO] http - ::1 - - "OPTIONS /information/publicList HTTP/1.1" 200 8 "" "Mozilla/5.0 (Macintosh; Intel Mac OS X 10_15_7) AppleWebKit/537.36 (KHTML, like Gecko) Chrome/86.0.4240.111 Safari/537.36"
[2020-11-14T22:21:24.377] [INFO] http - ::1 - - "OPTIONS /blog/bloglist HTTP/1.1" 200 8 "" "Mozilla/5.0 (Macintosh; Intel Mac OS X 10_15_7) AppleWebKit/537.36 (KHTML, like Gecko) Chrome/86.0.4240.111 Safari/537.36"
[2020-11-14T22:21:24.383] [WARN] http - ::1 - - "GET /information/publicList HTTP/1.1" 304 - "" "Mozilla/5.0 (Macintosh; Intel Mac OS X 10_15_7) AppleWebKit/537.36 (KHTML, like Gecko) Chrome/86.0.4240.111 Safari/537.36"
[2020-11-14T22:21:24.385] [WARN] http - ::1 - - "GET /blog/bloglist HTTP/1.1" 304 - "" "Mozilla/5.0 (Macintosh; Intel Mac OS X 10_15_7) AppleWebKit/537.36 (KHTML, like Gecko) Chrome/86.0.4240.111 Safari/537.36"
[2020-11-14T22:21:25.967] [INFO] http - ::1 - - "OPTIONS /user/profileInfo?token=eyJhbGciOiJIUzI1NiIsInR5cCI6IkpXVCJ9.eyJpZCI6NDksInVzZXJOYW1lIjoiMUAxLmNvbSIsImlhdCI6MTYwNTM1OTM0NywiZXhwIjoxNjA1NDQ1NzQ3fQ.-G0Omd_vXH5Igaq83B3VLH_dEDRxt38CnmDCjw9X8K0&loginType=normal HTTP/1.1" 200 8 "" "Mozilla/5.0 (Macintosh; Intel Mac OS X 10_15_7) AppleWebKit/537.36 (KHTML, like Gecko) Chrome/86.0.4240.111 Safari/537.36"
[2020-11-14T22:21:25.973] [WARN] http - ::1 - - "GET /user/profileInfo?token=eyJhbGciOiJIUzI1NiIsInR5cCI6IkpXVCJ9.eyJpZCI6NDksInVzZXJOYW1lIjoiMUAxLmNvbSIsImlhdCI6MTYwNTM1OTM0NywiZXhwIjoxNjA1NDQ1NzQ3fQ.-G0Omd_vXH5Igaq83B3VLH_dEDRxt38CnmDCjw9X8K0&loginType=normal HTTP/1.1" 304 - "" "Mozilla/5.0 (Macintosh; Intel Mac OS X 10_15_7) AppleWebKit/537.36 (KHTML, like Gecko) Chrome/86.0.4240.111 Safari/537.36"
[2020-11-14T22:21:28.453] [INFO] http - ::1 - - "OPTIONS /action/queryAction HTTP/1.1" 200 8 "" "Mozilla/5.0 (Macintosh; Intel Mac OS X 10_15_7) AppleWebKit/537.36 (KHTML, like Gecko) Chrome/86.0.4240.111 Safari/537.36"
[2020-11-14T22:21:28.460] [WARN] http - ::1 - - "GET /action/queryAction HTTP/1.1" 304 - "" "Mozilla/5.0 (Macintosh; Intel Mac OS X 10_15_7) AppleWebKit/537.36 (KHTML, like Gecko) Chrome/86.0.4240.111 Safari/537.36"
