[2020-07-11T22:15:26.096] [ERROR] users - ログイン失敗:[object Object]
[2020-07-11T22:19:44.001] [ERROR] users - ログイン失敗:1@1.com
[2020-07-11T22:31:11.064] [ERROR] users - ログイン失敗:1@1.com
[2020-07-13T10:14:01.078] [ERROR] userDao - getUserProfileByUserID error:SequelizeDatabaseError: Unknown column 'UserProfile.sns_facebook' in 'field list'
    at Query.formatError (/Users/yws/Dev/OreSupport_gitHub/PBL2020/OreSupport/ore-SupportServer/oreServer/node_modules/sequelize/lib/dialects/mysql/query.js:244:16)
    at Query.handler [as onResult] (/Users/yws/Dev/OreSupport_gitHub/PBL2020/OreSupport/ore-SupportServer/oreServer/node_modules/sequelize/lib/dialects/mysql/query.js:51:23)
    at Query.execute (/Users/yws/Dev/OreSupport_gitHub/PBL2020/OreSupport/ore-SupportServer/oreServer/node_modules/mysql2/lib/commands/command.js:30:14)
    at Connection.handlePacket (/Users/yws/Dev/OreSupport_gitHub/PBL2020/OreSupport/ore-SupportServer/oreServer/node_modules/mysql2/lib/connection.js:417:32)
    at PacketParser.onPacket (/Users/yws/Dev/OreSupport_gitHub/PBL2020/OreSupport/ore-SupportServer/oreServer/node_modules/mysql2/lib/connection.js:75:12)
    at PacketParser.executeStart (/Users/yws/Dev/OreSupport_gitHub/PBL2020/OreSupport/ore-SupportServer/oreServer/node_modules/mysql2/lib/packet_parser.js:75:16)
    at Socket.<anonymous> (/Users/yws/Dev/OreSupport_gitHub/PBL2020/OreSupport/ore-SupportServer/oreServer/node_modules/mysql2/lib/connection.js:82:25)
    at Socket.emit (events.js:311:20)
    at addChunk (_stream_readable.js:294:12)
    at readableAddChunk (_stream_readable.js:275:11)
    at Socket.Readable.push (_stream_readable.js:209:10)
    at TCP.onStreamRead (internal/stream_base_commons.js:186:23)
[2020-07-13T10:14:03.614] [ERROR] userDao - getUserProfileByUserID error:SequelizeDatabaseError: Unknown column 'UserProfile.sns_facebook' in 'field list'
    at Query.formatError (/Users/yws/Dev/OreSupport_gitHub/PBL2020/OreSupport/ore-SupportServer/oreServer/node_modules/sequelize/lib/dialects/mysql/query.js:244:16)
    at Query.handler [as onResult] (/Users/yws/Dev/OreSupport_gitHub/PBL2020/OreSupport/ore-SupportServer/oreServer/node_modules/sequelize/lib/dialects/mysql/query.js:51:23)
    at Query.execute (/Users/yws/Dev/OreSupport_gitHub/PBL2020/OreSupport/ore-SupportServer/oreServer/node_modules/mysql2/lib/commands/command.js:30:14)
    at Connection.handlePacket (/Users/yws/Dev/OreSupport_gitHub/PBL2020/OreSupport/ore-SupportServer/oreServer/node_modules/mysql2/lib/connection.js:417:32)
    at PacketParser.onPacket (/Users/yws/Dev/OreSupport_gitHub/PBL2020/OreSupport/ore-SupportServer/oreServer/node_modules/mysql2/lib/connection.js:75:12)
    at PacketParser.executeStart (/Users/yws/Dev/OreSupport_gitHub/PBL2020/OreSupport/ore-SupportServer/oreServer/node_modules/mysql2/lib/packet_parser.js:75:16)
    at Socket.<anonymous> (/Users/yws/Dev/OreSupport_gitHub/PBL2020/OreSupport/ore-SupportServer/oreServer/node_modules/mysql2/lib/connection.js:82:25)
    at Socket.emit (events.js:311:20)
    at addChunk (_stream_readable.js:294:12)
    at readableAddChunk (_stream_readable.js:275:11)
    at Socket.Readable.push (_stream_readable.js:209:10)
    at TCP.onStreamRead (internal/stream_base_commons.js:186:23)
[2020-07-13T10:14:04.265] [ERROR] userDao - getUserProfileByUserID error:SequelizeDatabaseError: Unknown column 'UserProfile.sns_facebook' in 'field list'
    at Query.formatError (/Users/yws/Dev/OreSupport_gitHub/PBL2020/OreSupport/ore-SupportServer/oreServer/node_modules/sequelize/lib/dialects/mysql/query.js:244:16)
    at Query.handler [as onResult] (/Users/yws/Dev/OreSupport_gitHub/PBL2020/OreSupport/ore-SupportServer/oreServer/node_modules/sequelize/lib/dialects/mysql/query.js:51:23)
    at Query.execute (/Users/yws/Dev/OreSupport_gitHub/PBL2020/OreSupport/ore-SupportServer/oreServer/node_modules/mysql2/lib/commands/command.js:30:14)
    at Connection.handlePacket (/Users/yws/Dev/OreSupport_gitHub/PBL2020/OreSupport/ore-SupportServer/oreServer/node_modules/mysql2/lib/connection.js:417:32)
    at PacketParser.onPacket (/Users/yws/Dev/OreSupport_gitHub/PBL2020/OreSupport/ore-SupportServer/oreServer/node_modules/mysql2/lib/connection.js:75:12)
    at PacketParser.executeStart (/Users/yws/Dev/OreSupport_gitHub/PBL2020/OreSupport/ore-SupportServer/oreServer/node_modules/mysql2/lib/packet_parser.js:75:16)
    at Socket.<anonymous> (/Users/yws/Dev/OreSupport_gitHub/PBL2020/OreSupport/ore-SupportServer/oreServer/node_modules/mysql2/lib/connection.js:82:25)
    at Socket.emit (events.js:311:20)
    at addChunk (_stream_readable.js:294:12)
    at readableAddChunk (_stream_readable.js:275:11)
    at Socket.Readable.push (_stream_readable.js:209:10)
    at TCP.onStreamRead (internal/stream_base_commons.js:186:23)
[2020-07-13T10:14:24.420] [ERROR] userDao - getUserProfileByUserID error:SequelizeDatabaseError: Unknown column 'UserProfile.sns_facebook' in 'field list'
    at Query.formatError (/Users/yws/Dev/OreSupport_gitHub/PBL2020/OreSupport/ore-SupportServer/oreServer/node_modules/sequelize/lib/dialects/mysql/query.js:244:16)
    at Query.handler [as onResult] (/Users/yws/Dev/OreSupport_gitHub/PBL2020/OreSupport/ore-SupportServer/oreServer/node_modules/sequelize/lib/dialects/mysql/query.js:51:23)
    at Query.execute (/Users/yws/Dev/OreSupport_gitHub/PBL2020/OreSupport/ore-SupportServer/oreServer/node_modules/mysql2/lib/commands/command.js:30:14)
    at Connection.handlePacket (/Users/yws/Dev/OreSupport_gitHub/PBL2020/OreSupport/ore-SupportServer/oreServer/node_modules/mysql2/lib/connection.js:417:32)
    at PacketParser.onPacket (/Users/yws/Dev/OreSupport_gitHub/PBL2020/OreSupport/ore-SupportServer/oreServer/node_modules/mysql2/lib/connection.js:75:12)
    at PacketParser.executeStart (/Users/yws/Dev/OreSupport_gitHub/PBL2020/OreSupport/ore-SupportServer/oreServer/node_modules/mysql2/lib/packet_parser.js:75:16)
    at Socket.<anonymous> (/Users/yws/Dev/OreSupport_gitHub/PBL2020/OreSupport/ore-SupportServer/oreServer/node_modules/mysql2/lib/connection.js:82:25)
    at Socket.emit (events.js:311:20)
    at addChunk (_stream_readable.js:294:12)
    at readableAddChunk (_stream_readable.js:275:11)
    at Socket.Readable.push (_stream_readable.js:209:10)
    at TCP.onStreamRead (internal/stream_base_commons.js:186:23)
[2020-07-13T13:00:11.415] [ERROR] app - アクセスエラー TypeError: Cannot read property 'indexOf' of undefined
    at /Users/yws/Dev/OreSupport_gitHub/PBL2020/OreSupport/ore-SupportServer/oreServer/app.js:34:14
    at Array.forEach (<anonymous>)
    at crossopt (/Users/yws/Dev/OreSupport_gitHub/PBL2020/OreSupport/ore-SupportServer/oreServer/app.js:33:13)
    at Layer.handle [as handle_request] (/Users/yws/Dev/OreSupport_gitHub/PBL2020/OreSupport/ore-SupportServer/oreServer/node_modules/express/lib/router/layer.js:95:5)
    at trim_prefix (/Users/yws/Dev/OreSupport_gitHub/PBL2020/OreSupport/ore-SupportServer/oreServer/node_modules/express/lib/router/index.js:317:13)
    at /Users/yws/Dev/OreSupport_gitHub/PBL2020/OreSupport/ore-SupportServer/oreServer/node_modules/express/lib/router/index.js:284:7
    at Function.process_params (/Users/yws/Dev/OreSupport_gitHub/PBL2020/OreSupport/ore-SupportServer/oreServer/node_modules/express/lib/router/index.js:335:12)
    at next (/Users/yws/Dev/OreSupport_gitHub/PBL2020/OreSupport/ore-SupportServer/oreServer/node_modules/express/lib/router/index.js:275:10)
    at expressInit (/Users/yws/Dev/OreSupport_gitHub/PBL2020/OreSupport/ore-SupportServer/oreServer/node_modules/express/lib/middleware/init.js:40:5)
    at Layer.handle [as handle_request] (/Users/yws/Dev/OreSupport_gitHub/PBL2020/OreSupport/ore-SupportServer/oreServer/node_modules/express/lib/router/layer.js:95:5)
    at trim_prefix (/Users/yws/Dev/OreSupport_gitHub/PBL2020/OreSupport/ore-SupportServer/oreServer/node_modules/express/lib/router/index.js:317:13)
    at /Users/yws/Dev/OreSupport_gitHub/PBL2020/OreSupport/ore-SupportServer/oreServer/node_modules/express/lib/router/index.js:284:7
    at Function.process_params (/Users/yws/Dev/OreSupport_gitHub/PBL2020/OreSupport/ore-SupportServer/oreServer/node_modules/express/lib/router/index.js:335:12)
    at next (/Users/yws/Dev/OreSupport_gitHub/PBL2020/OreSupport/ore-SupportServer/oreServer/node_modules/express/lib/router/index.js:275:10)
    at query (/Users/yws/Dev/OreSupport_gitHub/PBL2020/OreSupport/ore-SupportServer/oreServer/node_modules/express/lib/middleware/query.js:45:5)
    at Layer.handle [as handle_request] (/Users/yws/Dev/OreSupport_gitHub/PBL2020/OreSupport/ore-SupportServer/oreServer/node_modules/express/lib/router/layer.js:95:5)
    at trim_prefix (/Users/yws/Dev/OreSupport_gitHub/PBL2020/OreSupport/ore-SupportServer/oreServer/node_modules/express/lib/router/index.js:317:13)
    at /Users/yws/Dev/OreSupport_gitHub/PBL2020/OreSupport/ore-SupportServer/oreServer/node_modules/express/lib/router/index.js:284:7
    at Function.process_params (/Users/yws/Dev/OreSupport_gitHub/PBL2020/OreSupport/ore-SupportServer/oreServer/node_modules/express/lib/router/index.js:335:12)
    at next (/Users/yws/Dev/OreSupport_gitHub/PBL2020/OreSupport/ore-SupportServer/oreServer/node_modules/express/lib/router/index.js:275:10)
    at Function.handle (/Users/yws/Dev/OreSupport_gitHub/PBL2020/OreSupport/ore-SupportServer/oreServer/node_modules/express/lib/router/index.js:174:3)
    at Function.handle (/Users/yws/Dev/OreSupport_gitHub/PBL2020/OreSupport/ore-SupportServer/oreServer/node_modules/express/lib/application.js:174:10)
[2020-07-13T13:00:21.523] [ERROR] app - アクセスエラー TypeError: Cannot read property 'indexOf' of undefined
    at /Users/yws/Dev/OreSupport_gitHub/PBL2020/OreSupport/ore-SupportServer/oreServer/app.js:34:14
    at Array.forEach (<anonymous>)
    at crossopt (/Users/yws/Dev/OreSupport_gitHub/PBL2020/OreSupport/ore-SupportServer/oreServer/app.js:33:13)
    at Layer.handle [as handle_request] (/Users/yws/Dev/OreSupport_gitHub/PBL2020/OreSupport/ore-SupportServer/oreServer/node_modules/express/lib/router/layer.js:95:5)
    at trim_prefix (/Users/yws/Dev/OreSupport_gitHub/PBL2020/OreSupport/ore-SupportServer/oreServer/node_modules/express/lib/router/index.js:317:13)
    at /Users/yws/Dev/OreSupport_gitHub/PBL2020/OreSupport/ore-SupportServer/oreServer/node_modules/express/lib/router/index.js:284:7
    at Function.process_params (/Users/yws/Dev/OreSupport_gitHub/PBL2020/OreSupport/ore-SupportServer/oreServer/node_modules/express/lib/router/index.js:335:12)
    at next (/Users/yws/Dev/OreSupport_gitHub/PBL2020/OreSupport/ore-SupportServer/oreServer/node_modules/express/lib/router/index.js:275:10)
    at expressInit (/Users/yws/Dev/OreSupport_gitHub/PBL2020/OreSupport/ore-SupportServer/oreServer/node_modules/express/lib/middleware/init.js:40:5)
    at Layer.handle [as handle_request] (/Users/yws/Dev/OreSupport_gitHub/PBL2020/OreSupport/ore-SupportServer/oreServer/node_modules/express/lib/router/layer.js:95:5)
    at trim_prefix (/Users/yws/Dev/OreSupport_gitHub/PBL2020/OreSupport/ore-SupportServer/oreServer/node_modules/express/lib/router/index.js:317:13)
    at /Users/yws/Dev/OreSupport_gitHub/PBL2020/OreSupport/ore-SupportServer/oreServer/node_modules/express/lib/router/index.js:284:7
    at Function.process_params (/Users/yws/Dev/OreSupport_gitHub/PBL2020/OreSupport/ore-SupportServer/oreServer/node_modules/express/lib/router/index.js:335:12)
    at next (/Users/yws/Dev/OreSupport_gitHub/PBL2020/OreSupport/ore-SupportServer/oreServer/node_modules/express/lib/router/index.js:275:10)
    at query (/Users/yws/Dev/OreSupport_gitHub/PBL2020/OreSupport/ore-SupportServer/oreServer/node_modules/express/lib/middleware/query.js:45:5)
    at Layer.handle [as handle_request] (/Users/yws/Dev/OreSupport_gitHub/PBL2020/OreSupport/ore-SupportServer/oreServer/node_modules/express/lib/router/layer.js:95:5)
    at trim_prefix (/Users/yws/Dev/OreSupport_gitHub/PBL2020/OreSupport/ore-SupportServer/oreServer/node_modules/express/lib/router/index.js:317:13)
    at /Users/yws/Dev/OreSupport_gitHub/PBL2020/OreSupport/ore-SupportServer/oreServer/node_modules/express/lib/router/index.js:284:7
    at Function.process_params (/Users/yws/Dev/OreSupport_gitHub/PBL2020/OreSupport/ore-SupportServer/oreServer/node_modules/express/lib/router/index.js:335:12)
    at next (/Users/yws/Dev/OreSupport_gitHub/PBL2020/OreSupport/ore-SupportServer/oreServer/node_modules/express/lib/router/index.js:275:10)
    at Function.handle (/Users/yws/Dev/OreSupport_gitHub/PBL2020/OreSupport/ore-SupportServer/oreServer/node_modules/express/lib/router/index.js:174:3)
    at Function.handle (/Users/yws/Dev/OreSupport_gitHub/PBL2020/OreSupport/ore-SupportServer/oreServer/node_modules/express/lib/application.js:174:10)
[2020-07-13T13:01:33.406] [ERROR] app - アクセスエラー ReferenceError: Host is not defined
    at /Users/yws/Dev/OreSupport_gitHub/PBL2020/OreSupport/ore-SupportServer/oreServer/app.js:34:5
    at Array.forEach (<anonymous>)
    at crossopt (/Users/yws/Dev/OreSupport_gitHub/PBL2020/OreSupport/ore-SupportServer/oreServer/app.js:33:13)
    at Layer.handle [as handle_request] (/Users/yws/Dev/OreSupport_gitHub/PBL2020/OreSupport/ore-SupportServer/oreServer/node_modules/express/lib/router/layer.js:95:5)
    at trim_prefix (/Users/yws/Dev/OreSupport_gitHub/PBL2020/OreSupport/ore-SupportServer/oreServer/node_modules/express/lib/router/index.js:317:13)
    at /Users/yws/Dev/OreSupport_gitHub/PBL2020/OreSupport/ore-SupportServer/oreServer/node_modules/express/lib/router/index.js:284:7
    at Function.process_params (/Users/yws/Dev/OreSupport_gitHub/PBL2020/OreSupport/ore-SupportServer/oreServer/node_modules/express/lib/router/index.js:335:12)
    at next (/Users/yws/Dev/OreSupport_gitHub/PBL2020/OreSupport/ore-SupportServer/oreServer/node_modules/express/lib/router/index.js:275:10)
    at expressInit (/Users/yws/Dev/OreSupport_gitHub/PBL2020/OreSupport/ore-SupportServer/oreServer/node_modules/express/lib/middleware/init.js:40:5)
    at Layer.handle [as handle_request] (/Users/yws/Dev/OreSupport_gitHub/PBL2020/OreSupport/ore-SupportServer/oreServer/node_modules/express/lib/router/layer.js:95:5)
    at trim_prefix (/Users/yws/Dev/OreSupport_gitHub/PBL2020/OreSupport/ore-SupportServer/oreServer/node_modules/express/lib/router/index.js:317:13)
    at /Users/yws/Dev/OreSupport_gitHub/PBL2020/OreSupport/ore-SupportServer/oreServer/node_modules/express/lib/router/index.js:284:7
    at Function.process_params (/Users/yws/Dev/OreSupport_gitHub/PBL2020/OreSupport/ore-SupportServer/oreServer/node_modules/express/lib/router/index.js:335:12)
    at next (/Users/yws/Dev/OreSupport_gitHub/PBL2020/OreSupport/ore-SupportServer/oreServer/node_modules/express/lib/router/index.js:275:10)
    at query (/Users/yws/Dev/OreSupport_gitHub/PBL2020/OreSupport/ore-SupportServer/oreServer/node_modules/express/lib/middleware/query.js:45:5)
    at Layer.handle [as handle_request] (/Users/yws/Dev/OreSupport_gitHub/PBL2020/OreSupport/ore-SupportServer/oreServer/node_modules/express/lib/router/layer.js:95:5)
    at trim_prefix (/Users/yws/Dev/OreSupport_gitHub/PBL2020/OreSupport/ore-SupportServer/oreServer/node_modules/express/lib/router/index.js:317:13)
    at /Users/yws/Dev/OreSupport_gitHub/PBL2020/OreSupport/ore-SupportServer/oreServer/node_modules/express/lib/router/index.js:284:7
    at Function.process_params (/Users/yws/Dev/OreSupport_gitHub/PBL2020/OreSupport/ore-SupportServer/oreServer/node_modules/express/lib/router/index.js:335:12)
    at next (/Users/yws/Dev/OreSupport_gitHub/PBL2020/OreSupport/ore-SupportServer/oreServer/node_modules/express/lib/router/index.js:275:10)
    at Function.handle (/Users/yws/Dev/OreSupport_gitHub/PBL2020/OreSupport/ore-SupportServer/oreServer/node_modules/express/lib/router/index.js:174:3)
    at Function.handle (/Users/yws/Dev/OreSupport_gitHub/PBL2020/OreSupport/ore-SupportServer/oreServer/node_modules/express/lib/application.js:174:10)
[2020-07-13T13:02:12.972] [ERROR] app - アクセスエラー ReferenceError: Host is not defined
    at /Users/yws/Dev/OreSupport_gitHub/PBL2020/OreSupport/ore-SupportServer/oreServer/app.js:34:5
    at Array.forEach (<anonymous>)
    at crossopt (/Users/yws/Dev/OreSupport_gitHub/PBL2020/OreSupport/ore-SupportServer/oreServer/app.js:33:13)
    at Layer.handle [as handle_request] (/Users/yws/Dev/OreSupport_gitHub/PBL2020/OreSupport/ore-SupportServer/oreServer/node_modules/express/lib/router/layer.js:95:5)
    at trim_prefix (/Users/yws/Dev/OreSupport_gitHub/PBL2020/OreSupport/ore-SupportServer/oreServer/node_modules/express/lib/router/index.js:317:13)
    at /Users/yws/Dev/OreSupport_gitHub/PBL2020/OreSupport/ore-SupportServer/oreServer/node_modules/express/lib/router/index.js:284:7
    at Function.process_params (/Users/yws/Dev/OreSupport_gitHub/PBL2020/OreSupport/ore-SupportServer/oreServer/node_modules/express/lib/router/index.js:335:12)
    at next (/Users/yws/Dev/OreSupport_gitHub/PBL2020/OreSupport/ore-SupportServer/oreServer/node_modules/express/lib/router/index.js:275:10)
    at expressInit (/Users/yws/Dev/OreSupport_gitHub/PBL2020/OreSupport/ore-SupportServer/oreServer/node_modules/express/lib/middleware/init.js:40:5)
    at Layer.handle [as handle_request] (/Users/yws/Dev/OreSupport_gitHub/PBL2020/OreSupport/ore-SupportServer/oreServer/node_modules/express/lib/router/layer.js:95:5)
    at trim_prefix (/Users/yws/Dev/OreSupport_gitHub/PBL2020/OreSupport/ore-SupportServer/oreServer/node_modules/express/lib/router/index.js:317:13)
    at /Users/yws/Dev/OreSupport_gitHub/PBL2020/OreSupport/ore-SupportServer/oreServer/node_modules/express/lib/router/index.js:284:7
    at Function.process_params (/Users/yws/Dev/OreSupport_gitHub/PBL2020/OreSupport/ore-SupportServer/oreServer/node_modules/express/lib/router/index.js:335:12)
    at next (/Users/yws/Dev/OreSupport_gitHub/PBL2020/OreSupport/ore-SupportServer/oreServer/node_modules/express/lib/router/index.js:275:10)
    at query (/Users/yws/Dev/OreSupport_gitHub/PBL2020/OreSupport/ore-SupportServer/oreServer/node_modules/express/lib/middleware/query.js:45:5)
    at Layer.handle [as handle_request] (/Users/yws/Dev/OreSupport_gitHub/PBL2020/OreSupport/ore-SupportServer/oreServer/node_modules/express/lib/router/layer.js:95:5)
    at trim_prefix (/Users/yws/Dev/OreSupport_gitHub/PBL2020/OreSupport/ore-SupportServer/oreServer/node_modules/express/lib/router/index.js:317:13)
    at /Users/yws/Dev/OreSupport_gitHub/PBL2020/OreSupport/ore-SupportServer/oreServer/node_modules/express/lib/router/index.js:284:7
    at Function.process_params (/Users/yws/Dev/OreSupport_gitHub/PBL2020/OreSupport/ore-SupportServer/oreServer/node_modules/express/lib/router/index.js:335:12)
    at next (/Users/yws/Dev/OreSupport_gitHub/PBL2020/OreSupport/ore-SupportServer/oreServer/node_modules/express/lib/router/index.js:275:10)
    at Function.handle (/Users/yws/Dev/OreSupport_gitHub/PBL2020/OreSupport/ore-SupportServer/oreServer/node_modules/express/lib/router/index.js:174:3)
    at Function.handle (/Users/yws/Dev/OreSupport_gitHub/PBL2020/OreSupport/ore-SupportServer/oreServer/node_modules/express/lib/application.js:174:10)
[2020-07-13T13:02:14.077] [ERROR] app - アクセスエラー ReferenceError: Host is not defined
    at /Users/yws/Dev/OreSupport_gitHub/PBL2020/OreSupport/ore-SupportServer/oreServer/app.js:34:5
    at Array.forEach (<anonymous>)
    at crossopt (/Users/yws/Dev/OreSupport_gitHub/PBL2020/OreSupport/ore-SupportServer/oreServer/app.js:33:13)
    at Layer.handle [as handle_request] (/Users/yws/Dev/OreSupport_gitHub/PBL2020/OreSupport/ore-SupportServer/oreServer/node_modules/express/lib/router/layer.js:95:5)
    at trim_prefix (/Users/yws/Dev/OreSupport_gitHub/PBL2020/OreSupport/ore-SupportServer/oreServer/node_modules/express/lib/router/index.js:317:13)
    at /Users/yws/Dev/OreSupport_gitHub/PBL2020/OreSupport/ore-SupportServer/oreServer/node_modules/express/lib/router/index.js:284:7
    at Function.process_params (/Users/yws/Dev/OreSupport_gitHub/PBL2020/OreSupport/ore-SupportServer/oreServer/node_modules/express/lib/router/index.js:335:12)
    at next (/Users/yws/Dev/OreSupport_gitHub/PBL2020/OreSupport/ore-SupportServer/oreServer/node_modules/express/lib/router/index.js:275:10)
    at expressInit (/Users/yws/Dev/OreSupport_gitHub/PBL2020/OreSupport/ore-SupportServer/oreServer/node_modules/express/lib/middleware/init.js:40:5)
    at Layer.handle [as handle_request] (/Users/yws/Dev/OreSupport_gitHub/PBL2020/OreSupport/ore-SupportServer/oreServer/node_modules/express/lib/router/layer.js:95:5)
    at trim_prefix (/Users/yws/Dev/OreSupport_gitHub/PBL2020/OreSupport/ore-SupportServer/oreServer/node_modules/express/lib/router/index.js:317:13)
    at /Users/yws/Dev/OreSupport_gitHub/PBL2020/OreSupport/ore-SupportServer/oreServer/node_modules/express/lib/router/index.js:284:7
    at Function.process_params (/Users/yws/Dev/OreSupport_gitHub/PBL2020/OreSupport/ore-SupportServer/oreServer/node_modules/express/lib/router/index.js:335:12)
    at next (/Users/yws/Dev/OreSupport_gitHub/PBL2020/OreSupport/ore-SupportServer/oreServer/node_modules/express/lib/router/index.js:275:10)
    at query (/Users/yws/Dev/OreSupport_gitHub/PBL2020/OreSupport/ore-SupportServer/oreServer/node_modules/express/lib/middleware/query.js:45:5)
    at Layer.handle [as handle_request] (/Users/yws/Dev/OreSupport_gitHub/PBL2020/OreSupport/ore-SupportServer/oreServer/node_modules/express/lib/router/layer.js:95:5)
    at trim_prefix (/Users/yws/Dev/OreSupport_gitHub/PBL2020/OreSupport/ore-SupportServer/oreServer/node_modules/express/lib/router/index.js:317:13)
    at /Users/yws/Dev/OreSupport_gitHub/PBL2020/OreSupport/ore-SupportServer/oreServer/node_modules/express/lib/router/index.js:284:7
    at Function.process_params (/Users/yws/Dev/OreSupport_gitHub/PBL2020/OreSupport/ore-SupportServer/oreServer/node_modules/express/lib/router/index.js:335:12)
    at next (/Users/yws/Dev/OreSupport_gitHub/PBL2020/OreSupport/ore-SupportServer/oreServer/node_modules/express/lib/router/index.js:275:10)
    at Function.handle (/Users/yws/Dev/OreSupport_gitHub/PBL2020/OreSupport/ore-SupportServer/oreServer/node_modules/express/lib/router/index.js:174:3)
    at Function.handle (/Users/yws/Dev/OreSupport_gitHub/PBL2020/OreSupport/ore-SupportServer/oreServer/node_modules/express/lib/application.js:174:10)
[2020-07-13T13:04:44.861] [ERROR] app - アクセスエラー ReferenceError: Host is not defined
    at /Users/yws/Dev/OreSupport_gitHub/PBL2020/OreSupport/ore-SupportServer/oreServer/app.js:34:5
    at Array.forEach (<anonymous>)
    at crossopt (/Users/yws/Dev/OreSupport_gitHub/PBL2020/OreSupport/ore-SupportServer/oreServer/app.js:33:13)
    at Layer.handle [as handle_request] (/Users/yws/Dev/OreSupport_gitHub/PBL2020/OreSupport/ore-SupportServer/oreServer/node_modules/express/lib/router/layer.js:95:5)
    at trim_prefix (/Users/yws/Dev/OreSupport_gitHub/PBL2020/OreSupport/ore-SupportServer/oreServer/node_modules/express/lib/router/index.js:317:13)
    at /Users/yws/Dev/OreSupport_gitHub/PBL2020/OreSupport/ore-SupportServer/oreServer/node_modules/express/lib/router/index.js:284:7
    at Function.process_params (/Users/yws/Dev/OreSupport_gitHub/PBL2020/OreSupport/ore-SupportServer/oreServer/node_modules/express/lib/router/index.js:335:12)
    at next (/Users/yws/Dev/OreSupport_gitHub/PBL2020/OreSupport/ore-SupportServer/oreServer/node_modules/express/lib/router/index.js:275:10)
    at expressInit (/Users/yws/Dev/OreSupport_gitHub/PBL2020/OreSupport/ore-SupportServer/oreServer/node_modules/express/lib/middleware/init.js:40:5)
    at Layer.handle [as handle_request] (/Users/yws/Dev/OreSupport_gitHub/PBL2020/OreSupport/ore-SupportServer/oreServer/node_modules/express/lib/router/layer.js:95:5)
    at trim_prefix (/Users/yws/Dev/OreSupport_gitHub/PBL2020/OreSupport/ore-SupportServer/oreServer/node_modules/express/lib/router/index.js:317:13)
    at /Users/yws/Dev/OreSupport_gitHub/PBL2020/OreSupport/ore-SupportServer/oreServer/node_modules/express/lib/router/index.js:284:7
    at Function.process_params (/Users/yws/Dev/OreSupport_gitHub/PBL2020/OreSupport/ore-SupportServer/oreServer/node_modules/express/lib/router/index.js:335:12)
    at next (/Users/yws/Dev/OreSupport_gitHub/PBL2020/OreSupport/ore-SupportServer/oreServer/node_modules/express/lib/router/index.js:275:10)
    at query (/Users/yws/Dev/OreSupport_gitHub/PBL2020/OreSupport/ore-SupportServer/oreServer/node_modules/express/lib/middleware/query.js:45:5)
    at Layer.handle [as handle_request] (/Users/yws/Dev/OreSupport_gitHub/PBL2020/OreSupport/ore-SupportServer/oreServer/node_modules/express/lib/router/layer.js:95:5)
    at trim_prefix (/Users/yws/Dev/OreSupport_gitHub/PBL2020/OreSupport/ore-SupportServer/oreServer/node_modules/express/lib/router/index.js:317:13)
    at /Users/yws/Dev/OreSupport_gitHub/PBL2020/OreSupport/ore-SupportServer/oreServer/node_modules/express/lib/router/index.js:284:7
    at Function.process_params (/Users/yws/Dev/OreSupport_gitHub/PBL2020/OreSupport/ore-SupportServer/oreServer/node_modules/express/lib/router/index.js:335:12)
    at next (/Users/yws/Dev/OreSupport_gitHub/PBL2020/OreSupport/ore-SupportServer/oreServer/node_modules/express/lib/router/index.js:275:10)
    at Function.handle (/Users/yws/Dev/OreSupport_gitHub/PBL2020/OreSupport/ore-SupportServer/oreServer/node_modules/express/lib/router/index.js:174:3)
    at Function.handle (/Users/yws/Dev/OreSupport_gitHub/PBL2020/OreSupport/ore-SupportServer/oreServer/node_modules/express/lib/application.js:174:10)
[2020-07-13T17:53:23.651] [ERROR] users - login error UserName: undefined
[2020-07-13T17:57:05.130] [ERROR] users - login error UserName: undefined
[2020-07-13T18:00:34.455] [ERROR] users - login error UserName: undefined
[2020-07-13T18:08:49.949] [ERROR] users - login error UserName: undefined
[2020-07-13T18:16:18.434] [ERROR] users - login error UserName: undefined
[2020-07-13T18:18:56.485] [ERROR] users - login error UserName: undefined
[2020-07-13T18:35:54.955] [ERROR] users - login error UserName: 閻 文帥
[2020-08-16T22:39:40.550] [ERROR] app - アクセスエラー TypeError: Cannot read property 'CODE_5008' of undefined
    at /Users/yws/Dev/OreSupport_gitHub/PBL2020/OreSupport/ore-SupportServer/oreServer/common/check.token.js:24:29
    at /Users/yws/Dev/OreSupport_gitHub/PBL2020/OreSupport/ore-SupportServer/oreServer/node_modules/jsonwebtoken/verify.js:152:16
    at getSecret (/Users/yws/Dev/OreSupport_gitHub/PBL2020/OreSupport/ore-SupportServer/oreServer/node_modules/jsonwebtoken/verify.js:90:14)
    at Object.module.exports [as verify] (/Users/yws/Dev/OreSupport_gitHub/PBL2020/OreSupport/ore-SupportServer/oreServer/node_modules/jsonwebtoken/verify.js:94:10)
    at verifyUser (/Users/yws/Dev/OreSupport_gitHub/PBL2020/OreSupport/ore-SupportServer/oreServer/common/check.token.js:20:12)
    at Layer.handle [as handle_request] (/Users/yws/Dev/OreSupport_gitHub/PBL2020/OreSupport/ore-SupportServer/oreServer/node_modules/express/lib/router/layer.js:95:5)
    at next (/Users/yws/Dev/OreSupport_gitHub/PBL2020/OreSupport/ore-SupportServer/oreServer/node_modules/express/lib/router/route.js:137:13)
    at Route.dispatch (/Users/yws/Dev/OreSupport_gitHub/PBL2020/OreSupport/ore-SupportServer/oreServer/node_modules/express/lib/router/route.js:112:3)
    at Layer.handle [as handle_request] (/Users/yws/Dev/OreSupport_gitHub/PBL2020/OreSupport/ore-SupportServer/oreServer/node_modules/express/lib/router/layer.js:95:5)
    at /Users/yws/Dev/OreSupport_gitHub/PBL2020/OreSupport/ore-SupportServer/oreServer/node_modules/express/lib/router/index.js:281:22
    at Function.process_params (/Users/yws/Dev/OreSupport_gitHub/PBL2020/OreSupport/ore-SupportServer/oreServer/node_modules/express/lib/router/index.js:335:12)
    at next (/Users/yws/Dev/OreSupport_gitHub/PBL2020/OreSupport/ore-SupportServer/oreServer/node_modules/express/lib/router/index.js:275:10)
    at Function.handle (/Users/yws/Dev/OreSupport_gitHub/PBL2020/OreSupport/ore-SupportServer/oreServer/node_modules/express/lib/router/index.js:174:3)
    at router (/Users/yws/Dev/OreSupport_gitHub/PBL2020/OreSupport/ore-SupportServer/oreServer/node_modules/express/lib/router/index.js:47:12)
    at Layer.handle [as handle_request] (/Users/yws/Dev/OreSupport_gitHub/PBL2020/OreSupport/ore-SupportServer/oreServer/node_modules/express/lib/router/layer.js:95:5)
    at trim_prefix (/Users/yws/Dev/OreSupport_gitHub/PBL2020/OreSupport/ore-SupportServer/oreServer/node_modules/express/lib/router/index.js:317:13)
    at /Users/yws/Dev/OreSupport_gitHub/PBL2020/OreSupport/ore-SupportServer/oreServer/node_modules/express/lib/router/index.js:284:7
    at Function.process_params (/Users/yws/Dev/OreSupport_gitHub/PBL2020/OreSupport/ore-SupportServer/oreServer/node_modules/express/lib/router/index.js:335:12)
    at next (/Users/yws/Dev/OreSupport_gitHub/PBL2020/OreSupport/ore-SupportServer/oreServer/node_modules/express/lib/router/index.js:275:10)
    at /Users/yws/Dev/OreSupport_gitHub/PBL2020/OreSupport/ore-SupportServer/oreServer/node_modules/express/lib/router/index.js:635:15
    at next (/Users/yws/Dev/OreSupport_gitHub/PBL2020/OreSupport/ore-SupportServer/oreServer/node_modules/express/lib/router/index.js:260:14)
    at Function.handle (/Users/yws/Dev/OreSupport_gitHub/PBL2020/OreSupport/ore-SupportServer/oreServer/node_modules/express/lib/router/index.js:174:3)
[2020-08-16T22:40:15.463] [ERROR] app - アクセスエラー TypeError: Cannot read property 'CODE_5008' of undefined
    at /Users/yws/Dev/OreSupport_gitHub/PBL2020/OreSupport/ore-SupportServer/oreServer/common/check.token.js:24:29
    at /Users/yws/Dev/OreSupport_gitHub/PBL2020/OreSupport/ore-SupportServer/oreServer/node_modules/jsonwebtoken/verify.js:152:16
    at getSecret (/Users/yws/Dev/OreSupport_gitHub/PBL2020/OreSupport/ore-SupportServer/oreServer/node_modules/jsonwebtoken/verify.js:90:14)
    at Object.module.exports [as verify] (/Users/yws/Dev/OreSupport_gitHub/PBL2020/OreSupport/ore-SupportServer/oreServer/node_modules/jsonwebtoken/verify.js:94:10)
    at verifyUser (/Users/yws/Dev/OreSupport_gitHub/PBL2020/OreSupport/ore-SupportServer/oreServer/common/check.token.js:20:12)
    at Layer.handle [as handle_request] (/Users/yws/Dev/OreSupport_gitHub/PBL2020/OreSupport/ore-SupportServer/oreServer/node_modules/express/lib/router/layer.js:95:5)
    at next (/Users/yws/Dev/OreSupport_gitHub/PBL2020/OreSupport/ore-SupportServer/oreServer/node_modules/express/lib/router/route.js:137:13)
    at Route.dispatch (/Users/yws/Dev/OreSupport_gitHub/PBL2020/OreSupport/ore-SupportServer/oreServer/node_modules/express/lib/router/route.js:112:3)
    at Layer.handle [as handle_request] (/Users/yws/Dev/OreSupport_gitHub/PBL2020/OreSupport/ore-SupportServer/oreServer/node_modules/express/lib/router/layer.js:95:5)
    at /Users/yws/Dev/OreSupport_gitHub/PBL2020/OreSupport/ore-SupportServer/oreServer/node_modules/express/lib/router/index.js:281:22
    at Function.process_params (/Users/yws/Dev/OreSupport_gitHub/PBL2020/OreSupport/ore-SupportServer/oreServer/node_modules/express/lib/router/index.js:335:12)
    at next (/Users/yws/Dev/OreSupport_gitHub/PBL2020/OreSupport/ore-SupportServer/oreServer/node_modules/express/lib/router/index.js:275:10)
    at Function.handle (/Users/yws/Dev/OreSupport_gitHub/PBL2020/OreSupport/ore-SupportServer/oreServer/node_modules/express/lib/router/index.js:174:3)
    at router (/Users/yws/Dev/OreSupport_gitHub/PBL2020/OreSupport/ore-SupportServer/oreServer/node_modules/express/lib/router/index.js:47:12)
    at Layer.handle [as handle_request] (/Users/yws/Dev/OreSupport_gitHub/PBL2020/OreSupport/ore-SupportServer/oreServer/node_modules/express/lib/router/layer.js:95:5)
    at trim_prefix (/Users/yws/Dev/OreSupport_gitHub/PBL2020/OreSupport/ore-SupportServer/oreServer/node_modules/express/lib/router/index.js:317:13)
    at /Users/yws/Dev/OreSupport_gitHub/PBL2020/OreSupport/ore-SupportServer/oreServer/node_modules/express/lib/router/index.js:284:7
    at Function.process_params (/Users/yws/Dev/OreSupport_gitHub/PBL2020/OreSupport/ore-SupportServer/oreServer/node_modules/express/lib/router/index.js:335:12)
    at next (/Users/yws/Dev/OreSupport_gitHub/PBL2020/OreSupport/ore-SupportServer/oreServer/node_modules/express/lib/router/index.js:275:10)
    at /Users/yws/Dev/OreSupport_gitHub/PBL2020/OreSupport/ore-SupportServer/oreServer/node_modules/express/lib/router/index.js:635:15
    at next (/Users/yws/Dev/OreSupport_gitHub/PBL2020/OreSupport/ore-SupportServer/oreServer/node_modules/express/lib/router/index.js:260:14)
    at Function.handle (/Users/yws/Dev/OreSupport_gitHub/PBL2020/OreSupport/ore-SupportServer/oreServer/node_modules/express/lib/router/index.js:174:3)
[2020-08-16T22:40:22.810] [ERROR] app - アクセスエラー TypeError: Cannot read property 'CODE_5008' of undefined
    at /Users/yws/Dev/OreSupport_gitHub/PBL2020/OreSupport/ore-SupportServer/oreServer/common/check.token.js:24:29
    at /Users/yws/Dev/OreSupport_gitHub/PBL2020/OreSupport/ore-SupportServer/oreServer/node_modules/jsonwebtoken/verify.js:152:16
    at getSecret (/Users/yws/Dev/OreSupport_gitHub/PBL2020/OreSupport/ore-SupportServer/oreServer/node_modules/jsonwebtoken/verify.js:90:14)
    at Object.module.exports [as verify] (/Users/yws/Dev/OreSupport_gitHub/PBL2020/OreSupport/ore-SupportServer/oreServer/node_modules/jsonwebtoken/verify.js:94:10)
    at verifyUser (/Users/yws/Dev/OreSupport_gitHub/PBL2020/OreSupport/ore-SupportServer/oreServer/common/check.token.js:20:12)
    at Layer.handle [as handle_request] (/Users/yws/Dev/OreSupport_gitHub/PBL2020/OreSupport/ore-SupportServer/oreServer/node_modules/express/lib/router/layer.js:95:5)
    at next (/Users/yws/Dev/OreSupport_gitHub/PBL2020/OreSupport/ore-SupportServer/oreServer/node_modules/express/lib/router/route.js:137:13)
    at Route.dispatch (/Users/yws/Dev/OreSupport_gitHub/PBL2020/OreSupport/ore-SupportServer/oreServer/node_modules/express/lib/router/route.js:112:3)
    at Layer.handle [as handle_request] (/Users/yws/Dev/OreSupport_gitHub/PBL2020/OreSupport/ore-SupportServer/oreServer/node_modules/express/lib/router/layer.js:95:5)
    at /Users/yws/Dev/OreSupport_gitHub/PBL2020/OreSupport/ore-SupportServer/oreServer/node_modules/express/lib/router/index.js:281:22
    at Function.process_params (/Users/yws/Dev/OreSupport_gitHub/PBL2020/OreSupport/ore-SupportServer/oreServer/node_modules/express/lib/router/index.js:335:12)
    at next (/Users/yws/Dev/OreSupport_gitHub/PBL2020/OreSupport/ore-SupportServer/oreServer/node_modules/express/lib/router/index.js:275:10)
    at Function.handle (/Users/yws/Dev/OreSupport_gitHub/PBL2020/OreSupport/ore-SupportServer/oreServer/node_modules/express/lib/router/index.js:174:3)
    at router (/Users/yws/Dev/OreSupport_gitHub/PBL2020/OreSupport/ore-SupportServer/oreServer/node_modules/express/lib/router/index.js:47:12)
    at Layer.handle [as handle_request] (/Users/yws/Dev/OreSupport_gitHub/PBL2020/OreSupport/ore-SupportServer/oreServer/node_modules/express/lib/router/layer.js:95:5)
    at trim_prefix (/Users/yws/Dev/OreSupport_gitHub/PBL2020/OreSupport/ore-SupportServer/oreServer/node_modules/express/lib/router/index.js:317:13)
    at /Users/yws/Dev/OreSupport_gitHub/PBL2020/OreSupport/ore-SupportServer/oreServer/node_modules/express/lib/router/index.js:284:7
    at Function.process_params (/Users/yws/Dev/OreSupport_gitHub/PBL2020/OreSupport/ore-SupportServer/oreServer/node_modules/express/lib/router/index.js:335:12)
    at next (/Users/yws/Dev/OreSupport_gitHub/PBL2020/OreSupport/ore-SupportServer/oreServer/node_modules/express/lib/router/index.js:275:10)
    at /Users/yws/Dev/OreSupport_gitHub/PBL2020/OreSupport/ore-SupportServer/oreServer/node_modules/express/lib/router/index.js:635:15
    at next (/Users/yws/Dev/OreSupport_gitHub/PBL2020/OreSupport/ore-SupportServer/oreServer/node_modules/express/lib/router/index.js:260:14)
    at Function.handle (/Users/yws/Dev/OreSupport_gitHub/PBL2020/OreSupport/ore-SupportServer/oreServer/node_modules/express/lib/router/index.js:174:3)
[2020-08-16T22:40:33.725] [ERROR] app - アクセスエラー TypeError: Cannot read property 'CODE_5008' of undefined
    at /Users/yws/Dev/OreSupport_gitHub/PBL2020/OreSupport/ore-SupportServer/oreServer/common/check.token.js:24:29
    at /Users/yws/Dev/OreSupport_gitHub/PBL2020/OreSupport/ore-SupportServer/oreServer/node_modules/jsonwebtoken/verify.js:152:16
    at getSecret (/Users/yws/Dev/OreSupport_gitHub/PBL2020/OreSupport/ore-SupportServer/oreServer/node_modules/jsonwebtoken/verify.js:90:14)
    at Object.module.exports [as verify] (/Users/yws/Dev/OreSupport_gitHub/PBL2020/OreSupport/ore-SupportServer/oreServer/node_modules/jsonwebtoken/verify.js:94:10)
    at verifyUser (/Users/yws/Dev/OreSupport_gitHub/PBL2020/OreSupport/ore-SupportServer/oreServer/common/check.token.js:20:12)
    at Layer.handle [as handle_request] (/Users/yws/Dev/OreSupport_gitHub/PBL2020/OreSupport/ore-SupportServer/oreServer/node_modules/express/lib/router/layer.js:95:5)
    at next (/Users/yws/Dev/OreSupport_gitHub/PBL2020/OreSupport/ore-SupportServer/oreServer/node_modules/express/lib/router/route.js:137:13)
    at Route.dispatch (/Users/yws/Dev/OreSupport_gitHub/PBL2020/OreSupport/ore-SupportServer/oreServer/node_modules/express/lib/router/route.js:112:3)
    at Layer.handle [as handle_request] (/Users/yws/Dev/OreSupport_gitHub/PBL2020/OreSupport/ore-SupportServer/oreServer/node_modules/express/lib/router/layer.js:95:5)
    at /Users/yws/Dev/OreSupport_gitHub/PBL2020/OreSupport/ore-SupportServer/oreServer/node_modules/express/lib/router/index.js:281:22
    at Function.process_params (/Users/yws/Dev/OreSupport_gitHub/PBL2020/OreSupport/ore-SupportServer/oreServer/node_modules/express/lib/router/index.js:335:12)
    at next (/Users/yws/Dev/OreSupport_gitHub/PBL2020/OreSupport/ore-SupportServer/oreServer/node_modules/express/lib/router/index.js:275:10)
    at Function.handle (/Users/yws/Dev/OreSupport_gitHub/PBL2020/OreSupport/ore-SupportServer/oreServer/node_modules/express/lib/router/index.js:174:3)
    at router (/Users/yws/Dev/OreSupport_gitHub/PBL2020/OreSupport/ore-SupportServer/oreServer/node_modules/express/lib/router/index.js:47:12)
    at Layer.handle [as handle_request] (/Users/yws/Dev/OreSupport_gitHub/PBL2020/OreSupport/ore-SupportServer/oreServer/node_modules/express/lib/router/layer.js:95:5)
    at trim_prefix (/Users/yws/Dev/OreSupport_gitHub/PBL2020/OreSupport/ore-SupportServer/oreServer/node_modules/express/lib/router/index.js:317:13)
    at /Users/yws/Dev/OreSupport_gitHub/PBL2020/OreSupport/ore-SupportServer/oreServer/node_modules/express/lib/router/index.js:284:7
    at Function.process_params (/Users/yws/Dev/OreSupport_gitHub/PBL2020/OreSupport/ore-SupportServer/oreServer/node_modules/express/lib/router/index.js:335:12)
    at next (/Users/yws/Dev/OreSupport_gitHub/PBL2020/OreSupport/ore-SupportServer/oreServer/node_modules/express/lib/router/index.js:275:10)
    at /Users/yws/Dev/OreSupport_gitHub/PBL2020/OreSupport/ore-SupportServer/oreServer/node_modules/express/lib/router/index.js:635:15
    at next (/Users/yws/Dev/OreSupport_gitHub/PBL2020/OreSupport/ore-SupportServer/oreServer/node_modules/express/lib/router/index.js:260:14)
    at Function.handle (/Users/yws/Dev/OreSupport_gitHub/PBL2020/OreSupport/ore-SupportServer/oreServer/node_modules/express/lib/router/index.js:174:3)
[2020-08-16T22:40:33.832] [ERROR] app - アクセスエラー TypeError: Cannot read property 'CODE_5008' of undefined
    at /Users/yws/Dev/OreSupport_gitHub/PBL2020/OreSupport/ore-SupportServer/oreServer/common/check.token.js:24:29
    at /Users/yws/Dev/OreSupport_gitHub/PBL2020/OreSupport/ore-SupportServer/oreServer/node_modules/jsonwebtoken/verify.js:152:16
    at getSecret (/Users/yws/Dev/OreSupport_gitHub/PBL2020/OreSupport/ore-SupportServer/oreServer/node_modules/jsonwebtoken/verify.js:90:14)
    at Object.module.exports [as verify] (/Users/yws/Dev/OreSupport_gitHub/PBL2020/OreSupport/ore-SupportServer/oreServer/node_modules/jsonwebtoken/verify.js:94:10)
    at verifyUser (/Users/yws/Dev/OreSupport_gitHub/PBL2020/OreSupport/ore-SupportServer/oreServer/common/check.token.js:20:12)
    at Layer.handle [as handle_request] (/Users/yws/Dev/OreSupport_gitHub/PBL2020/OreSupport/ore-SupportServer/oreServer/node_modules/express/lib/router/layer.js:95:5)
    at next (/Users/yws/Dev/OreSupport_gitHub/PBL2020/OreSupport/ore-SupportServer/oreServer/node_modules/express/lib/router/route.js:137:13)
    at Route.dispatch (/Users/yws/Dev/OreSupport_gitHub/PBL2020/OreSupport/ore-SupportServer/oreServer/node_modules/express/lib/router/route.js:112:3)
    at Layer.handle [as handle_request] (/Users/yws/Dev/OreSupport_gitHub/PBL2020/OreSupport/ore-SupportServer/oreServer/node_modules/express/lib/router/layer.js:95:5)
    at /Users/yws/Dev/OreSupport_gitHub/PBL2020/OreSupport/ore-SupportServer/oreServer/node_modules/express/lib/router/index.js:281:22
    at Function.process_params (/Users/yws/Dev/OreSupport_gitHub/PBL2020/OreSupport/ore-SupportServer/oreServer/node_modules/express/lib/router/index.js:335:12)
    at next (/Users/yws/Dev/OreSupport_gitHub/PBL2020/OreSupport/ore-SupportServer/oreServer/node_modules/express/lib/router/index.js:275:10)
    at Function.handle (/Users/yws/Dev/OreSupport_gitHub/PBL2020/OreSupport/ore-SupportServer/oreServer/node_modules/express/lib/router/index.js:174:3)
    at router (/Users/yws/Dev/OreSupport_gitHub/PBL2020/OreSupport/ore-SupportServer/oreServer/node_modules/express/lib/router/index.js:47:12)
    at Layer.handle [as handle_request] (/Users/yws/Dev/OreSupport_gitHub/PBL2020/OreSupport/ore-SupportServer/oreServer/node_modules/express/lib/router/layer.js:95:5)
    at trim_prefix (/Users/yws/Dev/OreSupport_gitHub/PBL2020/OreSupport/ore-SupportServer/oreServer/node_modules/express/lib/router/index.js:317:13)
    at /Users/yws/Dev/OreSupport_gitHub/PBL2020/OreSupport/ore-SupportServer/oreServer/node_modules/express/lib/router/index.js:284:7
    at Function.process_params (/Users/yws/Dev/OreSupport_gitHub/PBL2020/OreSupport/ore-SupportServer/oreServer/node_modules/express/lib/router/index.js:335:12)
    at next (/Users/yws/Dev/OreSupport_gitHub/PBL2020/OreSupport/ore-SupportServer/oreServer/node_modules/express/lib/router/index.js:275:10)
    at /Users/yws/Dev/OreSupport_gitHub/PBL2020/OreSupport/ore-SupportServer/oreServer/node_modules/express/lib/router/index.js:635:15
    at next (/Users/yws/Dev/OreSupport_gitHub/PBL2020/OreSupport/ore-SupportServer/oreServer/node_modules/express/lib/router/index.js:260:14)
    at Function.handle (/Users/yws/Dev/OreSupport_gitHub/PBL2020/OreSupport/ore-SupportServer/oreServer/node_modules/express/lib/router/index.js:174:3)
[2020-08-17T22:49:57.629] [ERROR] app - アクセスエラー TypeError: Cannot read property 'CODE_5008' of undefined
    at /Users/yws/Dev/OreSupport_gitHub/PBL2020/OreSupport/ore-SupportServer/oreServer/common/check.token.js:24:29
    at /Users/yws/Dev/OreSupport_gitHub/PBL2020/OreSupport/ore-SupportServer/oreServer/node_modules/jsonwebtoken/verify.js:152:16
    at getSecret (/Users/yws/Dev/OreSupport_gitHub/PBL2020/OreSupport/ore-SupportServer/oreServer/node_modules/jsonwebtoken/verify.js:90:14)
    at Object.module.exports [as verify] (/Users/yws/Dev/OreSupport_gitHub/PBL2020/OreSupport/ore-SupportServer/oreServer/node_modules/jsonwebtoken/verify.js:94:10)
    at verifyUser (/Users/yws/Dev/OreSupport_gitHub/PBL2020/OreSupport/ore-SupportServer/oreServer/common/check.token.js:20:12)
    at Layer.handle [as handle_request] (/Users/yws/Dev/OreSupport_gitHub/PBL2020/OreSupport/ore-SupportServer/oreServer/node_modules/express/lib/router/layer.js:95:5)
    at next (/Users/yws/Dev/OreSupport_gitHub/PBL2020/OreSupport/ore-SupportServer/oreServer/node_modules/express/lib/router/route.js:137:13)
    at Route.dispatch (/Users/yws/Dev/OreSupport_gitHub/PBL2020/OreSupport/ore-SupportServer/oreServer/node_modules/express/lib/router/route.js:112:3)
    at Layer.handle [as handle_request] (/Users/yws/Dev/OreSupport_gitHub/PBL2020/OreSupport/ore-SupportServer/oreServer/node_modules/express/lib/router/layer.js:95:5)
    at /Users/yws/Dev/OreSupport_gitHub/PBL2020/OreSupport/ore-SupportServer/oreServer/node_modules/express/lib/router/index.js:281:22
    at Function.process_params (/Users/yws/Dev/OreSupport_gitHub/PBL2020/OreSupport/ore-SupportServer/oreServer/node_modules/express/lib/router/index.js:335:12)
    at next (/Users/yws/Dev/OreSupport_gitHub/PBL2020/OreSupport/ore-SupportServer/oreServer/node_modules/express/lib/router/index.js:275:10)
    at Function.handle (/Users/yws/Dev/OreSupport_gitHub/PBL2020/OreSupport/ore-SupportServer/oreServer/node_modules/express/lib/router/index.js:174:3)
    at router (/Users/yws/Dev/OreSupport_gitHub/PBL2020/OreSupport/ore-SupportServer/oreServer/node_modules/express/lib/router/index.js:47:12)
    at Layer.handle [as handle_request] (/Users/yws/Dev/OreSupport_gitHub/PBL2020/OreSupport/ore-SupportServer/oreServer/node_modules/express/lib/router/layer.js:95:5)
    at trim_prefix (/Users/yws/Dev/OreSupport_gitHub/PBL2020/OreSupport/ore-SupportServer/oreServer/node_modules/express/lib/router/index.js:317:13)
    at /Users/yws/Dev/OreSupport_gitHub/PBL2020/OreSupport/ore-SupportServer/oreServer/node_modules/express/lib/router/index.js:284:7
    at Function.process_params (/Users/yws/Dev/OreSupport_gitHub/PBL2020/OreSupport/ore-SupportServer/oreServer/node_modules/express/lib/router/index.js:335:12)
    at next (/Users/yws/Dev/OreSupport_gitHub/PBL2020/OreSupport/ore-SupportServer/oreServer/node_modules/express/lib/router/index.js:275:10)
    at /Users/yws/Dev/OreSupport_gitHub/PBL2020/OreSupport/ore-SupportServer/oreServer/node_modules/express/lib/router/index.js:635:15
    at next (/Users/yws/Dev/OreSupport_gitHub/PBL2020/OreSupport/ore-SupportServer/oreServer/node_modules/express/lib/router/index.js:260:14)
    at Function.handle (/Users/yws/Dev/OreSupport_gitHub/PBL2020/OreSupport/ore-SupportServer/oreServer/node_modules/express/lib/router/index.js:174:3)
[2020-08-17T22:49:58.917] [ERROR] app - アクセスエラー TypeError: Cannot read property 'CODE_5008' of undefined
    at /Users/yws/Dev/OreSupport_gitHub/PBL2020/OreSupport/ore-SupportServer/oreServer/common/check.token.js:24:29
    at /Users/yws/Dev/OreSupport_gitHub/PBL2020/OreSupport/ore-SupportServer/oreServer/node_modules/jsonwebtoken/verify.js:152:16
    at getSecret (/Users/yws/Dev/OreSupport_gitHub/PBL2020/OreSupport/ore-SupportServer/oreServer/node_modules/jsonwebtoken/verify.js:90:14)
    at Object.module.exports [as verify] (/Users/yws/Dev/OreSupport_gitHub/PBL2020/OreSupport/ore-SupportServer/oreServer/node_modules/jsonwebtoken/verify.js:94:10)
    at verifyUser (/Users/yws/Dev/OreSupport_gitHub/PBL2020/OreSupport/ore-SupportServer/oreServer/common/check.token.js:20:12)
    at Layer.handle [as handle_request] (/Users/yws/Dev/OreSupport_gitHub/PBL2020/OreSupport/ore-SupportServer/oreServer/node_modules/express/lib/router/layer.js:95:5)
    at next (/Users/yws/Dev/OreSupport_gitHub/PBL2020/OreSupport/ore-SupportServer/oreServer/node_modules/express/lib/router/route.js:137:13)
    at Route.dispatch (/Users/yws/Dev/OreSupport_gitHub/PBL2020/OreSupport/ore-SupportServer/oreServer/node_modules/express/lib/router/route.js:112:3)
    at Layer.handle [as handle_request] (/Users/yws/Dev/OreSupport_gitHub/PBL2020/OreSupport/ore-SupportServer/oreServer/node_modules/express/lib/router/layer.js:95:5)
    at /Users/yws/Dev/OreSupport_gitHub/PBL2020/OreSupport/ore-SupportServer/oreServer/node_modules/express/lib/router/index.js:281:22
    at Function.process_params (/Users/yws/Dev/OreSupport_gitHub/PBL2020/OreSupport/ore-SupportServer/oreServer/node_modules/express/lib/router/index.js:335:12)
    at next (/Users/yws/Dev/OreSupport_gitHub/PBL2020/OreSupport/ore-SupportServer/oreServer/node_modules/express/lib/router/index.js:275:10)
    at Function.handle (/Users/yws/Dev/OreSupport_gitHub/PBL2020/OreSupport/ore-SupportServer/oreServer/node_modules/express/lib/router/index.js:174:3)
    at router (/Users/yws/Dev/OreSupport_gitHub/PBL2020/OreSupport/ore-SupportServer/oreServer/node_modules/express/lib/router/index.js:47:12)
    at Layer.handle [as handle_request] (/Users/yws/Dev/OreSupport_gitHub/PBL2020/OreSupport/ore-SupportServer/oreServer/node_modules/express/lib/router/layer.js:95:5)
    at trim_prefix (/Users/yws/Dev/OreSupport_gitHub/PBL2020/OreSupport/ore-SupportServer/oreServer/node_modules/express/lib/router/index.js:317:13)
    at /Users/yws/Dev/OreSupport_gitHub/PBL2020/OreSupport/ore-SupportServer/oreServer/node_modules/express/lib/router/index.js:284:7
    at Function.process_params (/Users/yws/Dev/OreSupport_gitHub/PBL2020/OreSupport/ore-SupportServer/oreServer/node_modules/express/lib/router/index.js:335:12)
    at next (/Users/yws/Dev/OreSupport_gitHub/PBL2020/OreSupport/ore-SupportServer/oreServer/node_modules/express/lib/router/index.js:275:10)
    at /Users/yws/Dev/OreSupport_gitHub/PBL2020/OreSupport/ore-SupportServer/oreServer/node_modules/express/lib/router/index.js:635:15
    at next (/Users/yws/Dev/OreSupport_gitHub/PBL2020/OreSupport/ore-SupportServer/oreServer/node_modules/express/lib/router/index.js:260:14)
    at Function.handle (/Users/yws/Dev/OreSupport_gitHub/PBL2020/OreSupport/ore-SupportServer/oreServer/node_modules/express/lib/router/index.js:174:3)
[2020-08-18T23:34:57.126] [ERROR] app - アクセスエラー TypeError: Cannot read property 'CODE_5008' of undefined
    at /Users/yws/Dev/OreSupport_gitHub/PBL2020/OreSupport/ore-SupportServer/oreServer/common/check.token.js:24:29
    at /Users/yws/Dev/OreSupport_gitHub/PBL2020/OreSupport/ore-SupportServer/oreServer/node_modules/jsonwebtoken/verify.js:152:16
    at getSecret (/Users/yws/Dev/OreSupport_gitHub/PBL2020/OreSupport/ore-SupportServer/oreServer/node_modules/jsonwebtoken/verify.js:90:14)
    at Object.module.exports [as verify] (/Users/yws/Dev/OreSupport_gitHub/PBL2020/OreSupport/ore-SupportServer/oreServer/node_modules/jsonwebtoken/verify.js:94:10)
    at verifyUser (/Users/yws/Dev/OreSupport_gitHub/PBL2020/OreSupport/ore-SupportServer/oreServer/common/check.token.js:20:12)
    at Layer.handle [as handle_request] (/Users/yws/Dev/OreSupport_gitHub/PBL2020/OreSupport/ore-SupportServer/oreServer/node_modules/express/lib/router/layer.js:95:5)
    at next (/Users/yws/Dev/OreSupport_gitHub/PBL2020/OreSupport/ore-SupportServer/oreServer/node_modules/express/lib/router/route.js:137:13)
    at Route.dispatch (/Users/yws/Dev/OreSupport_gitHub/PBL2020/OreSupport/ore-SupportServer/oreServer/node_modules/express/lib/router/route.js:112:3)
    at Layer.handle [as handle_request] (/Users/yws/Dev/OreSupport_gitHub/PBL2020/OreSupport/ore-SupportServer/oreServer/node_modules/express/lib/router/layer.js:95:5)
    at /Users/yws/Dev/OreSupport_gitHub/PBL2020/OreSupport/ore-SupportServer/oreServer/node_modules/express/lib/router/index.js:281:22
    at Function.process_params (/Users/yws/Dev/OreSupport_gitHub/PBL2020/OreSupport/ore-SupportServer/oreServer/node_modules/express/lib/router/index.js:335:12)
    at next (/Users/yws/Dev/OreSupport_gitHub/PBL2020/OreSupport/ore-SupportServer/oreServer/node_modules/express/lib/router/index.js:275:10)
    at Function.handle (/Users/yws/Dev/OreSupport_gitHub/PBL2020/OreSupport/ore-SupportServer/oreServer/node_modules/express/lib/router/index.js:174:3)
    at router (/Users/yws/Dev/OreSupport_gitHub/PBL2020/OreSupport/ore-SupportServer/oreServer/node_modules/express/lib/router/index.js:47:12)
    at Layer.handle [as handle_request] (/Users/yws/Dev/OreSupport_gitHub/PBL2020/OreSupport/ore-SupportServer/oreServer/node_modules/express/lib/router/layer.js:95:5)
    at trim_prefix (/Users/yws/Dev/OreSupport_gitHub/PBL2020/OreSupport/ore-SupportServer/oreServer/node_modules/express/lib/router/index.js:317:13)
    at /Users/yws/Dev/OreSupport_gitHub/PBL2020/OreSupport/ore-SupportServer/oreServer/node_modules/express/lib/router/index.js:284:7
    at Function.process_params (/Users/yws/Dev/OreSupport_gitHub/PBL2020/OreSupport/ore-SupportServer/oreServer/node_modules/express/lib/router/index.js:335:12)
    at next (/Users/yws/Dev/OreSupport_gitHub/PBL2020/OreSupport/ore-SupportServer/oreServer/node_modules/express/lib/router/index.js:275:10)
    at /Users/yws/Dev/OreSupport_gitHub/PBL2020/OreSupport/ore-SupportServer/oreServer/node_modules/express/lib/router/index.js:635:15
    at next (/Users/yws/Dev/OreSupport_gitHub/PBL2020/OreSupport/ore-SupportServer/oreServer/node_modules/express/lib/router/index.js:260:14)
    at Function.handle (/Users/yws/Dev/OreSupport_gitHub/PBL2020/OreSupport/ore-SupportServer/oreServer/node_modules/express/lib/router/index.js:174:3)
[2020-08-18T23:35:09.045] [ERROR] app - アクセスエラー TypeError: Cannot read property 'CODE_5008' of undefined
    at /Users/yws/Dev/OreSupport_gitHub/PBL2020/OreSupport/ore-SupportServer/oreServer/common/check.token.js:24:29
    at /Users/yws/Dev/OreSupport_gitHub/PBL2020/OreSupport/ore-SupportServer/oreServer/node_modules/jsonwebtoken/verify.js:152:16
    at getSecret (/Users/yws/Dev/OreSupport_gitHub/PBL2020/OreSupport/ore-SupportServer/oreServer/node_modules/jsonwebtoken/verify.js:90:14)
    at Object.module.exports [as verify] (/Users/yws/Dev/OreSupport_gitHub/PBL2020/OreSupport/ore-SupportServer/oreServer/node_modules/jsonwebtoken/verify.js:94:10)
    at verifyUser (/Users/yws/Dev/OreSupport_gitHub/PBL2020/OreSupport/ore-SupportServer/oreServer/common/check.token.js:20:12)
    at Layer.handle [as handle_request] (/Users/yws/Dev/OreSupport_gitHub/PBL2020/OreSupport/ore-SupportServer/oreServer/node_modules/express/lib/router/layer.js:95:5)
    at next (/Users/yws/Dev/OreSupport_gitHub/PBL2020/OreSupport/ore-SupportServer/oreServer/node_modules/express/lib/router/route.js:137:13)
    at Route.dispatch (/Users/yws/Dev/OreSupport_gitHub/PBL2020/OreSupport/ore-SupportServer/oreServer/node_modules/express/lib/router/route.js:112:3)
    at Layer.handle [as handle_request] (/Users/yws/Dev/OreSupport_gitHub/PBL2020/OreSupport/ore-SupportServer/oreServer/node_modules/express/lib/router/layer.js:95:5)
    at /Users/yws/Dev/OreSupport_gitHub/PBL2020/OreSupport/ore-SupportServer/oreServer/node_modules/express/lib/router/index.js:281:22
    at Function.process_params (/Users/yws/Dev/OreSupport_gitHub/PBL2020/OreSupport/ore-SupportServer/oreServer/node_modules/express/lib/router/index.js:335:12)
    at next (/Users/yws/Dev/OreSupport_gitHub/PBL2020/OreSupport/ore-SupportServer/oreServer/node_modules/express/lib/router/index.js:275:10)
    at Function.handle (/Users/yws/Dev/OreSupport_gitHub/PBL2020/OreSupport/ore-SupportServer/oreServer/node_modules/express/lib/router/index.js:174:3)
    at router (/Users/yws/Dev/OreSupport_gitHub/PBL2020/OreSupport/ore-SupportServer/oreServer/node_modules/express/lib/router/index.js:47:12)
    at Layer.handle [as handle_request] (/Users/yws/Dev/OreSupport_gitHub/PBL2020/OreSupport/ore-SupportServer/oreServer/node_modules/express/lib/router/layer.js:95:5)
    at trim_prefix (/Users/yws/Dev/OreSupport_gitHub/PBL2020/OreSupport/ore-SupportServer/oreServer/node_modules/express/lib/router/index.js:317:13)
    at /Users/yws/Dev/OreSupport_gitHub/PBL2020/OreSupport/ore-SupportServer/oreServer/node_modules/express/lib/router/index.js:284:7
    at Function.process_params (/Users/yws/Dev/OreSupport_gitHub/PBL2020/OreSupport/ore-SupportServer/oreServer/node_modules/express/lib/router/index.js:335:12)
    at next (/Users/yws/Dev/OreSupport_gitHub/PBL2020/OreSupport/ore-SupportServer/oreServer/node_modules/express/lib/router/index.js:275:10)
    at /Users/yws/Dev/OreSupport_gitHub/PBL2020/OreSupport/ore-SupportServer/oreServer/node_modules/express/lib/router/index.js:635:15
    at next (/Users/yws/Dev/OreSupport_gitHub/PBL2020/OreSupport/ore-SupportServer/oreServer/node_modules/express/lib/router/index.js:260:14)
    at Function.handle (/Users/yws/Dev/OreSupport_gitHub/PBL2020/OreSupport/ore-SupportServer/oreServer/node_modules/express/lib/router/index.js:174:3)
[2020-08-18T23:35:31.267] [ERROR] app - アクセスエラー TypeError: Cannot read property 'CODE_5008' of undefined
    at /Users/yws/Dev/OreSupport_gitHub/PBL2020/OreSupport/ore-SupportServer/oreServer/common/check.token.js:24:29
    at /Users/yws/Dev/OreSupport_gitHub/PBL2020/OreSupport/ore-SupportServer/oreServer/node_modules/jsonwebtoken/verify.js:152:16
    at getSecret (/Users/yws/Dev/OreSupport_gitHub/PBL2020/OreSupport/ore-SupportServer/oreServer/node_modules/jsonwebtoken/verify.js:90:14)
    at Object.module.exports [as verify] (/Users/yws/Dev/OreSupport_gitHub/PBL2020/OreSupport/ore-SupportServer/oreServer/node_modules/jsonwebtoken/verify.js:94:10)
    at verifyUser (/Users/yws/Dev/OreSupport_gitHub/PBL2020/OreSupport/ore-SupportServer/oreServer/common/check.token.js:20:12)
    at Layer.handle [as handle_request] (/Users/yws/Dev/OreSupport_gitHub/PBL2020/OreSupport/ore-SupportServer/oreServer/node_modules/express/lib/router/layer.js:95:5)
    at next (/Users/yws/Dev/OreSupport_gitHub/PBL2020/OreSupport/ore-SupportServer/oreServer/node_modules/express/lib/router/route.js:137:13)
    at Route.dispatch (/Users/yws/Dev/OreSupport_gitHub/PBL2020/OreSupport/ore-SupportServer/oreServer/node_modules/express/lib/router/route.js:112:3)
    at Layer.handle [as handle_request] (/Users/yws/Dev/OreSupport_gitHub/PBL2020/OreSupport/ore-SupportServer/oreServer/node_modules/express/lib/router/layer.js:95:5)
    at /Users/yws/Dev/OreSupport_gitHub/PBL2020/OreSupport/ore-SupportServer/oreServer/node_modules/express/lib/router/index.js:281:22
    at Function.process_params (/Users/yws/Dev/OreSupport_gitHub/PBL2020/OreSupport/ore-SupportServer/oreServer/node_modules/express/lib/router/index.js:335:12)
    at next (/Users/yws/Dev/OreSupport_gitHub/PBL2020/OreSupport/ore-SupportServer/oreServer/node_modules/express/lib/router/index.js:275:10)
    at Function.handle (/Users/yws/Dev/OreSupport_gitHub/PBL2020/OreSupport/ore-SupportServer/oreServer/node_modules/express/lib/router/index.js:174:3)
    at router (/Users/yws/Dev/OreSupport_gitHub/PBL2020/OreSupport/ore-SupportServer/oreServer/node_modules/express/lib/router/index.js:47:12)
    at Layer.handle [as handle_request] (/Users/yws/Dev/OreSupport_gitHub/PBL2020/OreSupport/ore-SupportServer/oreServer/node_modules/express/lib/router/layer.js:95:5)
    at trim_prefix (/Users/yws/Dev/OreSupport_gitHub/PBL2020/OreSupport/ore-SupportServer/oreServer/node_modules/express/lib/router/index.js:317:13)
    at /Users/yws/Dev/OreSupport_gitHub/PBL2020/OreSupport/ore-SupportServer/oreServer/node_modules/express/lib/router/index.js:284:7
    at Function.process_params (/Users/yws/Dev/OreSupport_gitHub/PBL2020/OreSupport/ore-SupportServer/oreServer/node_modules/express/lib/router/index.js:335:12)
    at next (/Users/yws/Dev/OreSupport_gitHub/PBL2020/OreSupport/ore-SupportServer/oreServer/node_modules/express/lib/router/index.js:275:10)
    at /Users/yws/Dev/OreSupport_gitHub/PBL2020/OreSupport/ore-SupportServer/oreServer/node_modules/express/lib/router/index.js:635:15
    at next (/Users/yws/Dev/OreSupport_gitHub/PBL2020/OreSupport/ore-SupportServer/oreServer/node_modules/express/lib/router/index.js:260:14)
    at Function.handle (/Users/yws/Dev/OreSupport_gitHub/PBL2020/OreSupport/ore-SupportServer/oreServer/node_modules/express/lib/router/index.js:174:3)
[2020-08-20T16:04:40.623] [ERROR] app - アクセスエラー TypeError: Cannot read property 'CODE_5008' of undefined
    at /Users/yws/Dev/OreSupport_gitHub/PBL2020/OreSupport/ore-SupportServer/oreServer/common/check.token.js:24:29
    at /Users/yws/Dev/OreSupport_gitHub/PBL2020/OreSupport/ore-SupportServer/oreServer/node_modules/jsonwebtoken/verify.js:152:16
    at getSecret (/Users/yws/Dev/OreSupport_gitHub/PBL2020/OreSupport/ore-SupportServer/oreServer/node_modules/jsonwebtoken/verify.js:90:14)
    at Object.module.exports [as verify] (/Users/yws/Dev/OreSupport_gitHub/PBL2020/OreSupport/ore-SupportServer/oreServer/node_modules/jsonwebtoken/verify.js:94:10)
    at verifyUser (/Users/yws/Dev/OreSupport_gitHub/PBL2020/OreSupport/ore-SupportServer/oreServer/common/check.token.js:20:12)
    at Layer.handle [as handle_request] (/Users/yws/Dev/OreSupport_gitHub/PBL2020/OreSupport/ore-SupportServer/oreServer/node_modules/express/lib/router/layer.js:95:5)
    at next (/Users/yws/Dev/OreSupport_gitHub/PBL2020/OreSupport/ore-SupportServer/oreServer/node_modules/express/lib/router/route.js:137:13)
    at Route.dispatch (/Users/yws/Dev/OreSupport_gitHub/PBL2020/OreSupport/ore-SupportServer/oreServer/node_modules/express/lib/router/route.js:112:3)
    at Layer.handle [as handle_request] (/Users/yws/Dev/OreSupport_gitHub/PBL2020/OreSupport/ore-SupportServer/oreServer/node_modules/express/lib/router/layer.js:95:5)
    at /Users/yws/Dev/OreSupport_gitHub/PBL2020/OreSupport/ore-SupportServer/oreServer/node_modules/express/lib/router/index.js:281:22
    at Function.process_params (/Users/yws/Dev/OreSupport_gitHub/PBL2020/OreSupport/ore-SupportServer/oreServer/node_modules/express/lib/router/index.js:335:12)
    at next (/Users/yws/Dev/OreSupport_gitHub/PBL2020/OreSupport/ore-SupportServer/oreServer/node_modules/express/lib/router/index.js:275:10)
    at Function.handle (/Users/yws/Dev/OreSupport_gitHub/PBL2020/OreSupport/ore-SupportServer/oreServer/node_modules/express/lib/router/index.js:174:3)
    at router (/Users/yws/Dev/OreSupport_gitHub/PBL2020/OreSupport/ore-SupportServer/oreServer/node_modules/express/lib/router/index.js:47:12)
    at Layer.handle [as handle_request] (/Users/yws/Dev/OreSupport_gitHub/PBL2020/OreSupport/ore-SupportServer/oreServer/node_modules/express/lib/router/layer.js:95:5)
    at trim_prefix (/Users/yws/Dev/OreSupport_gitHub/PBL2020/OreSupport/ore-SupportServer/oreServer/node_modules/express/lib/router/index.js:317:13)
    at /Users/yws/Dev/OreSupport_gitHub/PBL2020/OreSupport/ore-SupportServer/oreServer/node_modules/express/lib/router/index.js:284:7
    at Function.process_params (/Users/yws/Dev/OreSupport_gitHub/PBL2020/OreSupport/ore-SupportServer/oreServer/node_modules/express/lib/router/index.js:335:12)
    at next (/Users/yws/Dev/OreSupport_gitHub/PBL2020/OreSupport/ore-SupportServer/oreServer/node_modules/express/lib/router/index.js:275:10)
    at /Users/yws/Dev/OreSupport_gitHub/PBL2020/OreSupport/ore-SupportServer/oreServer/node_modules/express/lib/router/index.js:635:15
    at next (/Users/yws/Dev/OreSupport_gitHub/PBL2020/OreSupport/ore-SupportServer/oreServer/node_modules/express/lib/router/index.js:260:14)
    at Function.handle (/Users/yws/Dev/OreSupport_gitHub/PBL2020/OreSupport/ore-SupportServer/oreServer/node_modules/express/lib/router/index.js:174:3)
[2020-08-20T16:04:42.071] [ERROR] app - アクセスエラー TypeError: Cannot read property 'CODE_5008' of undefined
    at /Users/yws/Dev/OreSupport_gitHub/PBL2020/OreSupport/ore-SupportServer/oreServer/common/check.token.js:24:29
    at /Users/yws/Dev/OreSupport_gitHub/PBL2020/OreSupport/ore-SupportServer/oreServer/node_modules/jsonwebtoken/verify.js:152:16
    at getSecret (/Users/yws/Dev/OreSupport_gitHub/PBL2020/OreSupport/ore-SupportServer/oreServer/node_modules/jsonwebtoken/verify.js:90:14)
    at Object.module.exports [as verify] (/Users/yws/Dev/OreSupport_gitHub/PBL2020/OreSupport/ore-SupportServer/oreServer/node_modules/jsonwebtoken/verify.js:94:10)
    at verifyUser (/Users/yws/Dev/OreSupport_gitHub/PBL2020/OreSupport/ore-SupportServer/oreServer/common/check.token.js:20:12)
    at Layer.handle [as handle_request] (/Users/yws/Dev/OreSupport_gitHub/PBL2020/OreSupport/ore-SupportServer/oreServer/node_modules/express/lib/router/layer.js:95:5)
    at next (/Users/yws/Dev/OreSupport_gitHub/PBL2020/OreSupport/ore-SupportServer/oreServer/node_modules/express/lib/router/route.js:137:13)
    at Route.dispatch (/Users/yws/Dev/OreSupport_gitHub/PBL2020/OreSupport/ore-SupportServer/oreServer/node_modules/express/lib/router/route.js:112:3)
    at Layer.handle [as handle_request] (/Users/yws/Dev/OreSupport_gitHub/PBL2020/OreSupport/ore-SupportServer/oreServer/node_modules/express/lib/router/layer.js:95:5)
    at /Users/yws/Dev/OreSupport_gitHub/PBL2020/OreSupport/ore-SupportServer/oreServer/node_modules/express/lib/router/index.js:281:22
    at Function.process_params (/Users/yws/Dev/OreSupport_gitHub/PBL2020/OreSupport/ore-SupportServer/oreServer/node_modules/express/lib/router/index.js:335:12)
    at next (/Users/yws/Dev/OreSupport_gitHub/PBL2020/OreSupport/ore-SupportServer/oreServer/node_modules/express/lib/router/index.js:275:10)
    at Function.handle (/Users/yws/Dev/OreSupport_gitHub/PBL2020/OreSupport/ore-SupportServer/oreServer/node_modules/express/lib/router/index.js:174:3)
    at router (/Users/yws/Dev/OreSupport_gitHub/PBL2020/OreSupport/ore-SupportServer/oreServer/node_modules/express/lib/router/index.js:47:12)
    at Layer.handle [as handle_request] (/Users/yws/Dev/OreSupport_gitHub/PBL2020/OreSupport/ore-SupportServer/oreServer/node_modules/express/lib/router/layer.js:95:5)
    at trim_prefix (/Users/yws/Dev/OreSupport_gitHub/PBL2020/OreSupport/ore-SupportServer/oreServer/node_modules/express/lib/router/index.js:317:13)
    at /Users/yws/Dev/OreSupport_gitHub/PBL2020/OreSupport/ore-SupportServer/oreServer/node_modules/express/lib/router/index.js:284:7
    at Function.process_params (/Users/yws/Dev/OreSupport_gitHub/PBL2020/OreSupport/ore-SupportServer/oreServer/node_modules/express/lib/router/index.js:335:12)
    at next (/Users/yws/Dev/OreSupport_gitHub/PBL2020/OreSupport/ore-SupportServer/oreServer/node_modules/express/lib/router/index.js:275:10)
    at /Users/yws/Dev/OreSupport_gitHub/PBL2020/OreSupport/ore-SupportServer/oreServer/node_modules/express/lib/router/index.js:635:15
    at next (/Users/yws/Dev/OreSupport_gitHub/PBL2020/OreSupport/ore-SupportServer/oreServer/node_modules/express/lib/router/index.js:260:14)
    at Function.handle (/Users/yws/Dev/OreSupport_gitHub/PBL2020/OreSupport/ore-SupportServer/oreServer/node_modules/express/lib/router/index.js:174:3)
