[2020-09-19T15:58:39.888] [INFO] http - ::1 - - "OPTIONS /blog/bloglist HTTP/1.1" 200 8 "" "Mozilla/5.0 (Macintosh; Intel Mac OS X 10_14_6) AppleWebKit/537.36 (KHTML, like Gecko) Chrome/85.0.4183.102 Safari/537.36"
[2020-09-19T15:58:39.911] [WARN] http - ::1 - - "GET /blog/bloglist HTTP/1.1" 304 - "" "Mozilla/5.0 (Macintosh; Intel Mac OS X 10_14_6) AppleWebKit/537.36 (KHTML, like Gecko) Chrome/85.0.4183.102 Safari/537.36"
[2020-09-19T15:58:46.779] [INFO] http - ::1 - - "OPTIONS /blog/bloglist HTTP/1.1" 200 8 "" "Mozilla/5.0 (Macintosh; Intel Mac OS X 10_14_6) AppleWebKit/537.36 (KHTML, like Gecko) Chrome/85.0.4183.102 Safari/537.36"
[2020-09-19T15:58:46.791] [WARN] http - ::1 - - "GET /blog/bloglist HTTP/1.1" 304 - "" "Mozilla/5.0 (Macintosh; Intel Mac OS X 10_14_6) AppleWebKit/537.36 (KHTML, like Gecko) Chrome/85.0.4183.102 Safari/537.36"
[2020-09-19T15:58:46.876] [WARN] http - ::1 - - "GET /blog/bloglist HTTP/1.1" 304 - "" "Mozilla/5.0 (Macintosh; Intel Mac OS X 10_14_6) AppleWebKit/537.36 (KHTML, like Gecko) Chrome/85.0.4183.102 Safari/537.36"
[2020-09-19T15:58:58.293] [INFO] http - ::1 - - "OPTIONS /blog/blogdetail?blogID=42 HTTP/1.1" 200 8 "" "Mozilla/5.0 (Macintosh; Intel Mac OS X 10_14_6) AppleWebKit/537.36 (KHTML, like Gecko) Chrome/85.0.4183.102 Safari/537.36"
[2020-09-19T16:03:28.560] [INFO] http - ::1 - - "OPTIONS /information/publicList HTTP/1.1" 200 8 "" "Mozilla/5.0 (Macintosh; Intel Mac OS X 10_14_6) AppleWebKit/537.36 (KHTML, like Gecko) Chrome/85.0.4183.102 Safari/537.36"
[2020-09-19T16:03:28.562] [INFO] http - ::1 - - "OPTIONS /blog/bloglist HTTP/1.1" 200 8 "" "Mozilla/5.0 (Macintosh; Intel Mac OS X 10_14_6) AppleWebKit/537.36 (KHTML, like Gecko) Chrome/85.0.4183.102 Safari/537.36"
[2020-09-19T16:03:28.598] [WARN] http - ::1 - - "GET /information/publicList HTTP/1.1" 304 - "" "Mozilla/5.0 (Macintosh; Intel Mac OS X 10_14_6) AppleWebKit/537.36 (KHTML, like Gecko) Chrome/85.0.4183.102 Safari/537.36"
[2020-09-19T16:03:28.603] [WARN] http - ::1 - - "GET /blog/bloglist HTTP/1.1" 304 - "" "Mozilla/5.0 (Macintosh; Intel Mac OS X 10_14_6) AppleWebKit/537.36 (KHTML, like Gecko) Chrome/85.0.4183.102 Safari/537.36"
[2020-09-19T16:03:31.841] [WARN] http - ::1 - - "GET /blog/bloglist HTTP/1.1" 304 - "" "Mozilla/5.0 (Macintosh; Intel Mac OS X 10_14_6) AppleWebKit/537.36 (KHTML, like Gecko) Chrome/85.0.4183.102 Safari/537.36"
[2020-09-19T16:03:33.371] [WARN] http - ::1 - - "GET /blog/bloglist HTTP/1.1" 304 - "" "Mozilla/5.0 (Macintosh; Intel Mac OS X 10_14_6) AppleWebKit/537.36 (KHTML, like Gecko) Chrome/85.0.4183.102 Safari/537.36"
[2020-09-19T16:03:33.451] [WARN] http - ::1 - - "GET /blog/bloglist HTTP/1.1" 304 - "" "Mozilla/5.0 (Macintosh; Intel Mac OS X 10_14_6) AppleWebKit/537.36 (KHTML, like Gecko) Chrome/85.0.4183.102 Safari/537.36"
[2020-09-19T16:03:34.758] [INFO] http - ::1 - - "OPTIONS /blog/blogdetail?blogID=42 HTTP/1.1" 200 8 "" "Mozilla/5.0 (Macintosh; Intel Mac OS X 10_14_6) AppleWebKit/537.36 (KHTML, like Gecko) Chrome/85.0.4183.102 Safari/537.36"
[2020-09-19T16:05:00.841] [INFO] http - ::1 - - "OPTIONS /information/publicList HTTP/1.1" 200 8 "" "Mozilla/5.0 (Macintosh; Intel Mac OS X 10_14_6) AppleWebKit/537.36 (KHTML, like Gecko) Chrome/85.0.4183.102 Safari/537.36"
[2020-09-19T16:05:00.845] [INFO] http - ::1 - - "OPTIONS /blog/bloglist HTTP/1.1" 200 8 "" "Mozilla/5.0 (Macintosh; Intel Mac OS X 10_14_6) AppleWebKit/537.36 (KHTML, like Gecko) Chrome/85.0.4183.102 Safari/537.36"
[2020-09-19T16:05:00.869] [WARN] http - ::1 - - "GET /information/publicList HTTP/1.1" 304 - "" "Mozilla/5.0 (Macintosh; Intel Mac OS X 10_14_6) AppleWebKit/537.36 (KHTML, like Gecko) Chrome/85.0.4183.102 Safari/537.36"
[2020-09-19T16:05:00.879] [WARN] http - ::1 - - "GET /blog/bloglist HTTP/1.1" 304 - "" "Mozilla/5.0 (Macintosh; Intel Mac OS X 10_14_6) AppleWebKit/537.36 (KHTML, like Gecko) Chrome/85.0.4183.102 Safari/537.36"
[2020-09-19T16:05:04.977] [WARN] http - ::1 - - "GET /blog/bloglist HTTP/1.1" 304 - "" "Mozilla/5.0 (Macintosh; Intel Mac OS X 10_14_6) AppleWebKit/537.36 (KHTML, like Gecko) Chrome/85.0.4183.102 Safari/537.36"
[2020-09-19T16:05:06.652] [INFO] http - ::1 - - "OPTIONS /blog/bloglist HTTP/1.1" 200 8 "" "Mozilla/5.0 (Macintosh; Intel Mac OS X 10_14_6) AppleWebKit/537.36 (KHTML, like Gecko) Chrome/85.0.4183.102 Safari/537.36"
[2020-09-19T16:05:06.664] [WARN] http - ::1 - - "GET /blog/bloglist HTTP/1.1" 304 - "" "Mozilla/5.0 (Macintosh; Intel Mac OS X 10_14_6) AppleWebKit/537.36 (KHTML, like Gecko) Chrome/85.0.4183.102 Safari/537.36"
[2020-09-19T16:05:06.747] [WARN] http - ::1 - - "GET /blog/bloglist HTTP/1.1" 304 - "" "Mozilla/5.0 (Macintosh; Intel Mac OS X 10_14_6) AppleWebKit/537.36 (KHTML, like Gecko) Chrome/85.0.4183.102 Safari/537.36"
[2020-09-19T16:05:08.060] [INFO] http - ::1 - - "OPTIONS /blog/blogdetail?blogID=42 HTTP/1.1" 200 8 "" "Mozilla/5.0 (Macintosh; Intel Mac OS X 10_14_6) AppleWebKit/537.36 (KHTML, like Gecko) Chrome/85.0.4183.102 Safari/537.36"
