[2020-09-19T15:58:25.103] [INFO] startup - Listening on port 3000
[2020-09-19T16:03:24.325] [INFO] startup - Listening on port 3000
[2020-09-19T16:04:57.272] [INFO] startup - Listening on port 3000
[2020-09-19T16:14:15.505] [INFO] startup - Listening on port 3000
[2020-09-19T16:17:46.402] [INFO] startup - Listening on port 3000
[2020-09-19T18:27:37.082] [INFO] startup - Listening on port 3000
[2020-09-19T18:41:22.809] [INFO] users - profileInfo userID: 49
[2020-09-19T18:43:06.729] [INFO] users - profileInfo userID: 49
[2020-09-19T22:30:11.949] [INFO] startup - Listening on port 3000
[2020-09-19T22:30:17.482] [INFO] users - profileInfo userID: 49
[2020-09-19T22:30:24.056] [INFO] users - profileInfo userID: 49
[2020-09-19T22:43:48.119] [INFO] startup - Listening on port 3000
[2020-09-19T22:44:37.498] [INFO] users - profileInfo userID: 49
[2020-09-20T17:54:22.832] [INFO] startup - Listening on port 3000
[2020-09-20T17:55:50.544] [INFO] users - profileInfo userID: 49
[2020-09-20T17:57:12.357] [INFO] users - profileInfo userID: 49
[2020-09-20T17:59:41.440] [INFO] startup - Listening on port 3000
[2020-09-20T17:59:51.769] [INFO] users - profileInfo userID: 49
[2020-09-20T18:04:59.215] [INFO] users - profileInfo userID: 49
[2020-09-22T20:43:27.170] [INFO] startup - Listening on port 3000
[2020-09-22T20:43:34.476] [INFO] users - profileInfo userID: 49
[2020-10-03T15:47:08.176] [INFO] startup - Listening on port 3000
[2020-10-03T15:47:22.412] [INFO] users - profileInfo userID: 49
[2020-10-03T15:47:39.470] [INFO] users - profileInfo userID: 49
[2020-10-03T15:47:51.761] [INFO] users - profileInfo userID: 49
[2020-10-03T15:48:10.900] [INFO] users - profileInfo userID: 49
[2020-10-03T15:53:13.660] [INFO] startup - Listening on port 3000
[2020-10-03T15:53:29.383] [INFO] users - profileInfo userID: 49
[2020-10-03T15:54:10.288] [INFO] users - profileInfo userID: 49
[2020-10-03T15:57:28.266] [INFO] startup - Listening on port 3000
[2020-10-03T15:58:00.672] [INFO] users - profileInfo userID: 49
[2020-10-03T16:07:27.121] [INFO] startup - Listening on port 3000
[2020-10-03T16:07:34.461] [INFO] users - profileInfo userID: 49
[2020-10-03T16:09:23.058] [INFO] startup - Listening on port 3000
[2020-10-03T16:09:29.478] [INFO] users - profileInfo userID: 49
[2020-10-03T16:15:55.151] [INFO] startup - Listening on port 3000
[2020-10-03T16:16:07.746] [INFO] users - profileInfo userID: 49
[2020-10-03T16:18:43.360] [INFO] startup - Listening on port 3000
[2020-10-03T16:18:49.020] [INFO] users - profileInfo userID: 49
[2020-10-03T16:23:18.222] [INFO] startup - Listening on port 3000
[2020-10-03T16:23:24.846] [INFO] users - profileInfo userID: 49
[2020-10-03T16:25:51.770] [INFO] startup - Listening on port 3000
[2020-10-03T16:26:07.269] [INFO] users - profileInfo userID: 49
[2020-10-03T16:42:52.578] [INFO] startup - Listening on port 3000
[2020-10-03T16:42:59.583] [INFO] users - profileInfo userID: 49
[2020-10-03T16:45:04.231] [INFO] startup - Listening on port 3000
[2020-10-03T16:45:10.032] [INFO] users - profileInfo userID: 49
[2020-10-03T16:48:41.419] [INFO] startup - Listening on port 3000
[2020-10-03T16:48:53.687] [INFO] users - profileInfo userID: 49
[2020-10-03T16:54:50.662] [INFO] startup - Listening on port 3000
[2020-10-03T16:55:02.123] [INFO] users - profileInfo userID: 49
[2020-10-03T17:05:11.287] [INFO] startup - Listening on port 3000
[2020-10-03T17:05:29.745] [INFO] users - profileInfo userID: 49
[2020-10-03T17:07:23.743] [INFO] startup - Listening on port 3000
[2020-10-03T17:07:28.880] [INFO] users - profileInfo userID: 49
[2020-10-03T17:10:37.289] [INFO] startup - Listening on port 3000
[2020-10-03T17:10:52.181] [INFO] users - profileInfo userID: 49
[2020-10-03T17:14:13.129] [INFO] startup - Listening on port 3000
[2020-10-03T17:14:20.655] [INFO] users - profileInfo userID: 49
[2020-10-04T20:15:24.018] [INFO] startup - Listening on port 3000
[2020-10-04T20:15:31.641] [INFO] users - profileInfo userID: 49 
[2020-10-04T20:15:31.642] [INFO] userDao - START getUserProfileByUserID : {"key":"UserID","val":49}
[2020-10-04T20:15:32.474] [INFO] userDao - END getUserProfileByUserID
[2020-10-04T20:15:32.475] [INFO] users - profileInfo success
[2020-10-04T20:15:43.265] [INFO] userDao - START getUserProfileByUserID : {}
[2020-10-04T20:19:33.826] [INFO] startup - Listening on port 3000
[2020-10-04T20:19:44.503] [INFO] users - profileInfo userID: 49 
[2020-10-04T20:19:44.504] [INFO] userDao - START getUserProfileByUserID : {"key":"UserID","val":49}
[2020-10-04T20:19:44.529] [INFO] userDao - END getUserProfileByUserID
[2020-10-04T20:19:44.530] [INFO] users - profileInfo success
[2020-10-04T20:24:05.924] [INFO] startup - Listening on port 3000
[2020-10-04T20:24:09.054] [INFO] users - profileInfo userID: 49 
[2020-10-04T20:24:09.055] [INFO] userDao - START getUserProfileByUserID : {"key":"UserID","val":49}
[2020-10-04T20:24:09.076] [INFO] userDao - END getUserProfileByUserID
[2020-10-04T20:24:09.076] [INFO] users - profileInfo success
[2020-10-04T20:24:18.174] [INFO] userDao - START getUserProfileByUserID : {"userID":"49"}
[2020-10-04T20:24:20.391] [ERROR] userDao - getUserProfileByUserID error:Error: WHERE parameter "undefined" has invalid "undefined" value
    at MySQLQueryGenerator.whereItemQuery (/Users/teroron/Desktop/PBL/PBL2020/OreSupport/ore-SupportServer/oreServer/node_modules/sequelize/lib/dialects/abstract/query-generator.js:2184:13)
    at /Users/teroron/Desktop/PBL/PBL2020/OreSupport/ore-SupportServer/oreServer/node_modules/sequelize/lib/dialects/abstract/query-generator.js:2173:25
    at Array.forEach (<anonymous>)
    at MySQLQueryGenerator.whereItemsQuery (/Users/teroron/Desktop/PBL/PBL2020/OreSupport/ore-SupportServer/oreServer/node_modules/sequelize/lib/dialects/abstract/query-generator.js:2171:35)
    at /Users/teroron/Desktop/PBL/PBL2020/OreSupport/ore-SupportServer/oreServer/node_modules/sequelize/lib/dialects/abstract/query-generator.js:2307:30
    at Array.map (<anonymous>)
    at MySQLQueryGenerator._whereGroupBind (/Users/teroron/Desktop/PBL/PBL2020/OreSupport/ore-SupportServer/oreServer/node_modules/sequelize/lib/dialects/abstract/query-generator.js:2306:21)
    at MySQLQueryGenerator.whereItemQuery (/Users/teroron/Desktop/PBL/PBL2020/OreSupport/ore-SupportServer/oreServer/node_modules/sequelize/lib/dialects/abstract/query-generator.js:2242:19)
    at /Users/teroron/Desktop/PBL/PBL2020/OreSupport/ore-SupportServer/oreServer/node_modules/sequelize/lib/dialects/abstract/query-generator.js:2173:25
    at Array.forEach (<anonymous>)
    at MySQLQueryGenerator.whereItemsQuery (/Users/teroron/Desktop/PBL/PBL2020/OreSupport/ore-SupportServer/oreServer/node_modules/sequelize/lib/dialects/abstract/query-generator.js:2171:35)
    at MySQLQueryGenerator.getWhereConditions (/Users/teroron/Desktop/PBL/PBL2020/OreSupport/ore-SupportServer/oreServer/node_modules/sequelize/lib/dialects/abstract/query-generator.js:2583:19)
    at MySQLQueryGenerator.selectQuery (/Users/teroron/Desktop/PBL/PBL2020/OreSupport/ore-SupportServer/oreServer/node_modules/sequelize/lib/dialects/abstract/query-generator.js:1315:28)
    at QueryInterface.select (/Users/teroron/Desktop/PBL/PBL2020/OreSupport/ore-SupportServer/oreServer/node_modules/sequelize/lib/query-interface.js:1122:27)
    at /Users/teroron/Desktop/PBL/PBL2020/OreSupport/ore-SupportServer/oreServer/node_modules/sequelize/lib/model.js:1759:34
    at tryCatcher (/Users/teroron/Desktop/PBL/PBL2020/OreSupport/ore-SupportServer/oreServer/node_modules/bluebird/js/release/util.js:16:23)
    at Promise._settlePromiseFromHandler (/Users/teroron/Desktop/PBL/PBL2020/OreSupport/ore-SupportServer/oreServer/node_modules/bluebird/js/release/promise.js:547:31)
    at Promise._settlePromise (/Users/teroron/Desktop/PBL/PBL2020/OreSupport/ore-SupportServer/oreServer/node_modules/bluebird/js/release/promise.js:604:18)
    at Promise._settlePromise0 (/Users/teroron/Desktop/PBL/PBL2020/OreSupport/ore-SupportServer/oreServer/node_modules/bluebird/js/release/promise.js:649:10)
    at Promise._settlePromises (/Users/teroron/Desktop/PBL/PBL2020/OreSupport/ore-SupportServer/oreServer/node_modules/bluebird/js/release/promise.js:729:18)
    at _drainQueueStep (/Users/teroron/Desktop/PBL/PBL2020/OreSupport/ore-SupportServer/oreServer/node_modules/bluebird/js/release/async.js:93:12)
    at _drainQueue (/Users/teroron/Desktop/PBL/PBL2020/OreSupport/ore-SupportServer/oreServer/node_modules/bluebird/js/release/async.js:86:9)
[2020-10-04T20:28:47.860] [INFO] startup - Listening on port 3000
[2020-10-04T20:28:50.748] [INFO] users - profileInfo userID: 49 
[2020-10-04T20:28:50.749] [INFO] userDao - START getUserProfileByUserID : {"key":"UserID","val":49}
[2020-10-04T20:28:50.770] [INFO] userDao - END getUserProfileByUserID
[2020-10-04T20:28:50.771] [INFO] users - profileInfo success
[2020-10-04T20:29:09.702] [INFO] userDao - START getUserProfileByUserID : {"key":"userId","val":"49"}
[2020-10-04T20:29:09.715] [INFO] userDao - END getUserProfileByUserID
[2020-10-04T20:31:41.088] [INFO] users - profileInfo userID: 49 
[2020-10-04T20:31:41.088] [INFO] userDao - START getUserProfileByUserID : {"key":"UserID","val":49}
[2020-10-04T20:31:41.129] [INFO] userDao - END getUserProfileByUserID
[2020-10-04T20:31:41.129] [INFO] users - profileInfo success
[2020-10-04T20:31:43.783] [INFO] userDao - START getUserProfileByUserID : {"key":"userId","val":"49"}
[2020-10-04T20:31:43.792] [INFO] userDao - END getUserProfileByUserID
[2020-10-25T17:31:27.087] [INFO] startup - Listening on port 3000
[2020-10-25T17:32:02.591] [INFO] users - profileInfo userID: 49 
[2020-10-25T17:32:02.592] [INFO] userDao - START getUserProfileByUserID : {"key":"UserID","val":49}
[2020-10-25T17:32:08.560] [INFO] userDao - END getUserProfileByUserID
[2020-10-25T17:32:08.561] [INFO] users - profileInfo success
[2020-10-25T17:34:17.996] [INFO] startup - Listening on port 3000
[2020-10-25T17:34:25.684] [INFO] users - profileInfo userID: 49 
[2020-10-25T17:34:25.685] [INFO] userDao - START getUserProfileByUserID : {"key":"UserID","val":49}
[2020-10-25T17:34:25.708] [INFO] userDao - END getUserProfileByUserID
[2020-10-25T17:34:25.709] [INFO] users - profileInfo success
[2020-10-25T17:36:43.589] [INFO] startup - Listening on port 3000
[2020-10-25T17:36:58.092] [INFO] users - profileInfo userID: 49 
[2020-10-25T17:36:58.093] [INFO] userDao - START getUserProfileByUserID : {"key":"UserID","val":49}
[2020-10-25T17:36:58.122] [INFO] userDao - END getUserProfileByUserID
[2020-10-25T17:36:58.123] [INFO] users - profileInfo success
[2020-10-25T17:37:55.617] [INFO] userDao - START getUserProfileByUserID : {"key":"userId","val":"49"}
[2020-10-25T17:37:55.631] [INFO] userDao - END getUserProfileByUserID
[2020-10-25T17:39:43.344] [INFO] startup - Listening on port 3000
[2020-10-25T17:39:51.050] [INFO] users - profileInfo userID: 49 
[2020-10-25T17:39:51.051] [INFO] userDao - START getUserProfileByUserID : {"key":"UserID","val":49}
[2020-10-25T17:39:51.077] [INFO] userDao - END getUserProfileByUserID
[2020-10-25T17:39:51.078] [INFO] users - profileInfo success
[2020-10-25T17:40:18.929] [INFO] userDao - START getUserProfileByUserID : {"key":"userId","val":"49"}
[2020-10-25T17:40:18.937] [INFO] userDao - END getUserProfileByUserID
[2020-10-25T17:45:28.967] [INFO] startup - Listening on port 3000
[2020-10-25T17:45:39.705] [INFO] users - profileInfo userID: 49 
[2020-10-25T17:45:39.707] [INFO] userDao - START getUserProfileByUserID : {"key":"UserID","val":49}
[2020-10-25T17:45:39.743] [INFO] userDao - END getUserProfileByUserID
[2020-10-25T17:45:39.744] [INFO] users - profileInfo success
[2020-10-25T17:45:51.460] [INFO] userDao - START getUserProfileByUserID : {"key":"userId","val":"49"}
[2020-10-25T17:45:51.471] [INFO] userDao - END getUserProfileByUserID
[2020-10-25T17:47:12.455] [INFO] startup - Listening on port 3000
[2020-10-25T17:47:32.349] [INFO] users - profileInfo userID: 49 
[2020-10-25T17:47:32.351] [INFO] userDao - START getUserProfileByUserID : {"key":"UserID","val":49}
[2020-10-25T17:47:32.387] [INFO] userDao - END getUserProfileByUserID
[2020-10-25T17:47:32.388] [INFO] users - profileInfo success
[2020-10-25T17:47:40.056] [INFO] userDao - START getUserProfileByUserID : {"key":"userId","val":"49"}
[2020-10-25T17:47:40.064] [INFO] userDao - END getUserProfileByUserID
[2020-10-25T17:55:03.730] [INFO] startup - Listening on port 3000
[2020-10-25T17:55:17.482] [INFO] users - profileInfo userID: 49 
[2020-10-25T17:55:17.483] [INFO] userDao - START getUserProfileByUserID : {"key":"UserID","val":49}
[2020-10-25T17:55:17.522] [INFO] userDao - END getUserProfileByUserID
[2020-10-25T17:55:17.523] [INFO] users - profileInfo success
[2020-10-25T17:57:38.641] [INFO] userDao - START getUserProfileByUserID : {"key":"userId","val":"49"}
[2020-10-25T17:57:44.844] [INFO] userDao - END getUserProfileByUserID
[2020-10-25T18:01:41.283] [INFO] startup - Listening on port 3000
[2020-10-25T18:01:47.990] [INFO] users - profileInfo userID: 49 
[2020-10-25T18:01:47.991] [INFO] userDao - START getUserProfileByUserID : {"key":"UserID","val":49}
[2020-10-25T18:01:48.010] [INFO] userDao - END getUserProfileByUserID
[2020-10-25T18:01:48.010] [INFO] users - profileInfo success
[2020-10-25T18:01:56.500] [INFO] userDao - START getUserProfileByUserID : {"key":"userId","val":"49"}
[2020-10-25T18:01:56.517] [INFO] userDao - END getUserProfileByUserID
[2020-11-15T12:45:56.737] [INFO] startup - Listening on port 3000
[2020-11-15T12:57:20.508] [INFO] startup - Listening on port 3000
[2020-11-15T12:57:59.325] [INFO] users - profileInfo userID: 49 
[2020-11-15T12:57:59.327] [INFO] userDao - START getUserProfileByUserID : {"key":"UserID","val":49}
[2020-11-15T12:58:01.637] [INFO] userDao - END getUserProfileByUserID
[2020-11-15T12:58:01.638] [INFO] users - profileInfo success
[2020-11-15T13:03:04.187] [INFO] startup - Listening on port 3000
[2020-11-15T13:03:10.816] [INFO] users - profileInfo userID: 49 
[2020-11-15T13:03:10.818] [INFO] userDao - START getUserProfileByUserID : {"key":"UserID","val":49}
[2020-11-15T13:03:10.846] [INFO] userDao - END getUserProfileByUserID
[2020-11-15T13:03:10.846] [INFO] users - profileInfo success
[2020-11-15T13:07:49.519] [INFO] startup - Listening on port 3000
[2020-11-15T13:07:57.298] [INFO] users - profileInfo userID: 49 
[2020-11-15T13:07:57.299] [INFO] userDao - START getUserProfileByUserID : {"key":"UserID","val":49}
[2020-11-15T13:07:57.348] [INFO] userDao - END getUserProfileByUserID
[2020-11-15T13:07:57.349] [INFO] users - profileInfo success
[2020-11-15T13:15:45.478] [INFO] startup - Listening on port 3000
[2020-11-15T13:18:00.407] [INFO] startup - Listening on port 3000
[2020-11-15T13:18:05.098] [INFO] users - profileInfo userID: 49 
[2020-11-15T13:18:05.099] [INFO] userDao - START getUserProfileByUserID : {"key":"UserID","val":49}
[2020-11-15T13:18:05.155] [INFO] userDao - END getUserProfileByUserID
[2020-11-15T13:18:05.156] [INFO] users - profileInfo success
[2020-11-15T13:21:19.355] [INFO] startup - Listening on port 3000
[2020-11-15T13:33:50.222] [INFO] startup - Listening on port 3000
[2020-11-15T13:33:57.636] [INFO] users - profileInfo userID: 49 
[2020-11-15T13:33:57.637] [INFO] userDao - START getUserProfileByUserID : {"key":"UserID","val":49}
[2020-11-15T13:33:57.659] [INFO] userDao - END getUserProfileByUserID
[2020-11-15T13:33:57.659] [INFO] users - profileInfo success
[2020-11-15T13:40:08.659] [INFO] startup - Listening on port 3000
[2020-11-15T13:40:15.075] [INFO] users - profileInfo userID: 49 
[2020-11-15T13:40:15.076] [INFO] userDao - START getUserProfileByUserID : {"key":"UserID","val":49}
[2020-11-15T13:40:15.127] [INFO] userDao - END getUserProfileByUserID
[2020-11-15T13:40:15.128] [INFO] users - profileInfo success
[2020-11-15T13:50:25.873] [INFO] startup - Listening on port 3000
[2020-11-15T13:50:33.323] [INFO] users - profileInfo userID: 49 
[2020-11-15T13:50:33.324] [INFO] userDao - START getUserProfileByUserID : {"key":"UserID","val":49}
[2020-11-15T13:50:33.391] [INFO] userDao - END getUserProfileByUserID
[2020-11-15T13:50:33.391] [INFO] users - profileInfo success
[2020-11-15T13:56:15.501] [INFO] startup - Listening on port 3000
[2020-11-15T13:56:26.122] [INFO] users - profileInfo userID: 49 
[2020-11-15T13:56:26.123] [INFO] userDao - START getUserProfileByUserID : {"key":"UserID","val":49}
[2020-11-15T13:56:26.173] [INFO] userDao - END getUserProfileByUserID
[2020-11-15T13:56:26.174] [INFO] users - profileInfo success
[2020-11-15T13:56:37.152] [ERROR] app - アクセスエラー ClientError [NotFoundError]: Not Found
    at /Users/teroron/Desktop/PBL/PBL2020/OreSupport/ore-SupportServer/oreServer/app.js:93:8
    at Layer.handle [as handle_request] (/Users/teroron/Desktop/PBL/PBL2020/OreSupport/ore-SupportServer/oreServer/node_modules/express/lib/router/layer.js:95:5)
    at trim_prefix (/Users/teroron/Desktop/PBL/PBL2020/OreSupport/ore-SupportServer/oreServer/node_modules/express/lib/router/index.js:317:13)
    at /Users/teroron/Desktop/PBL/PBL2020/OreSupport/ore-SupportServer/oreServer/node_modules/express/lib/router/index.js:284:7
    at Function.process_params (/Users/teroron/Desktop/PBL/PBL2020/OreSupport/ore-SupportServer/oreServer/node_modules/express/lib/router/index.js:335:12)
    at next (/Users/teroron/Desktop/PBL/PBL2020/OreSupport/ore-SupportServer/oreServer/node_modules/express/lib/router/index.js:275:10)
    at /Users/teroron/Desktop/PBL/PBL2020/OreSupport/ore-SupportServer/oreServer/node_modules/express/lib/router/index.js:635:15
    at next (/Users/teroron/Desktop/PBL/PBL2020/OreSupport/ore-SupportServer/oreServer/node_modules/express/lib/router/index.js:260:14)
    at Function.handle (/Users/teroron/Desktop/PBL/PBL2020/OreSupport/ore-SupportServer/oreServer/node_modules/express/lib/router/index.js:174:3)
    at router (/Users/teroron/Desktop/PBL/PBL2020/OreSupport/ore-SupportServer/oreServer/node_modules/express/lib/router/index.js:47:12)
    at Layer.handle [as handle_request] (/Users/teroron/Desktop/PBL/PBL2020/OreSupport/ore-SupportServer/oreServer/node_modules/express/lib/router/layer.js:95:5)
    at trim_prefix (/Users/teroron/Desktop/PBL/PBL2020/OreSupport/ore-SupportServer/oreServer/node_modules/express/lib/router/index.js:317:13)
    at /Users/teroron/Desktop/PBL/PBL2020/OreSupport/ore-SupportServer/oreServer/node_modules/express/lib/router/index.js:284:7
    at Function.process_params (/Users/teroron/Desktop/PBL/PBL2020/OreSupport/ore-SupportServer/oreServer/node_modules/express/lib/router/index.js:335:12)
    at next (/Users/teroron/Desktop/PBL/PBL2020/OreSupport/ore-SupportServer/oreServer/node_modules/express/lib/router/index.js:275:10)
    at /Users/teroron/Desktop/PBL/PBL2020/OreSupport/ore-SupportServer/oreServer/node_modules/express/lib/router/index.js:635:15
    at next (/Users/teroron/Desktop/PBL/PBL2020/OreSupport/ore-SupportServer/oreServer/node_modules/express/lib/router/index.js:260:14)
    at Function.handle (/Users/teroron/Desktop/PBL/PBL2020/OreSupport/ore-SupportServer/oreServer/node_modules/express/lib/router/index.js:174:3)
    at router (/Users/teroron/Desktop/PBL/PBL2020/OreSupport/ore-SupportServer/oreServer/node_modules/express/lib/router/index.js:47:12)
    at Layer.handle [as handle_request] (/Users/teroron/Desktop/PBL/PBL2020/OreSupport/ore-SupportServer/oreServer/node_modules/express/lib/router/layer.js:95:5)
    at trim_prefix (/Users/teroron/Desktop/PBL/PBL2020/OreSupport/ore-SupportServer/oreServer/node_modules/express/lib/router/index.js:317:13)
    at /Users/teroron/Desktop/PBL/PBL2020/OreSupport/ore-SupportServer/oreServer/node_modules/express/lib/router/index.js:284:7
    at Function.process_params (/Users/teroron/Desktop/PBL/PBL2020/OreSupport/ore-SupportServer/oreServer/node_modules/express/lib/router/index.js:335:12)
    at next (/Users/teroron/Desktop/PBL/PBL2020/OreSupport/ore-SupportServer/oreServer/node_modules/express/lib/router/index.js:275:10)
    at SessionStrategy.strategy.pass (/Users/teroron/Desktop/PBL/PBL2020/OreSupport/ore-SupportServer/oreServer/node_modules/passport/lib/middleware/authenticate.js:343:9)
    at SessionStrategy.authenticate (/Users/teroron/Desktop/PBL/PBL2020/OreSupport/ore-SupportServer/oreServer/node_modules/passport/lib/strategies/session.js:75:10)
    at attempt (/Users/teroron/Desktop/PBL/PBL2020/OreSupport/ore-SupportServer/oreServer/node_modules/passport/lib/middleware/authenticate.js:366:16)
    at authenticate (/Users/teroron/Desktop/PBL/PBL2020/OreSupport/ore-SupportServer/oreServer/node_modules/passport/lib/middleware/authenticate.js:367:7)
    at Layer.handle [as handle_request] (/Users/teroron/Desktop/PBL/PBL2020/OreSupport/ore-SupportServer/oreServer/node_modules/express/lib/router/layer.js:95:5)
    at trim_prefix (/Users/teroron/Desktop/PBL/PBL2020/OreSupport/ore-SupportServer/oreServer/node_modules/express/lib/router/index.js:317:13)
    at /Users/teroron/Desktop/PBL/PBL2020/OreSupport/ore-SupportServer/oreServer/node_modules/express/lib/router/index.js:284:7
    at Function.process_params (/Users/teroron/Desktop/PBL/PBL2020/OreSupport/ore-SupportServer/oreServer/node_modules/express/lib/router/index.js:335:12)
    at next (/Users/teroron/Desktop/PBL/PBL2020/OreSupport/ore-SupportServer/oreServer/node_modules/express/lib/router/index.js:275:10)
    at initialize (/Users/teroron/Desktop/PBL/PBL2020/OreSupport/ore-SupportServer/oreServer/node_modules/passport/lib/middleware/initialize.js:53:5)
    at Layer.handle [as handle_request] (/Users/teroron/Desktop/PBL/PBL2020/OreSupport/ore-SupportServer/oreServer/node_modules/express/lib/router/layer.js:95:5)
    at trim_prefix (/Users/teroron/Desktop/PBL/PBL2020/OreSupport/ore-SupportServer/oreServer/node_modules/express/lib/router/index.js:317:13)
    at /Users/teroron/Desktop/PBL/PBL2020/OreSupport/ore-SupportServer/oreServer/node_modules/express/lib/router/index.js:284:7
    at Function.process_params (/Users/teroron/Desktop/PBL/PBL2020/OreSupport/ore-SupportServer/oreServer/node_modules/express/lib/router/index.js:335:12)
    at next (/Users/teroron/Desktop/PBL/PBL2020/OreSupport/ore-SupportServer/oreServer/node_modules/express/lib/router/index.js:275:10)
    at urlencodedParser (/Users/teroron/Desktop/PBL/PBL2020/OreSupport/ore-SupportServer/oreServer/node_modules/body-parser/lib/types/urlencoded.js:82:7)
    at Layer.handle [as handle_request] (/Users/teroron/Desktop/PBL/PBL2020/OreSupport/ore-SupportServer/oreServer/node_modules/express/lib/router/layer.js:95:5)
    at trim_prefix (/Users/teroron/Desktop/PBL/PBL2020/OreSupport/ore-SupportServer/oreServer/node_modules/express/lib/router/index.js:317:13)
    at /Users/teroron/Desktop/PBL/PBL2020/OreSupport/ore-SupportServer/oreServer/node_modules/express/lib/router/index.js:284:7
    at Function.process_params (/Users/teroron/Desktop/PBL/PBL2020/OreSupport/ore-SupportServer/oreServer/node_modules/express/lib/router/index.js:335:12)
    at next (/Users/teroron/Desktop/PBL/PBL2020/OreSupport/ore-SupportServer/oreServer/node_modules/express/lib/router/index.js:275:10)
    at /Users/teroron/Desktop/PBL/PBL2020/OreSupport/ore-SupportServer/oreServer/node_modules/log4js/lib/connect-logger.js:300:12
    at Layer.handle [as handle_request] (/Users/teroron/Desktop/PBL/PBL2020/OreSupport/ore-SupportServer/oreServer/node_modules/express/lib/router/layer.js:95:5)
    at trim_prefix (/Users/teroron/Desktop/PBL/PBL2020/OreSupport/ore-SupportServer/oreServer/node_modules/express/lib/router/index.js:317:13)
    at /Users/teroron/Desktop/PBL/PBL2020/OreSupport/ore-SupportServer/oreServer/node_modules/express/lib/router/index.js:284:7
    at Function.process_params (/Users/teroron/Desktop/PBL/PBL2020/OreSupport/ore-SupportServer/oreServer/node_modules/express/lib/router/index.js:335:12)
    at next (/Users/teroron/Desktop/PBL/PBL2020/OreSupport/ore-SupportServer/oreServer/node_modules/express/lib/router/index.js:275:10)
    at session (/Users/teroron/Desktop/PBL/PBL2020/OreSupport/ore-SupportServer/oreServer/node_modules/express-session/index.js:475:7)
    at Layer.handle [as handle_request] (/Users/teroron/Desktop/PBL/PBL2020/OreSupport/ore-SupportServer/oreServer/node_modules/express/lib/router/layer.js:95:5)
    at trim_prefix (/Users/teroron/Desktop/PBL/PBL2020/OreSupport/ore-SupportServer/oreServer/node_modules/express/lib/router/index.js:317:13)
    at /Users/teroron/Desktop/PBL/PBL2020/OreSupport/ore-SupportServer/oreServer/node_modules/express/lib/router/index.js:284:7
    at Function.process_params (/Users/teroron/Desktop/PBL/PBL2020/OreSupport/ore-SupportServer/oreServer/node_modules/express/lib/router/index.js:335:12)
    at next (/Users/teroron/Desktop/PBL/PBL2020/OreSupport/ore-SupportServer/oreServer/node_modules/express/lib/router/index.js:275:10)
    at serveStatic (/Users/teroron/Desktop/PBL/PBL2020/OreSupport/ore-SupportServer/oreServer/node_modules/serve-static/index.js:75:16)
    at Layer.handle [as handle_request] (/Users/teroron/Desktop/PBL/PBL2020/OreSupport/ore-SupportServer/oreServer/node_modules/express/lib/router/layer.js:95:5)
    at trim_prefix (/Users/teroron/Desktop/PBL/PBL2020/OreSupport/ore-SupportServer/oreServer/node_modules/express/lib/router/index.js:317:13)
    at /Users/teroron/Desktop/PBL/PBL2020/OreSupport/ore-SupportServer/oreServer/node_modules/express/lib/router/index.js:284:7
    at Function.process_params (/Users/teroron/Desktop/PBL/PBL2020/OreSupport/ore-SupportServer/oreServer/node_modules/express/lib/router/index.js:335:12)
    at next (/Users/teroron/Desktop/PBL/PBL2020/OreSupport/ore-SupportServer/oreServer/node_modules/express/lib/router/index.js:275:10)
    at cookieParser (/Users/teroron/Desktop/PBL/PBL2020/OreSupport/ore-SupportServer/oreServer/node_modules/cookie-parser/index.js:57:14)
    at Layer.handle [as handle_request] (/Users/teroron/Desktop/PBL/PBL2020/OreSupport/ore-SupportServer/oreServer/node_modules/express/lib/router/layer.js:95:5)
    at trim_prefix (/Users/teroron/Desktop/PBL/PBL2020/OreSupport/ore-SupportServer/oreServer/node_modules/express/lib/router/index.js:317:13)
    at /Users/teroron/Desktop/PBL/PBL2020/OreSupport/ore-SupportServer/oreServer/node_modules/express/lib/router/index.js:284:7
    at Function.process_params (/Users/teroron/Desktop/PBL/PBL2020/OreSupport/ore-SupportServer/oreServer/node_modules/express/lib/router/index.js:335:12)
    at next (/Users/teroron/Desktop/PBL/PBL2020/OreSupport/ore-SupportServer/oreServer/node_modules/express/lib/router/index.js:275:10)
    at urlencodedParser (/Users/teroron/Desktop/PBL/PBL2020/OreSupport/ore-SupportServer/oreServer/node_modules/express/node_modules/body-parser/lib/types/urlencoded.js:82:7)
    at Layer.handle [as handle_request] (/Users/teroron/Desktop/PBL/PBL2020/OreSupport/ore-SupportServer/oreServer/node_modules/express/lib/router/layer.js:95:5)
    at trim_prefix (/Users/teroron/Desktop/PBL/PBL2020/OreSupport/ore-SupportServer/oreServer/node_modules/express/lib/router/index.js:317:13)
    at /Users/teroron/Desktop/PBL/PBL2020/OreSupport/ore-SupportServer/oreServer/node_modules/express/lib/router/index.js:284:7
    at Function.process_params (/Users/teroron/Desktop/PBL/PBL2020/OreSupport/ore-SupportServer/oreServer/node_modules/express/lib/router/index.js:335:12)
    at next (/Users/teroron/Desktop/PBL/PBL2020/OreSupport/ore-SupportServer/oreServer/node_modules/express/lib/router/index.js:275:10)
    at /Users/teroron/Desktop/PBL/PBL2020/OreSupport/ore-SupportServer/oreServer/node_modules/express/node_modules/body-parser/lib/read.js:130:5
    at invokeCallback (/Users/teroron/Desktop/PBL/PBL2020/OreSupport/ore-SupportServer/oreServer/node_modules/express/node_modules/raw-body/index.js:224:16)
    at done (/Users/teroron/Desktop/PBL/PBL2020/OreSupport/ore-SupportServer/oreServer/node_modules/express/node_modules/raw-body/index.js:213:7)
    at IncomingMessage.onEnd (/Users/teroron/Desktop/PBL/PBL2020/OreSupport/ore-SupportServer/oreServer/node_modules/express/node_modules/raw-body/index.js:273:7)
    at IncomingMessage.emit (events.js:323:22)
    at endReadableNT (_stream_readable.js:1204:12)
    at processTicksAndRejections (internal/process/task_queues.js:84:21)
 {
  message: 'Not Found'
}
[2020-11-15T13:57:05.309] [ERROR] app - アクセスエラー ClientError [NotFoundError]: Not Found
    at /Users/teroron/Desktop/PBL/PBL2020/OreSupport/ore-SupportServer/oreServer/app.js:93:8
    at Layer.handle [as handle_request] (/Users/teroron/Desktop/PBL/PBL2020/OreSupport/ore-SupportServer/oreServer/node_modules/express/lib/router/layer.js:95:5)
    at trim_prefix (/Users/teroron/Desktop/PBL/PBL2020/OreSupport/ore-SupportServer/oreServer/node_modules/express/lib/router/index.js:317:13)
    at /Users/teroron/Desktop/PBL/PBL2020/OreSupport/ore-SupportServer/oreServer/node_modules/express/lib/router/index.js:284:7
    at Function.process_params (/Users/teroron/Desktop/PBL/PBL2020/OreSupport/ore-SupportServer/oreServer/node_modules/express/lib/router/index.js:335:12)
    at next (/Users/teroron/Desktop/PBL/PBL2020/OreSupport/ore-SupportServer/oreServer/node_modules/express/lib/router/index.js:275:10)
    at /Users/teroron/Desktop/PBL/PBL2020/OreSupport/ore-SupportServer/oreServer/node_modules/express/lib/router/index.js:635:15
    at next (/Users/teroron/Desktop/PBL/PBL2020/OreSupport/ore-SupportServer/oreServer/node_modules/express/lib/router/index.js:260:14)
    at Function.handle (/Users/teroron/Desktop/PBL/PBL2020/OreSupport/ore-SupportServer/oreServer/node_modules/express/lib/router/index.js:174:3)
    at router (/Users/teroron/Desktop/PBL/PBL2020/OreSupport/ore-SupportServer/oreServer/node_modules/express/lib/router/index.js:47:12)
    at Layer.handle [as handle_request] (/Users/teroron/Desktop/PBL/PBL2020/OreSupport/ore-SupportServer/oreServer/node_modules/express/lib/router/layer.js:95:5)
    at trim_prefix (/Users/teroron/Desktop/PBL/PBL2020/OreSupport/ore-SupportServer/oreServer/node_modules/express/lib/router/index.js:317:13)
    at /Users/teroron/Desktop/PBL/PBL2020/OreSupport/ore-SupportServer/oreServer/node_modules/express/lib/router/index.js:284:7
    at Function.process_params (/Users/teroron/Desktop/PBL/PBL2020/OreSupport/ore-SupportServer/oreServer/node_modules/express/lib/router/index.js:335:12)
    at next (/Users/teroron/Desktop/PBL/PBL2020/OreSupport/ore-SupportServer/oreServer/node_modules/express/lib/router/index.js:275:10)
    at /Users/teroron/Desktop/PBL/PBL2020/OreSupport/ore-SupportServer/oreServer/node_modules/express/lib/router/index.js:635:15
    at next (/Users/teroron/Desktop/PBL/PBL2020/OreSupport/ore-SupportServer/oreServer/node_modules/express/lib/router/index.js:260:14)
    at Function.handle (/Users/teroron/Desktop/PBL/PBL2020/OreSupport/ore-SupportServer/oreServer/node_modules/express/lib/router/index.js:174:3)
    at router (/Users/teroron/Desktop/PBL/PBL2020/OreSupport/ore-SupportServer/oreServer/node_modules/express/lib/router/index.js:47:12)
    at Layer.handle [as handle_request] (/Users/teroron/Desktop/PBL/PBL2020/OreSupport/ore-SupportServer/oreServer/node_modules/express/lib/router/layer.js:95:5)
    at trim_prefix (/Users/teroron/Desktop/PBL/PBL2020/OreSupport/ore-SupportServer/oreServer/node_modules/express/lib/router/index.js:317:13)
    at /Users/teroron/Desktop/PBL/PBL2020/OreSupport/ore-SupportServer/oreServer/node_modules/express/lib/router/index.js:284:7
    at Function.process_params (/Users/teroron/Desktop/PBL/PBL2020/OreSupport/ore-SupportServer/oreServer/node_modules/express/lib/router/index.js:335:12)
    at next (/Users/teroron/Desktop/PBL/PBL2020/OreSupport/ore-SupportServer/oreServer/node_modules/express/lib/router/index.js:275:10)
    at SessionStrategy.strategy.pass (/Users/teroron/Desktop/PBL/PBL2020/OreSupport/ore-SupportServer/oreServer/node_modules/passport/lib/middleware/authenticate.js:343:9)
    at SessionStrategy.authenticate (/Users/teroron/Desktop/PBL/PBL2020/OreSupport/ore-SupportServer/oreServer/node_modules/passport/lib/strategies/session.js:75:10)
    at attempt (/Users/teroron/Desktop/PBL/PBL2020/OreSupport/ore-SupportServer/oreServer/node_modules/passport/lib/middleware/authenticate.js:366:16)
    at authenticate (/Users/teroron/Desktop/PBL/PBL2020/OreSupport/ore-SupportServer/oreServer/node_modules/passport/lib/middleware/authenticate.js:367:7)
    at Layer.handle [as handle_request] (/Users/teroron/Desktop/PBL/PBL2020/OreSupport/ore-SupportServer/oreServer/node_modules/express/lib/router/layer.js:95:5)
    at trim_prefix (/Users/teroron/Desktop/PBL/PBL2020/OreSupport/ore-SupportServer/oreServer/node_modules/express/lib/router/index.js:317:13)
    at /Users/teroron/Desktop/PBL/PBL2020/OreSupport/ore-SupportServer/oreServer/node_modules/express/lib/router/index.js:284:7
    at Function.process_params (/Users/teroron/Desktop/PBL/PBL2020/OreSupport/ore-SupportServer/oreServer/node_modules/express/lib/router/index.js:335:12)
    at next (/Users/teroron/Desktop/PBL/PBL2020/OreSupport/ore-SupportServer/oreServer/node_modules/express/lib/router/index.js:275:10)
    at initialize (/Users/teroron/Desktop/PBL/PBL2020/OreSupport/ore-SupportServer/oreServer/node_modules/passport/lib/middleware/initialize.js:53:5)
    at Layer.handle [as handle_request] (/Users/teroron/Desktop/PBL/PBL2020/OreSupport/ore-SupportServer/oreServer/node_modules/express/lib/router/layer.js:95:5)
    at trim_prefix (/Users/teroron/Desktop/PBL/PBL2020/OreSupport/ore-SupportServer/oreServer/node_modules/express/lib/router/index.js:317:13)
    at /Users/teroron/Desktop/PBL/PBL2020/OreSupport/ore-SupportServer/oreServer/node_modules/express/lib/router/index.js:284:7
    at Function.process_params (/Users/teroron/Desktop/PBL/PBL2020/OreSupport/ore-SupportServer/oreServer/node_modules/express/lib/router/index.js:335:12)
    at next (/Users/teroron/Desktop/PBL/PBL2020/OreSupport/ore-SupportServer/oreServer/node_modules/express/lib/router/index.js:275:10)
    at urlencodedParser (/Users/teroron/Desktop/PBL/PBL2020/OreSupport/ore-SupportServer/oreServer/node_modules/body-parser/lib/types/urlencoded.js:82:7)
    at Layer.handle [as handle_request] (/Users/teroron/Desktop/PBL/PBL2020/OreSupport/ore-SupportServer/oreServer/node_modules/express/lib/router/layer.js:95:5)
    at trim_prefix (/Users/teroron/Desktop/PBL/PBL2020/OreSupport/ore-SupportServer/oreServer/node_modules/express/lib/router/index.js:317:13)
    at /Users/teroron/Desktop/PBL/PBL2020/OreSupport/ore-SupportServer/oreServer/node_modules/express/lib/router/index.js:284:7
    at Function.process_params (/Users/teroron/Desktop/PBL/PBL2020/OreSupport/ore-SupportServer/oreServer/node_modules/express/lib/router/index.js:335:12)
    at next (/Users/teroron/Desktop/PBL/PBL2020/OreSupport/ore-SupportServer/oreServer/node_modules/express/lib/router/index.js:275:10)
    at /Users/teroron/Desktop/PBL/PBL2020/OreSupport/ore-SupportServer/oreServer/node_modules/log4js/lib/connect-logger.js:300:12
    at Layer.handle [as handle_request] (/Users/teroron/Desktop/PBL/PBL2020/OreSupport/ore-SupportServer/oreServer/node_modules/express/lib/router/layer.js:95:5)
    at trim_prefix (/Users/teroron/Desktop/PBL/PBL2020/OreSupport/ore-SupportServer/oreServer/node_modules/express/lib/router/index.js:317:13)
    at /Users/teroron/Desktop/PBL/PBL2020/OreSupport/ore-SupportServer/oreServer/node_modules/express/lib/router/index.js:284:7
    at Function.process_params (/Users/teroron/Desktop/PBL/PBL2020/OreSupport/ore-SupportServer/oreServer/node_modules/express/lib/router/index.js:335:12)
    at next (/Users/teroron/Desktop/PBL/PBL2020/OreSupport/ore-SupportServer/oreServer/node_modules/express/lib/router/index.js:275:10)
    at session (/Users/teroron/Desktop/PBL/PBL2020/OreSupport/ore-SupportServer/oreServer/node_modules/express-session/index.js:475:7)
    at Layer.handle [as handle_request] (/Users/teroron/Desktop/PBL/PBL2020/OreSupport/ore-SupportServer/oreServer/node_modules/express/lib/router/layer.js:95:5)
    at trim_prefix (/Users/teroron/Desktop/PBL/PBL2020/OreSupport/ore-SupportServer/oreServer/node_modules/express/lib/router/index.js:317:13)
    at /Users/teroron/Desktop/PBL/PBL2020/OreSupport/ore-SupportServer/oreServer/node_modules/express/lib/router/index.js:284:7
    at Function.process_params (/Users/teroron/Desktop/PBL/PBL2020/OreSupport/ore-SupportServer/oreServer/node_modules/express/lib/router/index.js:335:12)
    at next (/Users/teroron/Desktop/PBL/PBL2020/OreSupport/ore-SupportServer/oreServer/node_modules/express/lib/router/index.js:275:10)
    at serveStatic (/Users/teroron/Desktop/PBL/PBL2020/OreSupport/ore-SupportServer/oreServer/node_modules/serve-static/index.js:75:16)
    at Layer.handle [as handle_request] (/Users/teroron/Desktop/PBL/PBL2020/OreSupport/ore-SupportServer/oreServer/node_modules/express/lib/router/layer.js:95:5)
    at trim_prefix (/Users/teroron/Desktop/PBL/PBL2020/OreSupport/ore-SupportServer/oreServer/node_modules/express/lib/router/index.js:317:13)
    at /Users/teroron/Desktop/PBL/PBL2020/OreSupport/ore-SupportServer/oreServer/node_modules/express/lib/router/index.js:284:7
    at Function.process_params (/Users/teroron/Desktop/PBL/PBL2020/OreSupport/ore-SupportServer/oreServer/node_modules/express/lib/router/index.js:335:12)
    at next (/Users/teroron/Desktop/PBL/PBL2020/OreSupport/ore-SupportServer/oreServer/node_modules/express/lib/router/index.js:275:10)
    at cookieParser (/Users/teroron/Desktop/PBL/PBL2020/OreSupport/ore-SupportServer/oreServer/node_modules/cookie-parser/index.js:57:14)
    at Layer.handle [as handle_request] (/Users/teroron/Desktop/PBL/PBL2020/OreSupport/ore-SupportServer/oreServer/node_modules/express/lib/router/layer.js:95:5)
    at trim_prefix (/Users/teroron/Desktop/PBL/PBL2020/OreSupport/ore-SupportServer/oreServer/node_modules/express/lib/router/index.js:317:13)
    at /Users/teroron/Desktop/PBL/PBL2020/OreSupport/ore-SupportServer/oreServer/node_modules/express/lib/router/index.js:284:7
    at Function.process_params (/Users/teroron/Desktop/PBL/PBL2020/OreSupport/ore-SupportServer/oreServer/node_modules/express/lib/router/index.js:335:12)
    at next (/Users/teroron/Desktop/PBL/PBL2020/OreSupport/ore-SupportServer/oreServer/node_modules/express/lib/router/index.js:275:10)
    at urlencodedParser (/Users/teroron/Desktop/PBL/PBL2020/OreSupport/ore-SupportServer/oreServer/node_modules/express/node_modules/body-parser/lib/types/urlencoded.js:82:7)
    at Layer.handle [as handle_request] (/Users/teroron/Desktop/PBL/PBL2020/OreSupport/ore-SupportServer/oreServer/node_modules/express/lib/router/layer.js:95:5)
    at trim_prefix (/Users/teroron/Desktop/PBL/PBL2020/OreSupport/ore-SupportServer/oreServer/node_modules/express/lib/router/index.js:317:13)
    at /Users/teroron/Desktop/PBL/PBL2020/OreSupport/ore-SupportServer/oreServer/node_modules/express/lib/router/index.js:284:7
    at Function.process_params (/Users/teroron/Desktop/PBL/PBL2020/OreSupport/ore-SupportServer/oreServer/node_modules/express/lib/router/index.js:335:12)
    at next (/Users/teroron/Desktop/PBL/PBL2020/OreSupport/ore-SupportServer/oreServer/node_modules/express/lib/router/index.js:275:10)
    at /Users/teroron/Desktop/PBL/PBL2020/OreSupport/ore-SupportServer/oreServer/node_modules/express/node_modules/body-parser/lib/read.js:130:5
    at invokeCallback (/Users/teroron/Desktop/PBL/PBL2020/OreSupport/ore-SupportServer/oreServer/node_modules/express/node_modules/raw-body/index.js:224:16)
    at done (/Users/teroron/Desktop/PBL/PBL2020/OreSupport/ore-SupportServer/oreServer/node_modules/express/node_modules/raw-body/index.js:213:7)
    at IncomingMessage.onEnd (/Users/teroron/Desktop/PBL/PBL2020/OreSupport/ore-SupportServer/oreServer/node_modules/express/node_modules/raw-body/index.js:273:7)
    at IncomingMessage.emit (events.js:323:22)
    at endReadableNT (_stream_readable.js:1204:12)
    at processTicksAndRejections (internal/process/task_queues.js:84:21)
 {
  message: 'Not Found'
}
[2020-11-15T13:59:25.129] [INFO] startup - Listening on port 3000
